{"meta": {"format": 3, "version": "7.13.5", "timestamp": "2026-04-20T17:12:07.253166", "branch_coverage": false, "show_contexts": false}, "files": {"src/alfred/__init__.py": {"executed_lines": [], "summary": {"covered_lines": 0, "num_statements": 0, "percent_covered": 100.0, "percent_covered_display": "100", "missing_lines": 0, "excluded_lines": 0, "percent_statements_covered": 100.0, "percent_statements_covered_display": "100"}, "missing_lines": [], "excluded_lines": [], "functions": {"": {"executed_lines": [], "summary": {"covered_lines": 0, "num_statements": 0, "percent_covered": 100.0, "percent_covered_display": "100", "missing_lines": 0, "excluded_lines": 0, "percent_statements_covered": 100.0, "percent_statements_covered_display": "100"}, "missing_lines": [], "excluded_lines": [], "start_line": 1}}, "classes": {"": {"executed_lines": [], "summary": {"covered_lines": 0, "num_statements": 0, "percent_covered": 100.0, "percent_covered_display": "100", "missing_lines": 0, "excluded_lines": 0, "percent_statements_covered": 100.0, "percent_statements_covered_display": "100"}, "missing_lines": [], "excluded_lines": [], "start_line": 1}}}, "src/alfred/agents/__init__.py": {"executed_lines": [], "summary": {"covered_lines": 0, "num_statements": 0, "percent_covered": 100.0, "percent_covered_display": "100", "missing_lines": 0, "excluded_lines": 0, "percent_statements_covered": 100.0, "percent_statements_covered_display": "100"}, "missing_lines": [], "excluded_lines": [], "functions": {"": {"executed_lines": [], "summary": {"covered_lines": 0, "num_statements": 0, "percent_covered": 100.0, "percent_covered_display": "100", "missing_lines": 0, "excluded_lines": 0, "percent_statements_covered": 100.0, "percent_statements_covered_display": "100"}, "missing_lines": [], "excluded_lines": [], "start_line": 1}}, "classes": {"": {"executed_lines": [], "summary": {"covered_lines": 0, "num_statements": 0, "percent_covered": 100.0, "percent_covered_display": "100", "missing_lines": 0, "excluded_lines": 0, "percent_statements_covered": 100.0, "percent_statements_covered_display": "100"}, "missing_lines": [], "excluded_lines": [], "start_line": 1}}}, "src/alfred/agents/compiler.py": {"executed_lines": [10, 12, 14, 15, 18, 19, 21, 23, 50, 58, 59, 66, 67, 71], "summary": {"covered_lines": 14, "num_statements": 14, "percent_covered": 100.0, "percent_covered_display": "100", "missing_lines": 0, "excluded_lines": 0, "percent_statements_covered": 100.0, "percent_statements_covered_display": "100"}, "missing_lines": [], "excluded_lines": [], "functions": {"_build_prompt": {"executed_lines": [19, 21, 23], "summary": {"covered_lines": 3, "num_statements": 3, "percent_covered": 100.0, "percent_covered_display": "100", "missing_lines": 0, "excluded_lines": 0, "percent_statements_covered": 100.0, "percent_statements_covered_display": "100"}, "missing_lines": [], "excluded_lines": [], "start_line": 18}, "run_compiler": {"executed_lines": [58, 59, 66, 67, 71], "summary": {"covered_lines": 5, "num_statements": 5, "percent_covered": 100.0, "percent_covered_display": "100", "missing_lines": 0, "excluded_lines": 0, "percent_statements_covered": 100.0, "percent_statements_covered_display": "100"}, "missing_lines": [], "excluded_lines": [], "start_line": 50}, "": {"executed_lines": [10, 12, 14, 15, 18, 50], "summary": {"covered_lines": 6, "num_statements": 6, "percent_covered": 100.0, "percent_covered_display": "100", "missing_lines": 0, "excluded_lines": 0, "percent_statements_covered": 100.0, "percent_statements_covered_display": "100"}, "missing_lines": [], "excluded_lines": [], "start_line": 1}}, "classes": {"": {"executed_lines": [10, 12, 14, 15, 18, 19, 21, 23, 50, 58, 59, 66, 67, 71], "summary": {"covered_lines": 14, "num_statements": 14, "percent_covered": 100.0, "percent_covered_display": "100", "missing_lines": 0, "excluded_lines": 0, "percent_statements_covered": 100.0, "percent_statements_covered_display": "100"}, "missing_lines": [], "excluded_lines": [], "start_line": 1}}}, "src/alfred/agents/planner.py": {"executed_lines": [13, 15, 16, 18, 19, 23, 26, 34, 35, 36, 37, 38, 39, 40, 41, 42, 45, 48, 49, 51, 63, 64, 65, 66, 67, 68, 69, 70, 71, 73, 75, 82, 83, 84, 85, 89, 91, 92, 93, 94, 95, 97, 100, 101, 103, 113, 114, 115, 126, 127, 135, 152, 163, 166, 174, 175], "summary": {"covered_lines": 56, "num_statements": 62, "percent_covered": 90.3225806451613, "percent_covered_display": "90", "missing_lines": 6, "excluded_lines": 0, "percent_statements_covered": 90.3225806451613, "percent_statements_covered_display": "90"}, "missing_lines": [43, 44, 98, 104, 105, 106], "excluded_lines": [], "functions": {"load_canonical_template": {"executed_lines": [34, 35, 36, 37, 38, 39, 40, 41, 42, 45], "summary": {"covered_lines": 10, "num_statements": 12, "percent_covered": 83.33333333333333, "percent_covered_display": "83", "missing_lines": 2, "excluded_lines": 0, "percent_statements_covered": 83.33333333333333, "percent_statements_covered_display": "83"}, "missing_lines": [43, 44], "excluded_lines": [], "start_line": 26}, "_build_prompt": {"executed_lines": [49, 51, 63, 64, 65, 66, 67, 68, 69, 70, 71, 73, 75, 82, 83, 84, 85, 89, 91, 92, 93, 94, 95, 97, 100, 101, 103, 113, 114, 115, 126, 127, 135, 152, 163], "summary": {"covered_lines": 35, "num_statements": 39, "percent_covered": 89.74358974358974, "percent_covered_display": "90", "missing_lines": 4, "excluded_lines": 0, "percent_statements_covered": 89.74358974358974, "percent_statements_covered_display": "90"}, "missing_lines": [98, 104, 105, 106], "excluded_lines": [], "start_line": 48}, "run_planner": {"executed_lines": [174, 175], "summary": {"covered_lines": 2, "num_statements": 2, "percent_covered": 100.0, "percent_covered_display": "100", "missing_lines": 0, "excluded_lines": 0, "percent_statements_covered": 100.0, "percent_statements_covered_display": "100"}, "missing_lines": [], "excluded_lines": [], "start_line": 166}, "": {"executed_lines": [13, 15, 16, 18, 19, 23, 26, 48, 166], "summary": {"covered_lines": 9, "num_statements": 9, "percent_covered": 100.0, "percent_covered_display": "100", "missing_lines": 0, "excluded_lines": 0, "percent_statements_covered": 100.0, "percent_statements_covered_display": "100"}, "missing_lines": [], "excluded_lines": [], "start_line": 1}}, "classes": {"": {"executed_lines": [13, 15, 16, 18, 19, 23, 26, 34, 35, 36, 37, 38, 39, 40, 41, 42, 45, 48, 49, 51, 63, 64, 65, 66, 67, 68, 69, 70, 71, 73, 75, 82, 83, 84, 85, 89, 91, 92, 93, 94, 95, 97, 100, 101, 103, 113, 114, 115, 126, 127, 135, 152, 163, 166, 174, 175], "summary": {"covered_lines": 56, "num_statements": 62, "percent_covered": 90.3225806451613, "percent_covered_display": "90", "missing_lines": 6, "excluded_lines": 0, "percent_statements_covered": 90.3225806451613, "percent_statements_covered_display": "90"}, "missing_lines": [43, 44, 98, 104, 105, 106], "excluded_lines": [], "start_line": 1}}}, "src/alfred/agents/quality_judge.py": {"executed_lines": [20, 22, 23, 25, 27, 33, 35, 42, 45, 46, 49, 50, 51, 54, 55, 56, 64, 69, 70, 71, 72, 73, 81, 88, 97, 100, 108, 116, 117, 118, 119, 121, 122, 124, 137, 146, 148, 149, 160, 163, 165, 166, 175, 176, 177, 186, 194, 209, 211, 214, 215, 216, 217, 224, 225, 226, 227, 228, 237, 238, 242, 245, 249, 250, 251, 252, 253, 254, 258, 259, 260, 261, 263], "summary": {"covered_lines": 73, "num_statements": 75, "percent_covered": 97.33333333333333, "percent_covered_display": "97", "missing_lines": 2, "excluded_lines": 1, "percent_statements_covered": 97.33333333333333, "percent_statements_covered_display": "97"}, "missing_lines": [89, 212], "excluded_lines": [1], "functions": {"_parse_decision_table": {"executed_lines": [69, 70, 71, 72, 73], "summary": {"covered_lines": 5, "num_statements": 5, "percent_covered": 100.0, "percent_covered_display": "100", "missing_lines": 0, "excluded_lines": 0, "percent_statements_covered": 100.0, "percent_statements_covered_display": "100"}, "missing_lines": [], "excluded_lines": [], "start_line": 64}, "_evaluate_checkpoint": {"executed_lines": [88, 97, 100, 108, 116, 117, 118, 119, 121, 122, 124], "summary": {"covered_lines": 11, "num_statements": 12, "percent_covered": 91.66666666666667, "percent_covered_display": "92", "missing_lines": 1, "excluded_lines": 0, "percent_statements_covered": 91.66666666666667, "percent_statements_covered_display": "92"}, "missing_lines": [89], "excluded_lines": [], "start_line": 81}, "_check_methodology_compliance": {"executed_lines": [148, 149], "summary": {"covered_lines": 2, "num_statements": 2, "percent_covered": 100.0, "percent_covered_display": "100", "missing_lines": 0, "excluded_lines": 0, "percent_statements_covered": 100.0, "percent_statements_covered_display": "100"}, "missing_lines": [], "excluded_lines": [], "start_line": 146}, "_find_validation_issues": {"executed_lines": [163, 165, 166, 175, 176, 177, 186], "summary": {"covered_lines": 7, "num_statements": 7, "percent_covered": 100.0, "percent_covered_display": "100", "missing_lines": 0, "excluded_lines": 0, "percent_statements_covered": 100.0, "percent_statements_covered_display": "100"}, "missing_lines": [], "excluded_lines": [], "start_line": 160}, "run_quality_judge": {"executed_lines": [209, 211, 214, 215, 216, 217, 224, 225, 226, 227, 228, 237, 238, 242, 245, 249, 250, 251, 252, 253, 254, 258, 259, 260, 261, 263], "summary": {"covered_lines": 26, "num_statements": 27, "percent_covered": 96.29629629629629, "percent_covered_display": "96", "missing_lines": 1, "excluded_lines": 0, "percent_statements_covered": 96.29629629629629, "percent_statements_covered_display": "96"}, "missing_lines": [212], "excluded_lines": [], "start_line": 194}, "": {"executed_lines": [20, 22, 23, 25, 27, 33, 35, 42, 45, 46, 49, 50, 51, 54, 55, 56, 64, 81, 137, 146, 160, 194], "summary": {"covered_lines": 22, "num_statements": 22, "percent_covered": 100.0, "percent_covered_display": "100", "missing_lines": 0, "excluded_lines": 1, "percent_statements_covered": 100.0, "percent_statements_covered_display": "100"}, "missing_lines": [], "excluded_lines": [1], "start_line": 1}}, "classes": {"_ObservationMatch": {"executed_lines": [], "summary": {"covered_lines": 0, "num_statements": 0, "percent_covered": 100.0, "percent_covered_display": "100", "missing_lines": 0, "excluded_lines": 0, "percent_statements_covered": 100.0, "percent_statements_covered_display": "100"}, "missing_lines": [], "excluded_lines": [], "start_line": 42}, "_DecisionRow": {"executed_lines": [], "summary": {"covered_lines": 0, "num_statements": 0, "percent_covered": 100.0, "percent_covered_display": "100", "missing_lines": 0, "excluded_lines": 0, "percent_statements_covered": 100.0, "percent_statements_covered_display": "100"}, "missing_lines": [], "excluded_lines": [], "start_line": 49}, "_DecisionTable": {"executed_lines": [], "summary": {"covered_lines": 0, "num_statements": 0, "percent_covered": 100.0, "percent_covered_display": "100", "missing_lines": 0, "excluded_lines": 0, "percent_statements_covered": 100.0, "percent_statements_covered_display": "100"}, "missing_lines": [], "excluded_lines": [], "start_line": 54}, "": {"executed_lines": [20, 22, 23, 25, 27, 33, 35, 42, 45, 46, 49, 50, 51, 54, 55, 56, 64, 69, 70, 71, 72, 73, 81, 88, 97, 100, 108, 116, 117, 118, 119, 121, 122, 124, 137, 146, 148, 149, 160, 163, 165, 166, 175, 176, 177, 186, 194, 209, 211, 214, 215, 216, 217, 224, 225, 226, 227, 228, 237, 238, 242, 245, 249, 250, 251, 252, 253, 254, 258, 259, 260, 261, 263], "summary": {"covered_lines": 73, "num_statements": 75, "percent_covered": 97.33333333333333, "percent_covered_display": "97", "missing_lines": 2, "excluded_lines": 1, "percent_statements_covered": 97.33333333333333, "percent_statements_covered_display": "97"}, "missing_lines": [89, 212], "excluded_lines": [1], "start_line": 1}}}, "src/alfred/agents/retro_analyst.py": {"executed_lines": [14, 16, 18, 23, 30, 31, 32, 38, 39, 40, 42, 43, 45, 46, 47, 48, 49, 50, 51, 52, 53, 55, 57, 69, 70, 72, 81, 82, 84, 85, 90, 92, 97, 98, 99, 100, 101, 103, 113, 121, 129, 130, 132, 140], "summary": {"covered_lines": 44, "num_statements": 47, "percent_covered": 93.61702127659575, "percent_covered_display": "94", "missing_lines": 3, "excluded_lines": 0, "percent_statements_covered": 93.61702127659575, "percent_statements_covered_display": "94"}, "missing_lines": [93, 94, 95], "excluded_lines": [], "functions": {"_compute_velocity_trend": {"executed_lines": [31, 32, 38, 39, 40, 42, 43, 45, 46, 47, 48, 49, 50, 51, 52, 53, 55, 57], "summary": {"covered_lines": 18, "num_statements": 18, "percent_covered": 100.0, "percent_covered_display": "100", "missing_lines": 0, "excluded_lines": 0, "percent_statements_covered": 100.0, "percent_statements_covered_display": "100"}, "missing_lines": [], "excluded_lines": [], "start_line": 30}, "_build_prompt": {"executed_lines": [70, 72, 81, 82, 84, 85, 90, 92, 97, 98, 99, 100, 101, 103, 113], "summary": {"covered_lines": 15, "num_statements": 18, "percent_covered": 83.33333333333333, "percent_covered_display": "83", "missing_lines": 3, "excluded_lines": 0, "percent_statements_covered": 83.33333333333333, "percent_statements_covered_display": "83"}, "missing_lines": [93, 94, 95], "excluded_lines": [], "start_line": 69}, "run_retro_analyst": {"executed_lines": [129, 130, 132, 140], "summary": {"covered_lines": 4, "num_statements": 4, "percent_covered": 100.0, "percent_covered_display": "100", "missing_lines": 0, "excluded_lines": 0, "percent_statements_covered": 100.0, "percent_statements_covered_display": "100"}, "missing_lines": [], "excluded_lines": [], "start_line": 121}, "": {"executed_lines": [14, 16, 18, 23, 30, 69, 121], "summary": {"covered_lines": 7, "num_statements": 7, "percent_covered": 100.0, "percent_covered_display": "100", "missing_lines": 0, "excluded_lines": 0, "percent_statements_covered": 100.0, "percent_statements_covered_display": "100"}, "missing_lines": [], "excluded_lines": [], "start_line": 1}}, "classes": {"": {"executed_lines": [14, 16, 18, 23, 30, 31, 32, 38, 39, 40, 42, 43, 45, 46, 47, 48, 49, 50, 51, 52, 53, 55, 57, 69, 70, 72, 81, 82, 84, 85, 90, 92, 97, 98, 99, 100, 101, 103, 113, 121, 129, 130, 132, 140], "summary": {"covered_lines": 44, "num_statements": 47, "percent_covered": 93.61702127659575, "percent_covered_display": "94", "missing_lines": 3, "excluded_lines": 0, "percent_statements_covered": 93.61702127659575, "percent_statements_covered_display": "94"}, "missing_lines": [93, 94, 95], "excluded_lines": [], "start_line": 1}}}, "src/alfred/agents/story_generator.py": {"executed_lines": [12, 14, 16, 22, 25, 26, 28, 39, 40, 41, 48, 49, 50, 51, 52, 54, 55, 56, 57, 58, 60, 61, 63, 69, 72, 74, 75, 79, 80, 81, 84, 92, 93, 101, 102, 104, 105, 106, 107, 109, 111], "summary": {"covered_lines": 41, "num_statements": 41, "percent_covered": 100.0, "percent_covered_display": "100", "missing_lines": 0, "excluded_lines": 0, "percent_statements_covered": 100.0, "percent_statements_covered_display": "100"}, "missing_lines": [], "excluded_lines": [], "functions": {"_build_prompt": {"executed_lines": [26, 28, 39, 40, 41, 48, 49, 50, 51, 52, 54, 55, 56, 57, 58, 60, 61, 63, 69], "summary": {"covered_lines": 19, "num_statements": 19, "percent_covered": 100.0, "percent_covered_display": "100", "missing_lines": 0, "excluded_lines": 0, "percent_statements_covered": 100.0, "percent_statements_covered_display": "100"}, "missing_lines": [], "excluded_lines": [], "start_line": 25}, "_apply_rubric": {"executed_lines": [74, 75, 79, 80, 81], "summary": {"covered_lines": 5, "num_statements": 5, "percent_covered": 100.0, "percent_covered_display": "100", "missing_lines": 0, "excluded_lines": 0, "percent_statements_covered": 100.0, "percent_statements_covered_display": "100"}, "missing_lines": [], "excluded_lines": [], "start_line": 72}, "run_story_generator": {"executed_lines": [92, 93, 101, 102, 104, 105, 106, 107, 109, 111], "summary": {"covered_lines": 10, "num_statements": 10, "percent_covered": 100.0, "percent_covered_display": "100", "missing_lines": 0, "excluded_lines": 0, "percent_statements_covered": 100.0, "percent_statements_covered_display": "100"}, "missing_lines": [], "excluded_lines": [], "start_line": 84}, "": {"executed_lines": [12, 14, 16, 22, 25, 72, 84], "summary": {"covered_lines": 7, "num_statements": 7, "percent_covered": 100.0, "percent_covered_display": "100", "missing_lines": 0, "excluded_lines": 0, "percent_statements_covered": 100.0, "percent_statements_covered_display": "100"}, "missing_lines": [], "excluded_lines": [], "start_line": 1}}, "classes": {"": {"executed_lines": [12, 14, 16, 22, 25, 26, 28, 39, 40, 41, 48, 49, 50, 51, 52, 54, 55, 56, 57, 58, 60, 61, 63, 69, 72, 74, 75, 79, 80, 81, 84, 92, 93, 101, 102, 104, 105, 106, 107, 109, 111], "summary": {"covered_lines": 41, "num_statements": 41, "percent_covered": 100.0, "percent_covered_display": "100", "missing_lines": 0, "excluded_lines": 0, "percent_statements_covered": 100.0, "percent_statements_covered_display": "100"}, "missing_lines": [], "excluded_lines": [], "start_line": 1}}}, "src/alfred/api.py": {"executed_lines": [9, 11, 12, 14, 15, 16, 18, 29, 30, 32, 39, 42, 52, 54, 56, 59, 62, 70, 71, 72, 75, 76, 77, 78, 81, 82, 83, 84, 87, 88, 89, 90, 91, 92, 95, 96, 97, 98, 101, 102, 103, 104, 105, 106, 107, 108, 109, 112, 113, 114, 117, 118, 119, 122, 123, 124, 127, 128, 129, 130, 131, 134, 135, 136, 137, 140, 141, 142, 143, 146, 147, 155, 156, 157, 165, 166, 167, 168, 169, 170, 173, 174, 175, 188, 189, 191, 193, 194, 195, 197, 198, 199, 200, 201, 202, 203, 205, 207, 208, 224, 231, 238, 245, 246, 248, 249, 251, 252, 257, 258, 265, 268, 269, 278, 279, 281, 283, 285, 286, 287, 290, 291, 300, 301, 304, 310, 311, 313, 315, 316, 317, 320, 321, 322, 323, 324, 325, 327, 328, 330, 333, 334, 336, 338, 339, 340, 343, 346, 347, 349, 351, 352, 353, 356, 357, 358, 359, 360, 364, 367, 368, 370, 371, 373, 374, 375, 376, 378, 390, 391, 434, 435, 437, 439, 441, 442, 443, 445, 446, 447, 448, 449, 450, 451, 452, 456, 459, 460, 464], "summary": {"covered_lines": 189, "num_statements": 237, "percent_covered": 79.74683544303798, "percent_covered_display": "80", "missing_lines": 48, "excluded_lines": 0, "percent_statements_covered": 79.74683544303798, "percent_statements_covered_display": "80"}, "missing_lines": [43, 44, 45, 46, 47, 48, 49, 55, 158, 159, 160, 161, 162, 176, 177, 178, 179, 180, 266, 288, 302, 318, 329, 341, 354, 361, 362, 397, 399, 400, 401, 403, 404, 409, 411, 412, 418, 419, 421, 422, 423, 424, 425, 427, 457, 458, 461, 462], "excluded_lines": [], "functions": {"_load_default_config": {"executed_lines": [], "summary": {"covered_lines": 0, "num_statements": 7, "percent_covered": 0.0, "percent_covered_display": "0", "missing_lines": 7, "excluded_lines": 0, "percent_statements_covered": 0.0, "percent_statements_covered_display": "0"}, "missing_lines": [43, 44, 45, 46, 47, 48, 49], "excluded_lines": [], "start_line": 42}, "get_config": {"executed_lines": [54, 56], "summary": {"covered_lines": 2, "num_statements": 3, "percent_covered": 66.66666666666667, "percent_covered_display": "67", "missing_lines": 1, "excluded_lines": 0, "percent_statements_covered": 66.66666666666667, "percent_statements_covered_display": "67"}, "missing_lines": [55], "excluded_lines": [], "start_line": 52}, "set_config": {"executed_lines": [62], "summary": {"covered_lines": 1, "num_statements": 1, "percent_covered": 100.0, "percent_covered_display": "100", "missing_lines": 0, "excluded_lines": 0, "percent_statements_covered": 100.0, "percent_statements_covered_display": "100"}, "missing_lines": [], "excluded_lines": [], "start_line": 59}, "_get_board": {"executed_lines": [156, 157], "summary": {"covered_lines": 2, "num_statements": 7, "percent_covered": 28.571428571428573, "percent_covered_display": "29", "missing_lines": 5, "excluded_lines": 0, "percent_statements_covered": 28.571428571428573, "percent_statements_covered_display": "29"}, "missing_lines": [158, 159, 160, 161, 162], "excluded_lines": [], "start_line": 155}, "_get_velocity": {"executed_lines": [166, 167, 168, 169, 170], "summary": {"covered_lines": 5, "num_statements": 5, "percent_covered": 100.0, "percent_covered_display": "100", "missing_lines": 0, "excluded_lines": 0, "percent_statements_covered": 100.0, "percent_statements_covered_display": "100"}, "missing_lines": [], "excluded_lines": [], "start_line": 165}, "_get_rag_chunks": {"executed_lines": [174, 175], "summary": {"covered_lines": 2, "num_statements": 7, "percent_covered": 28.571428571428573, "percent_covered_display": "29", "missing_lines": 5, "excluded_lines": 0, "percent_statements_covered": 28.571428571428573, "percent_statements_covered_display": "29"}, "missing_lines": [176, 177, 178, 179, 180], "excluded_lines": [], "start_line": 173}, "generate": {"executed_lines": [191, 193, 194, 195, 197, 198, 199, 200, 201, 202, 203, 205, 207, 208, 224, 231, 238], "summary": {"covered_lines": 17, "num_statements": 17, "percent_covered": 100.0, "percent_covered_display": "100", "missing_lines": 0, "excluded_lines": 0, "percent_statements_covered": 100.0, "percent_statements_covered_display": "100"}, "missing_lines": [], "excluded_lines": [], "start_line": 189}, "evaluate": {"executed_lines": [248, 249, 251, 252, 257, 258, 265, 268, 269], "summary": {"covered_lines": 9, "num_statements": 10, "percent_covered": 90.0, "percent_covered_display": "90", "missing_lines": 1, "excluded_lines": 0, "percent_statements_covered": 90.0, "percent_statements_covered_display": "90"}, "missing_lines": [266], "excluded_lines": [], "start_line": 246}, "request_approval": {"executed_lines": [281, 283, 285, 286, 287, 290, 291, 300, 301, 304], "summary": {"covered_lines": 10, "num_statements": 12, "percent_covered": 83.33333333333333, "percent_covered_display": "83", "missing_lines": 2, "excluded_lines": 0, "percent_statements_covered": 83.33333333333333, "percent_statements_covered_display": "83"}, "missing_lines": [288, 302], "excluded_lines": [], "start_line": 279}, "approve": {"executed_lines": [313, 315, 316, 317, 320, 321, 322, 323, 324, 325, 327, 328, 330], "summary": {"covered_lines": 13, "num_statements": 15, "percent_covered": 86.66666666666667, "percent_covered_display": "87", "missing_lines": 2, "excluded_lines": 0, "percent_statements_covered": 86.66666666666667, "percent_statements_covered_display": "87"}, "missing_lines": [318, 329], "excluded_lines": [], "start_line": 311}, "list_pending_approvals": {"executed_lines": [336, 338, 339, 340, 343], "summary": {"covered_lines": 5, "num_statements": 6, "percent_covered": 83.33333333333333, "percent_covered_display": "83", "missing_lines": 1, "excluded_lines": 0, "percent_statements_covered": 83.33333333333333, "percent_statements_covered_display": "83"}, "missing_lines": [341], "excluded_lines": [], "start_line": 334}, "expire_approvals": {"executed_lines": [349, 351, 352, 353, 356, 357, 358, 359, 360, 364], "summary": {"covered_lines": 10, "num_statements": 13, "percent_covered": 76.92307692307692, "percent_covered_display": "77", "missing_lines": 3, "excluded_lines": 0, "percent_statements_covered": 76.92307692307692, "percent_statements_covered_display": "77"}, "missing_lines": [354, 361, 362], "excluded_lines": [], "start_line": 347}, "retrospective": {"executed_lines": [370, 371, 373, 374, 375, 376, 378], "summary": {"covered_lines": 7, "num_statements": 7, "percent_covered": 100.0, "percent_covered_display": "100", "missing_lines": 0, "excluded_lines": 0, "percent_statements_covered": 100.0, "percent_statements_covered_display": "100"}, "missing_lines": [], "excluded_lines": [], "start_line": 368}, "compile_handover": {"executed_lines": [], "summary": {"covered_lines": 0, "num_statements": 17, "percent_covered": 0.0, "percent_covered_display": "0", "missing_lines": 17, "excluded_lines": 0, "percent_statements_covered": 0.0, "percent_statements_covered_display": "0"}, "missing_lines": [397, 399, 400, 401, 403, 404, 409, 411, 412, 418, 419, 421, 422, 423, 424, 425, 427], "excluded_lines": [], "start_line": 391}, "dashboard": {"executed_lines": [437, 439, 441, 442, 443, 445, 446, 447, 448, 449, 450, 451, 452, 456, 459, 460, 464], "summary": {"covered_lines": 17, "num_statements": 21, "percent_covered": 80.95238095238095, "percent_covered_display": "81", "missing_lines": 4, "excluded_lines": 0, "percent_statements_covered": 80.95238095238095, "percent_statements_covered_display": "81"}, "missing_lines": [457, 458, 461, 462], "excluded_lines": [], "start_line": 435}, "": {"executed_lines": [9, 11, 12, 14, 15, 16, 18, 29, 30, 32, 39, 42, 52, 59, 70, 71, 72, 75, 76, 77, 78, 81, 82, 83, 84, 87, 88, 89, 90, 91, 92, 95, 96, 97, 98, 101, 102, 103, 104, 105, 106, 107, 108, 109, 112, 113, 114, 117, 118, 119, 122, 123, 124, 127, 128, 129, 130, 131, 134, 135, 136, 137, 140, 141, 142, 143, 146, 147, 155, 165, 173, 188, 189, 245, 246, 278, 279, 310, 311, 333, 334, 346, 347, 367, 368, 390, 391, 434, 435], "summary": {"covered_lines": 89, "num_statements": 89, "percent_covered": 100.0, "percent_covered_display": "100", "missing_lines": 0, "excluded_lines": 0, "percent_statements_covered": 100.0, "percent_statements_covered_display": "100"}, "missing_lines": [], "excluded_lines": [], "start_line": 1}}, "classes": {"GenerateRequest": {"executed_lines": [], "summary": {"covered_lines": 0, "num_statements": 0, "percent_covered": 100.0, "percent_covered_display": "100", "missing_lines": 0, "excluded_lines": 0, "percent_statements_covered": 100.0, "percent_statements_covered_display": "100"}, "missing_lines": [], "excluded_lines": [], "start_line": 70}, "GenerateResponse": {"executed_lines": [], "summary": {"covered_lines": 0, "num_statements": 0, "percent_covered": 100.0, "percent_covered_display": "100", "missing_lines": 0, "excluded_lines": 0, "percent_statements_covered": 100.0, "percent_statements_covered_display": "100"}, "missing_lines": [], "excluded_lines": [], "start_line": 75}, "EvaluateRequest": {"executed_lines": [], "summary": {"covered_lines": 0, "num_statements": 0, "percent_covered": 100.0, "percent_covered_display": "100", "missing_lines": 0, "excluded_lines": 0, "percent_statements_covered": 100.0, "percent_statements_covered_display": "100"}, "missing_lines": [], "excluded_lines": [], "start_line": 81}, "EvaluateResponse": {"executed_lines": [], "summary": {"covered_lines": 0, "num_statements": 0, "percent_covered": 100.0, "percent_covered_display": "100", "missing_lines": 0, "excluded_lines": 0, "percent_statements_covered": 100.0, "percent_statements_covered_display": "100"}, "missing_lines": [], "excluded_lines": [], "start_line": 87}, "ApprovalRequestCreate": {"executed_lines": [], "summary": {"covered_lines": 0, "num_statements": 0, "percent_covered": 100.0, "percent_covered_display": "100", "missing_lines": 0, "excluded_lines": 0, "percent_statements_covered": 100.0, "percent_statements_covered_display": "100"}, "missing_lines": [], "excluded_lines": [], "start_line": 95}, "ApprovalRecord": {"executed_lines": [], "summary": {"covered_lines": 0, "num_statements": 0, "percent_covered": 100.0, "percent_covered_display": "100", "missing_lines": 0, "excluded_lines": 0, "percent_statements_covered": 100.0, "percent_statements_covered_display": "100"}, "missing_lines": [], "excluded_lines": [], "start_line": 101}, "ApprovalRequestResponse": {"executed_lines": [], "summary": {"covered_lines": 0, "num_statements": 0, "percent_covered": 100.0, "percent_covered_display": "100", "missing_lines": 0, "excluded_lines": 0, "percent_statements_covered": 100.0, "percent_statements_covered_display": "100"}, "missing_lines": [], "excluded_lines": [], "start_line": 112}, "ApproveRequest": {"executed_lines": [], "summary": {"covered_lines": 0, "num_statements": 0, "percent_covered": 100.0, "percent_covered_display": "100", "missing_lines": 0, "excluded_lines": 0, "percent_statements_covered": 100.0, "percent_statements_covered_display": "100"}, "missing_lines": [], "excluded_lines": [], "start_line": 117}, "RetrospectiveRequest": {"executed_lines": [], "summary": {"covered_lines": 0, "num_statements": 0, "percent_covered": 100.0, "percent_covered_display": "100", "missing_lines": 0, "excluded_lines": 0, "percent_statements_covered": 100.0, "percent_statements_covered_display": "100"}, "missing_lines": [], "excluded_lines": [], "start_line": 122}, "DashboardResponse": {"executed_lines": [], "summary": {"covered_lines": 0, "num_statements": 0, "percent_covered": 100.0, "percent_covered_display": "100", "missing_lines": 0, "excluded_lines": 0, "percent_statements_covered": 100.0, "percent_statements_covered_display": "100"}, "missing_lines": [], "excluded_lines": [], "start_line": 127}, "CompileRequest": {"executed_lines": [], "summary": {"covered_lines": 0, "num_statements": 0, "percent_covered": 100.0, "percent_covered_display": "100", "missing_lines": 0, "excluded_lines": 0, "percent_statements_covered": 100.0, "percent_statements_covered_display": "100"}, "missing_lines": [], "excluded_lines": [], "start_line": 134}, "CompileResponse": {"executed_lines": [], "summary": {"covered_lines": 0, "num_statements": 0, "percent_covered": 100.0, "percent_covered_display": "100", "missing_lines": 0, "excluded_lines": 0, "percent_statements_covered": 100.0, "percent_statements_covered_display": "100"}, "missing_lines": [], "excluded_lines": [], "start_line": 140}, "ExpireApprovalsResponse": {"executed_lines": [], "summary": {"covered_lines": 0, "num_statements": 0, "percent_covered": 100.0, "percent_covered_display": "100", "missing_lines": 0, "excluded_lines": 0, "percent_statements_covered": 100.0, "percent_statements_covered_display": "100"}, "missing_lines": [], "excluded_lines": [], "start_line": 146}, "": {"executed_lines": [9, 11, 12, 14, 15, 16, 18, 29, 30, 32, 39, 42, 52, 54, 56, 59, 62, 70, 71, 72, 75, 76, 77, 78, 81, 82, 83, 84, 87, 88, 89, 90, 91, 92, 95, 96, 97, 98, 101, 102, 103, 104, 105, 106, 107, 108, 109, 112, 113, 114, 117, 118, 119, 122, 123, 124, 127, 128, 129, 130, 131, 134, 135, 136, 137, 140, 141, 142, 143, 146, 147, 155, 156, 157, 165, 166, 167, 168, 169, 170, 173, 174, 175, 188, 189, 191, 193, 194, 195, 197, 198, 199, 200, 201, 202, 203, 205, 207, 208, 224, 231, 238, 245, 246, 248, 249, 251, 252, 257, 258, 265, 268, 269, 278, 279, 281, 283, 285, 286, 287, 290, 291, 300, 301, 304, 310, 311, 313, 315, 316, 317, 320, 321, 322, 323, 324, 325, 327, 328, 330, 333, 334, 336, 338, 339, 340, 343, 346, 347, 349, 351, 352, 353, 356, 357, 358, 359, 360, 364, 367, 368, 370, 371, 373, 374, 375, 376, 378, 390, 391, 434, 435, 437, 439, 441, 442, 443, 445, 446, 447, 448, 449, 450, 451, 452, 456, 459, 460, 464], "summary": {"covered_lines": 189, "num_statements": 237, "percent_covered": 79.74683544303798, "percent_covered_display": "80", "missing_lines": 48, "excluded_lines": 0, "percent_statements_covered": 79.74683544303798, "percent_statements_covered_display": "80"}, "missing_lines": [43, 44, 45, 46, 47, 48, 49, 55, 158, 159, 160, 161, 162, 176, 177, 178, 179, 180, 266, 288, 302, 318, 329, 341, 354, 361, 362, 397, 399, 400, 401, 403, 404, 409, 411, 412, 418, 419, 421, 422, 423, 424, 425, 427, 457, 458, 461, 462], "excluded_lines": [], "start_line": 1}}}, "src/alfred/orchestrator.py": {"executed_lines": [17, 19, 20, 21, 22, 24, 34, 35, 36, 45, 49, 57, 59, 62, 64, 65, 66, 67, 69, 91, 114, 131, 132, 133, 136, 138, 146, 147, 148, 156, 157, 158, 160, 161, 164, 165, 167, 168, 169, 179, 180, 184, 192, 199, 200, 202, 203, 204, 205, 209, 211, 212, 215, 222, 223, 224, 226, 227, 228, 234, 235, 236, 238, 239, 244, 245, 252, 253, 254, 255, 256, 258, 259, 265, 266, 280, 283, 290, 291, 293, 294, 295, 296, 298, 299, 300, 305, 310, 311, 323, 335, 337, 338, 339, 340, 342, 343, 344, 346, 347, 351, 352, 354, 355, 356, 358, 360, 364, 365, 373, 374, 376, 377, 378, 381, 382, 385, 386, 392, 394, 395, 396, 397, 398, 411, 413, 421, 438, 439, 440, 442, 443, 445], "summary": {"covered_lines": 133, "num_statements": 168, "percent_covered": 79.16666666666667, "percent_covered_display": "79", "missing_lines": 35, "excluded_lines": 0, "percent_statements_covered": 79.16666666666667, "percent_statements_covered_display": "79"}, "missing_lines": [75, 76, 77, 78, 84, 85, 86, 97, 98, 99, 109, 110, 111, 112, 120, 121, 122, 127, 128, 129, 149, 150, 151, 152, 153, 159, 166, 170, 171, 267, 268, 269, 270, 277, 278], "excluded_lines": [], "functions": {"_register_runners": {"executed_lines": [64, 65, 66, 67, 69, 91, 114, 131, 132, 133], "summary": {"covered_lines": 10, "num_statements": 10, "percent_covered": 100.0, "percent_covered_display": "100", "missing_lines": 0, "excluded_lines": 0, "percent_statements_covered": 100.0, "percent_statements_covered_display": "100"}, "missing_lines": [], "excluded_lines": [], "start_line": 62}, "_register_runners._planner_runner": {"executed_lines": [], "summary": {"covered_lines": 0, "num_statements": 7, "percent_covered": 0.0, "percent_covered_display": "0", "missing_lines": 7, "excluded_lines": 0, "percent_statements_covered": 0.0, "percent_statements_covered_display": "0"}, "missing_lines": [75, 76, 77, 78, 84, 85, 86], "excluded_lines": [], "start_line": 69}, "_register_runners._story_runner": {"executed_lines": [], "summary": {"covered_lines": 0, "num_statements": 7, "percent_covered": 0.0, "percent_covered_display": "0", "missing_lines": 7, "excluded_lines": 0, "percent_statements_covered": 0.0, "percent_statements_covered_display": "0"}, "missing_lines": [97, 98, 99, 109, 110, 111, 112], "excluded_lines": [], "start_line": 91}, "_register_runners._retro_runner": {"executed_lines": [], "summary": {"covered_lines": 0, "num_statements": 6, "percent_covered": 0.0, "percent_covered_display": "0", "missing_lines": 6, "excluded_lines": 0, "percent_statements_covered": 0.0, "percent_statements_covered_display": "0"}, "missing_lines": [120, 121, 122, 127, 128, 129], "excluded_lines": [], "start_line": 114}, "set_agent_runner": {"executed_lines": [138], "summary": {"covered_lines": 1, "num_statements": 1, "percent_covered": 100.0, "percent_covered_display": "100", "missing_lines": 0, "excluded_lines": 0, "percent_statements_covered": 100.0, "percent_statements_covered_display": "100"}, "missing_lines": [], "excluded_lines": [], "start_line": 136}, "_get_board_state": {"executed_lines": [147, 148], "summary": {"covered_lines": 2, "num_statements": 7, "percent_covered": 28.571428571428573, "percent_covered_display": "29", "missing_lines": 5, "excluded_lines": 0, "percent_statements_covered": 28.571428571428573, "percent_statements_covered_display": "29"}, "missing_lines": [149, 150, 151, 152, 153], "excluded_lines": [], "start_line": 146}, "_get_velocity_history": {"executed_lines": [157, 158, 160, 161], "summary": {"covered_lines": 4, "num_statements": 5, "percent_covered": 80.0, "percent_covered_display": "80", "missing_lines": 1, "excluded_lines": 0, "percent_statements_covered": 80.0, "percent_statements_covered_display": "80"}, "missing_lines": [159], "excluded_lines": [], "start_line": 156}, "_retrieve_rag": {"executed_lines": [165, 167, 168, 169], "summary": {"covered_lines": 4, "num_statements": 7, "percent_covered": 57.142857142857146, "percent_covered_display": "57", "missing_lines": 3, "excluded_lines": 0, "percent_statements_covered": 57.142857142857146, "percent_statements_covered_display": "57"}, "missing_lines": [166, 170, 171], "excluded_lines": [], "start_line": 164}, "_checkpoint_to_definition": {"executed_lines": [180, 184], "summary": {"covered_lines": 2, "num_statements": 2, "percent_covered": 100.0, "percent_covered_display": "100", "missing_lines": 0, "excluded_lines": 0, "percent_statements_covered": 100.0, "percent_statements_covered_display": "100"}, "missing_lines": [], "excluded_lines": [], "start_line": 179}, "_dispatch_task": {"executed_lines": [199, 200, 202, 203, 204, 205, 209, 211, 212], "summary": {"covered_lines": 9, "num_statements": 9, "percent_covered": 100.0, "percent_covered_display": "100", "missing_lines": 0, "excluded_lines": 0, "percent_statements_covered": 100.0, "percent_statements_covered_display": "100"}, "missing_lines": [], "excluded_lines": [], "start_line": 192}, "_evaluate_task_checkpoints": {"executed_lines": [222, 223, 224, 226, 227, 228, 234, 235, 236, 238, 239, 244, 245, 252, 253, 254, 255, 256, 258, 259, 265, 266, 280], "summary": {"covered_lines": 23, "num_statements": 29, "percent_covered": 79.3103448275862, "percent_covered_display": "79", "missing_lines": 6, "excluded_lines": 0, "percent_statements_covered": 79.3103448275862, "percent_statements_covered_display": "79"}, "missing_lines": [267, 268, 269, 270, 277, 278], "excluded_lines": [], "start_line": 215}, "_route_on_verdict": {"executed_lines": [290, 291, 293, 294, 295, 296, 298, 299, 300, 305, 310, 311], "summary": {"covered_lines": 12, "num_statements": 12, "percent_covered": 100.0, "percent_covered_display": "100", "missing_lines": 0, "excluded_lines": 0, "percent_statements_covered": 100.0, "percent_statements_covered_display": "100"}, "missing_lines": [], "excluded_lines": [], "start_line": 283}, "_run_critique_loop": {"executed_lines": [335, 337, 338, 339, 340, 342, 343, 344, 346, 347, 351, 352, 354, 355, 356, 358, 360, 364, 365, 373, 374, 376, 377, 378, 381, 382, 385, 386, 392, 394, 395, 396, 397, 398, 411, 413], "summary": {"covered_lines": 36, "num_statements": 36, "percent_covered": 100.0, "percent_covered_display": "100", "missing_lines": 0, "excluded_lines": 0, "percent_statements_covered": 100.0, "percent_statements_covered_display": "100"}, "missing_lines": [], "excluded_lines": [], "start_line": 323}, "orchestrate": {"executed_lines": [438, 439, 440, 442, 443, 445], "summary": {"covered_lines": 6, "num_statements": 6, "percent_covered": 100.0, "percent_covered_display": "100", "missing_lines": 0, "excluded_lines": 0, "percent_statements_covered": 100.0, "percent_statements_covered_display": "100"}, "missing_lines": [], "excluded_lines": [], "start_line": 421}, "": {"executed_lines": [17, 19, 20, 21, 22, 24, 34, 35, 36, 45, 49, 57, 59, 62, 136, 146, 156, 164, 179, 192, 215, 283, 323, 421], "summary": {"covered_lines": 24, "num_statements": 24, "percent_covered": 100.0, "percent_covered_display": "100", "missing_lines": 0, "excluded_lines": 0, "percent_statements_covered": 100.0, "percent_statements_covered_display": "100"}, "missing_lines": [], "excluded_lines": [], "start_line": 1}}, "classes": {"CheckpointHalt": {"executed_lines": [], "summary": {"covered_lines": 0, "num_statements": 0, "percent_covered": 100.0, "percent_covered_display": "100", "missing_lines": 0, "excluded_lines": 0, "percent_statements_covered": 100.0, "percent_statements_covered_display": "100"}, "missing_lines": [], "excluded_lines": [], "start_line": 45}, "HumanEscalation": {"executed_lines": [], "summary": {"covered_lines": 0, "num_statements": 0, "percent_covered": 100.0, "percent_covered_display": "100", "missing_lines": 0, "excluded_lines": 0, "percent_statements_covered": 100.0, "percent_statements_covered_display": "100"}, "missing_lines": [], "excluded_lines": [], "start_line": 49}, "": {"executed_lines": [17, 19, 20, 21, 22, 24, 34, 35, 36, 45, 49, 57, 59, 62, 64, 65, 66, 67, 69, 91, 114, 131, 132, 133, 136, 138, 146, 147, 148, 156, 157, 158, 160, 161, 164, 165, 167, 168, 169, 179, 180, 184, 192, 199, 200, 202, 203, 204, 205, 209, 211, 212, 215, 222, 223, 224, 226, 227, 228, 234, 235, 236, 238, 239, 244, 245, 252, 253, 254, 255, 256, 258, 259, 265, 266, 280, 283, 290, 291, 293, 294, 295, 296, 298, 299, 300, 305, 310, 311, 323, 335, 337, 338, 339, 340, 342, 343, 344, 346, 347, 351, 352, 354, 355, 356, 358, 360, 364, 365, 373, 374, 376, 377, 378, 381, 382, 385, 386, 392, 394, 395, 396, 397, 398, 411, 413, 421, 438, 439, 440, 442, 443, 445], "summary": {"covered_lines": 133, "num_statements": 168, "percent_covered": 79.16666666666667, "percent_covered_display": "79", "missing_lines": 35, "excluded_lines": 0, "percent_statements_covered": 79.16666666666667, "percent_statements_covered_display": "79"}, "missing_lines": [75, 76, 77, 78, 84, 85, 86, 97, 98, 99, 109, 110, 111, 112, 120, 121, 122, 127, 128, 129, 149, 150, 151, 152, 153, 159, 166, 170, 171, 267, 268, 269, 270, 277, 278], "excluded_lines": [], "start_line": 1}}}, "src/alfred/schemas/__init__.py": {"executed_lines": [], "summary": {"covered_lines": 0, "num_statements": 0, "percent_covered": 100.0, "percent_covered_display": "100", "missing_lines": 0, "excluded_lines": 0, "percent_statements_covered": 100.0, "percent_statements_covered_display": "100"}, "missing_lines": [], "excluded_lines": [], "functions": {"": {"executed_lines": [], "summary": {"covered_lines": 0, "num_statements": 0, "percent_covered": 100.0, "percent_covered_display": "100", "missing_lines": 0, "excluded_lines": 0, "percent_statements_covered": 100.0, "percent_statements_covered_display": "100"}, "missing_lines": [], "excluded_lines": [], "start_line": 1}}, "classes": {"": {"executed_lines": [], "summary": {"covered_lines": 0, "num_statements": 0, "percent_covered": 100.0, "percent_covered_display": "100", "missing_lines": 0, "excluded_lines": 0, "percent_statements_covered": 100.0, "percent_statements_covered_display": "100"}, "missing_lines": [], "excluded_lines": [], "start_line": 1}}}, "src/alfred/schemas/agent.py": {"executed_lines": [14, 16, 17, 19, 25, 27, 35, 38, 39, 40, 41, 42, 43, 46, 49, 50, 51, 52, 53, 54, 57, 60, 61, 62, 63, 66, 69, 70, 71, 72, 80, 87, 88, 89, 90, 91, 92, 96, 100, 103, 106, 107, 108, 109, 112, 119, 120, 121, 122, 134, 137, 138, 139, 142, 145, 146, 147, 148, 149, 150, 151, 154, 157, 158, 159, 160, 163, 171, 172, 173, 183, 186, 187, 188, 189, 192, 195, 196, 197, 198, 201, 204, 205, 206, 207, 208, 211, 218, 219, 220, 223, 230, 231, 232, 233, 234, 235, 248, 249, 250, 251, 254, 255, 256, 264, 267, 268, 269, 272, 279, 280, 281, 282, 285, 288, 289, 290, 291, 294, 297, 298, 299, 300, 301, 304, 311, 312, 313, 314, 315, 316, 326, 328, 329], "summary": {"covered_lines": 134, "num_statements": 134, "percent_covered": 100.0, "percent_covered_display": "100", "missing_lines": 0, "excluded_lines": 0, "percent_statements_covered": 100.0, "percent_statements_covered_display": "100"}, "missing_lines": [], "excluded_lines": [], "functions": {"": {"executed_lines": [14, 16, 17, 19, 25, 27, 35, 38, 39, 40, 41, 42, 43, 46, 49, 50, 51, 52, 53, 54, 57, 60, 61, 62, 63, 66, 69, 70, 71, 72, 80, 87, 88, 89, 90, 91, 92, 96, 100, 103, 106, 107, 108, 109, 112, 119, 120, 121, 122, 134, 137, 138, 139, 142, 145, 146, 147, 148, 149, 150, 151, 154, 157, 158, 159, 160, 163, 171, 172, 173, 183, 186, 187, 188, 189, 192, 195, 196, 197, 198, 201, 204, 205, 206, 207, 208, 211, 218, 219, 220, 223, 230, 231, 232, 233, 234, 235, 248, 249, 250, 251, 254, 255, 256, 264, 267, 268, 269, 272, 279, 280, 281, 282, 285, 288, 289, 290, 291, 294, 297, 298, 299, 300, 301, 304, 311, 312, 313, 314, 315, 316, 326, 328, 329], "summary": {"covered_lines": 134, "num_statements": 134, "percent_covered": 100.0, "percent_covered_display": "100", "missing_lines": 0, "excluded_lines": 0, "percent_statements_covered": 100.0, "percent_statements_covered_display": "100"}, "missing_lines": [], "excluded_lines": [], "start_line": 1}}, "classes": {"BoardStory": {"executed_lines": [], "summary": {"covered_lines": 0, "num_statements": 0, "percent_covered": 100.0, "percent_covered_display": "100", "missing_lines": 0, "excluded_lines": 0, "percent_statements_covered": 100.0, "percent_statements_covered_display": "100"}, "missing_lines": [], "excluded_lines": [], "start_line": 35}, "BoardState": {"executed_lines": [], "summary": {"covered_lines": 0, "num_statements": 0, "percent_covered": 100.0, "percent_covered_display": "100", "missing_lines": 0, "excluded_lines": 0, "percent_statements_covered": 100.0, "percent_statements_covered_display": "100"}, "missing_lines": [], "excluded_lines": [], "start_line": 46}, "RAGChunk": {"executed_lines": [], "summary": {"covered_lines": 0, "num_statements": 0, "percent_covered": 100.0, "percent_covered_display": "100", "missing_lines": 0, "excluded_lines": 0, "percent_statements_covered": 100.0, "percent_statements_covered_display": "100"}, "missing_lines": [], "excluded_lines": [], "start_line": 57}, "VelocityRecord": {"executed_lines": [], "summary": {"covered_lines": 0, "num_statements": 0, "percent_covered": 100.0, "percent_covered_display": "100", "missing_lines": 0, "excluded_lines": 0, "percent_statements_covered": 100.0, "percent_statements_covered_display": "100"}, "missing_lines": [], "excluded_lines": [], "start_line": 66}, "PlannerInput": {"executed_lines": [], "summary": {"covered_lines": 0, "num_statements": 0, "percent_covered": 100.0, "percent_covered_display": "100", "missing_lines": 0, "excluded_lines": 0, "percent_statements_covered": 100.0, "percent_statements_covered_display": "100"}, "missing_lines": [], "excluded_lines": [], "start_line": 80}, "SprintPlan": {"executed_lines": [], "summary": {"covered_lines": 0, "num_statements": 0, "percent_covered": 100.0, "percent_covered_display": "100", "missing_lines": 0, "excluded_lines": 0, "percent_statements_covered": 100.0, "percent_statements_covered_display": "100"}, "missing_lines": [], "excluded_lines": [], "start_line": 103}, "PlannerOutput": {"executed_lines": [], "summary": {"covered_lines": 0, "num_statements": 0, "percent_covered": 100.0, "percent_covered_display": "100", "missing_lines": 0, "excluded_lines": 0, "percent_statements_covered": 100.0, "percent_statements_covered_display": "100"}, "missing_lines": [], "excluded_lines": [], "start_line": 112}, "QualityRubric": {"executed_lines": [], "summary": {"covered_lines": 0, "num_statements": 0, "percent_covered": 100.0, "percent_covered_display": "100", "missing_lines": 0, "excluded_lines": 0, "percent_statements_covered": 100.0, "percent_statements_covered_display": "100"}, "missing_lines": [], "excluded_lines": [], "start_line": 134}, "Story": {"executed_lines": [], "summary": {"covered_lines": 0, "num_statements": 0, "percent_covered": 100.0, "percent_covered_display": "100", "missing_lines": 0, "excluded_lines": 0, "percent_statements_covered": 100.0, "percent_statements_covered_display": "100"}, "missing_lines": [], "excluded_lines": [], "start_line": 142}, "StoryGeneratorInput": {"executed_lines": [], "summary": {"covered_lines": 0, "num_statements": 0, "percent_covered": 100.0, "percent_covered_display": "100", "missing_lines": 0, "excluded_lines": 0, "percent_statements_covered": 100.0, "percent_statements_covered_display": "100"}, "missing_lines": [], "excluded_lines": [], "start_line": 154}, "StoryGeneratorOutput": {"executed_lines": [], "summary": {"covered_lines": 0, "num_statements": 0, "percent_covered": 100.0, "percent_covered_display": "100", "missing_lines": 0, "excluded_lines": 0, "percent_statements_covered": 100.0, "percent_statements_covered_display": "100"}, "missing_lines": [], "excluded_lines": [], "start_line": 163}, "ExecutorOutput": {"executed_lines": [], "summary": {"covered_lines": 0, "num_statements": 0, "percent_covered": 100.0, "percent_covered_display": "100", "missing_lines": 0, "excluded_lines": 0, "percent_statements_covered": 100.0, "percent_statements_covered_display": "100"}, "missing_lines": [], "excluded_lines": [], "start_line": 183}, "ValidationIssue": {"executed_lines": [], "summary": {"covered_lines": 0, "num_statements": 0, "percent_covered": 100.0, "percent_covered_display": "100", "missing_lines": 0, "excluded_lines": 0, "percent_statements_covered": 100.0, "percent_statements_covered_display": "100"}, "missing_lines": [], "excluded_lines": [], "start_line": 192}, "CheckpointEvaluation": {"executed_lines": [], "summary": {"covered_lines": 0, "num_statements": 0, "percent_covered": 100.0, "percent_covered_display": "100", "missing_lines": 0, "excluded_lines": 0, "percent_statements_covered": 100.0, "percent_statements_covered_display": "100"}, "missing_lines": [], "excluded_lines": [], "start_line": 201}, "QualityJudgeInput": {"executed_lines": [], "summary": {"covered_lines": 0, "num_statements": 0, "percent_covered": 100.0, "percent_covered_display": "100", "missing_lines": 0, "excluded_lines": 0, "percent_statements_covered": 100.0, "percent_statements_covered_display": "100"}, "missing_lines": [], "excluded_lines": [], "start_line": 211}, "QualityJudgeOutput": {"executed_lines": [], "summary": {"covered_lines": 0, "num_statements": 0, "percent_covered": 100.0, "percent_covered_display": "100", "missing_lines": 0, "excluded_lines": 0, "percent_statements_covered": 100.0, "percent_statements_covered_display": "100"}, "missing_lines": [], "excluded_lines": [], "start_line": 223}, "CompilerInput": {"executed_lines": [], "summary": {"covered_lines": 0, "num_statements": 0, "percent_covered": 100.0, "percent_covered_display": "100", "missing_lines": 0, "excluded_lines": 0, "percent_statements_covered": 100.0, "percent_statements_covered_display": "100"}, "missing_lines": [], "excluded_lines": [], "start_line": 248}, "CompilerOutput": {"executed_lines": [], "summary": {"covered_lines": 0, "num_statements": 0, "percent_covered": 100.0, "percent_covered_display": "100", "missing_lines": 0, "excluded_lines": 0, "percent_statements_covered": 100.0, "percent_statements_covered_display": "100"}, "missing_lines": [], "excluded_lines": [], "start_line": 254}, "MetricsHistory": {"executed_lines": [], "summary": {"covered_lines": 0, "num_statements": 0, "percent_covered": 100.0, "percent_covered_display": "100", "missing_lines": 0, "excluded_lines": 0, "percent_statements_covered": 100.0, "percent_statements_covered_display": "100"}, "missing_lines": [], "excluded_lines": [], "start_line": 264}, "RetroAnalystInput": {"executed_lines": [], "summary": {"covered_lines": 0, "num_statements": 0, "percent_covered": 100.0, "percent_covered_display": "100", "missing_lines": 0, "excluded_lines": 0, "percent_statements_covered": 100.0, "percent_statements_covered_display": "100"}, "missing_lines": [], "excluded_lines": [], "start_line": 272}, "VelocityTrend": {"executed_lines": [], "summary": {"covered_lines": 0, "num_statements": 0, "percent_covered": 100.0, "percent_covered_display": "100", "missing_lines": 0, "excluded_lines": 0, "percent_statements_covered": 100.0, "percent_statements_covered_display": "100"}, "missing_lines": [], "excluded_lines": [], "start_line": 285}, "RecurringPattern": {"executed_lines": [], "summary": {"covered_lines": 0, "num_statements": 0, "percent_covered": 100.0, "percent_covered_display": "100", "missing_lines": 0, "excluded_lines": 0, "percent_statements_covered": 100.0, "percent_statements_covered_display": "100"}, "missing_lines": [], "excluded_lines": [], "start_line": 294}, "RetroAnalystOutput": {"executed_lines": [], "summary": {"covered_lines": 0, "num_statements": 0, "percent_covered": 100.0, "percent_covered_display": "100", "missing_lines": 0, "excluded_lines": 0, "percent_statements_covered": 100.0, "percent_statements_covered_display": "100"}, "missing_lines": [], "excluded_lines": [], "start_line": 304}, "": {"executed_lines": [14, 16, 17, 19, 25, 27, 35, 38, 39, 40, 41, 42, 43, 46, 49, 50, 51, 52, 53, 54, 57, 60, 61, 62, 63, 66, 69, 70, 71, 72, 80, 87, 88, 89, 90, 91, 92, 96, 100, 103, 106, 107, 108, 109, 112, 119, 120, 121, 122, 134, 137, 138, 139, 142, 145, 146, 147, 148, 149, 150, 151, 154, 157, 158, 159, 160, 163, 171, 172, 173, 183, 186, 187, 188, 189, 192, 195, 196, 197, 198, 201, 204, 205, 206, 207, 208, 211, 218, 219, 220, 223, 230, 231, 232, 233, 234, 235, 248, 249, 250, 251, 254, 255, 256, 264, 267, 268, 269, 272, 279, 280, 281, 282, 285, 288, 289, 290, 291, 294, 297, 298, 299, 300, 301, 304, 311, 312, 313, 314, 315, 316, 326, 328, 329], "summary": {"covered_lines": 134, "num_statements": 134, "percent_covered": 100.0, "percent_covered_display": "100", "missing_lines": 0, "excluded_lines": 0, "percent_statements_covered": 100.0, "percent_statements_covered_display": "100"}, "missing_lines": [], "excluded_lines": [], "start_line": 1}}}, "src/alfred/schemas/checkpoint.py": {"executed_lines": [10, 12, 14, 20, 27, 35, 36, 39, 46, 47, 49, 66, 73, 74, 75, 83, 94, 95, 96, 97, 100, 102, 103, 104, 106, 107, 108, 116], "summary": {"covered_lines": 28, "num_statements": 35, "percent_covered": 80.0, "percent_covered_display": "80", "missing_lines": 7, "excluded_lines": 0, "percent_statements_covered": 80.0, "percent_statements_covered_display": "80"}, "missing_lines": [55, 56, 57, 58, 144, 145, 146], "excluded_lines": [], "functions": {"DecisionTable.evaluate": {"executed_lines": [], "summary": {"covered_lines": 0, "num_statements": 4, "percent_covered": 0.0, "percent_covered_display": "0", "missing_lines": 4, "excluded_lines": 0, "percent_statements_covered": 0.0, "percent_statements_covered_display": "0"}, "missing_lines": [55, 56, 57, 58], "excluded_lines": [], "start_line": 49}, "Checkpoint.is_evaluated": {"executed_lines": [104], "summary": {"covered_lines": 1, "num_statements": 1, "percent_covered": 100.0, "percent_covered_display": "100", "missing_lines": 0, "excluded_lines": 0, "percent_statements_covered": 100.0, "percent_statements_covered_display": "100"}, "missing_lines": [], "excluded_lines": [], "start_line": 103}, "Checkpoint.verdict": {"executed_lines": [108], "summary": {"covered_lines": 1, "num_statements": 1, "percent_covered": 100.0, "percent_covered_display": "100", "missing_lines": 0, "excluded_lines": 0, "percent_statements_covered": 100.0, "percent_statements_covered_display": "100"}, "missing_lines": [], "excluded_lines": [], "start_line": 107}, "create_checkpoint": {"executed_lines": [], "summary": {"covered_lines": 0, "num_statements": 3, "percent_covered": 0.0, "percent_covered_display": "0", "missing_lines": 3, "excluded_lines": 0, "percent_statements_covered": 0.0, "percent_statements_covered_display": "0"}, "missing_lines": [144, 145, 146], "excluded_lines": [], "start_line": 116}, "": {"executed_lines": [10, 12, 14, 20, 27, 35, 36, 39, 46, 47, 49, 66, 73, 74, 75, 83, 94, 95, 96, 97, 100, 102, 103, 106, 107, 116], "summary": {"covered_lines": 26, "num_statements": 26, "percent_covered": 100.0, "percent_covered_display": "100", "missing_lines": 0, "excluded_lines": 0, "percent_statements_covered": 100.0, "percent_statements_covered_display": "100"}, "missing_lines": [], "excluded_lines": [], "start_line": 1}}, "classes": {"DecisionRule": {"executed_lines": [], "summary": {"covered_lines": 0, "num_statements": 0, "percent_covered": 100.0, "percent_covered_display": "100", "missing_lines": 0, "excluded_lines": 0, "percent_statements_covered": 100.0, "percent_statements_covered_display": "100"}, "missing_lines": [], "excluded_lines": [], "start_line": 27}, "DecisionTable": {"executed_lines": [], "summary": {"covered_lines": 0, "num_statements": 4, "percent_covered": 0.0, "percent_covered_display": "0", "missing_lines": 4, "excluded_lines": 0, "percent_statements_covered": 0.0, "percent_statements_covered_display": "0"}, "missing_lines": [55, 56, 57, 58], "excluded_lines": [], "start_line": 39}, "CheckpointResult": {"executed_lines": [], "summary": {"covered_lines": 0, "num_statements": 0, "percent_covered": 100.0, "percent_covered_display": "100", "missing_lines": 0, "excluded_lines": 0, "percent_statements_covered": 100.0, "percent_statements_covered_display": "100"}, "missing_lines": [], "excluded_lines": [], "start_line": 66}, "Checkpoint": {"executed_lines": [104, 108], "summary": {"covered_lines": 2, "num_statements": 2, "percent_covered": 100.0, "percent_covered_display": "100", "missing_lines": 0, "excluded_lines": 0, "percent_statements_covered": 100.0, "percent_statements_covered_display": "100"}, "missing_lines": [], "excluded_lines": [], "start_line": 83}, "": {"executed_lines": [10, 12, 14, 20, 27, 35, 36, 39, 46, 47, 49, 66, 73, 74, 75, 83, 94, 95, 96, 97, 100, 102, 103, 106, 107, 116], "summary": {"covered_lines": 26, "num_statements": 29, "percent_covered": 89.65517241379311, "percent_covered_display": "90", "missing_lines": 3, "excluded_lines": 0, "percent_statements_covered": 89.65517241379311, "percent_statements_covered_display": "90"}, "missing_lines": [144, 145, 146], "excluded_lines": [], "start_line": 1}}}, "src/alfred/schemas/config.py": {"executed_lines": [10, 12, 19, 26, 27, 28, 29, 31, 32, 33, 34, 36, 44, 52, 53, 54, 55, 63, 71, 72, 73, 75, 76, 77, 88, 95, 96, 97, 98, 99, 101, 102, 103, 107, 115, 123, 131, 134, 142, 145, 149, 150, 158, 161, 164, 167, 168, 169, 172, 175, 176, 177, 178, 186, 196, 197, 198, 199, 200, 201, 202, 203], "summary": {"covered_lines": 62, "num_statements": 67, "percent_covered": 92.53731343283582, "percent_covered_display": "93", "missing_lines": 5, "excluded_lines": 0, "percent_statements_covered": 92.53731343283582, "percent_statements_covered_display": "93"}, "missing_lines": [35, 78, 79, 80, 104], "excluded_lines": [], "functions": {"LLMConfig.provider_not_empty": {"executed_lines": [34, 36], "summary": {"covered_lines": 2, "num_statements": 3, "percent_covered": 66.66666666666667, "percent_covered_display": "67", "missing_lines": 1, "excluded_lines": 0, "percent_statements_covered": 66.66666666666667, "percent_statements_covered_display": "67"}, "missing_lines": [35], "excluded_lines": [], "start_line": 33}, "GitHubConfig.token_env_var_not_empty": {"executed_lines": [], "summary": {"covered_lines": 0, "num_statements": 3, "percent_covered": 0.0, "percent_covered_display": "0", "missing_lines": 3, "excluded_lines": 0, "percent_statements_covered": 0.0, "percent_statements_covered_display": "0"}, "missing_lines": [78, 79, 80], "excluded_lines": [], "start_line": 77}, "RAGConfig.overlap_less_than_chunk": {"executed_lines": [103, 107], "summary": {"covered_lines": 2, "num_statements": 3, "percent_covered": 66.66666666666667, "percent_covered_display": "67", "missing_lines": 1, "excluded_lines": 0, "percent_statements_covered": 66.66666666666667, "percent_statements_covered_display": "67"}, "missing_lines": [104], "excluded_lines": [], "start_line": 102}, "": {"executed_lines": [10, 12, 19, 26, 27, 28, 29, 31, 32, 33, 44, 52, 53, 54, 55, 63, 71, 72, 73, 75, 76, 77, 88, 95, 96, 97, 98, 99, 101, 102, 115, 123, 131, 134, 142, 145, 149, 150, 158, 161, 164, 167, 168, 169, 172, 175, 176, 177, 178, 186, 196, 197, 198, 199, 200, 201, 202, 203], "summary": {"covered_lines": 58, "num_statements": 58, "percent_covered": 100.0, "percent_covered_display": "100", "missing_lines": 0, "excluded_lines": 0, "percent_statements_covered": 100.0, "percent_statements_covered_display": "100"}, "missing_lines": [], "excluded_lines": [], "start_line": 1}}, "classes": {"LLMConfig": {"executed_lines": [34, 36], "summary": {"covered_lines": 2, "num_statements": 3, "percent_covered": 66.66666666666667, "percent_covered_display": "67", "missing_lines": 1, "excluded_lines": 0, "percent_statements_covered": 66.66666666666667, "percent_statements_covered_display": "67"}, "missing_lines": [35], "excluded_lines": [], "start_line": 19}, "CostRoutingConfig": {"executed_lines": [], "summary": {"covered_lines": 0, "num_statements": 0, "percent_covered": 100.0, "percent_covered_display": "100", "missing_lines": 0, "excluded_lines": 0, "percent_statements_covered": 100.0, "percent_statements_covered_display": "100"}, "missing_lines": [], "excluded_lines": [], "start_line": 44}, "GitHubConfig": {"executed_lines": [], "summary": {"covered_lines": 0, "num_statements": 3, "percent_covered": 0.0, "percent_covered_display": "0", "missing_lines": 3, "excluded_lines": 0, "percent_statements_covered": 0.0, "percent_statements_covered_display": "0"}, "missing_lines": [78, 79, 80], "excluded_lines": [], "start_line": 63}, "RAGConfig": {"executed_lines": [103, 107], "summary": {"covered_lines": 2, "num_statements": 3, "percent_covered": 66.66666666666667, "percent_covered_display": "67", "missing_lines": 1, "excluded_lines": 0, "percent_statements_covered": 66.66666666666667, "percent_statements_covered_display": "67"}, "missing_lines": [104], "excluded_lines": [], "start_line": 88}, "DatabaseConfig": {"executed_lines": [], "summary": {"covered_lines": 0, "num_statements": 0, "percent_covered": 100.0, "percent_covered_display": "100", "missing_lines": 0, "excluded_lines": 0, "percent_statements_covered": 100.0, "percent_statements_covered_display": "100"}, "missing_lines": [], "excluded_lines": [], "start_line": 115}, "HitlConfig": {"executed_lines": [], "summary": {"covered_lines": 0, "num_statements": 0, "percent_covered": 100.0, "percent_covered_display": "100", "missing_lines": 0, "excluded_lines": 0, "percent_statements_covered": 100.0, "percent_statements_covered_display": "100"}, "missing_lines": [], "excluded_lines": [], "start_line": 131}, "HandoverConfig": {"executed_lines": [], "summary": {"covered_lines": 0, "num_statements": 0, "percent_covered": 100.0, "percent_covered_display": "100", "missing_lines": 0, "excluded_lines": 0, "percent_statements_covered": 100.0, "percent_statements_covered_display": "100"}, "missing_lines": [], "excluded_lines": [], "start_line": 142}, "AgentToggle": {"executed_lines": [], "summary": {"covered_lines": 0, "num_statements": 0, "percent_covered": 100.0, "percent_covered_display": "100", "missing_lines": 0, "excluded_lines": 0, "percent_statements_covered": 100.0, "percent_statements_covered_display": "100"}, "missing_lines": [], "excluded_lines": [], "start_line": 158}, "PlannerAgentConfig": {"executed_lines": [], "summary": {"covered_lines": 0, "num_statements": 0, "percent_covered": 100.0, "percent_covered_display": "100", "missing_lines": 0, "excluded_lines": 0, "percent_statements_covered": 100.0, "percent_statements_covered_display": "100"}, "missing_lines": [], "excluded_lines": [], "start_line": 164}, "AgentsConfig": {"executed_lines": [], "summary": {"covered_lines": 0, "num_statements": 0, "percent_covered": 100.0, "percent_covered_display": "100", "missing_lines": 0, "excluded_lines": 0, "percent_statements_covered": 100.0, "percent_statements_covered_display": "100"}, "missing_lines": [], "excluded_lines": [], "start_line": 172}, "AlfredConfig": {"executed_lines": [], "summary": {"covered_lines": 0, "num_statements": 0, "percent_covered": 100.0, "percent_covered_display": "100", "missing_lines": 0, "excluded_lines": 0, "percent_statements_covered": 100.0, "percent_statements_covered_display": "100"}, "missing_lines": [], "excluded_lines": [], "start_line": 186}, "": {"executed_lines": [10, 12, 19, 26, 27, 28, 29, 31, 32, 33, 44, 52, 53, 54, 55, 63, 71, 72, 73, 75, 76, 77, 88, 95, 96, 97, 98, 99, 101, 102, 115, 123, 131, 134, 142, 145, 149, 150, 158, 161, 164, 167, 168, 169, 172, 175, 176, 177, 178, 186, 196, 197, 198, 199, 200, 201, 202, 203], "summary": {"covered_lines": 58, "num_statements": 58, "percent_covered": 100.0, "percent_covered_display": "100", "missing_lines": 0, "excluded_lines": 0, "percent_statements_covered": 100.0, "percent_statements_covered_display": "100"}, "missing_lines": [], "excluded_lines": [], "start_line": 1}}}, "src/alfred/schemas/handover.py": {"executed_lines": [8, 10, 11, 12, 14, 25, 26, 27, 30, 33, 34, 35, 36, 39, 42, 43, 46, 49, 50, 51, 52, 60, 63, 64, 65, 66, 67, 75, 82, 83, 84, 85, 86, 87, 88, 89, 92, 100, 103, 104, 105, 106, 114, 117, 118, 119, 120, 123, 130, 131, 132, 133, 134, 135, 143, 154, 155, 156, 157, 158, 159, 160, 161, 162, 164, 165, 166, 167, 168, 169, 174, 175, 178, 181, 182, 188, 190, 193, 196, 197, 198, 200, 202, 204, 209, 210, 213, 214, 215, 216, 217, 219, 225, 232, 240, 241, 242, 243, 244, 245, 246, 247, 248, 249, 250, 251, 252, 255, 263, 271, 289, 290, 291, 292, 293, 294, 295, 299, 307, 309, 310, 311, 312, 315, 323, 348, 354, 355, 362, 365, 366, 367, 370, 372, 373, 374, 375, 376, 377, 380, 383, 385, 386, 387, 388, 389, 390, 391, 392, 394, 419, 421, 422, 430, 432, 433, 434, 435, 436, 437, 440, 442, 443, 444, 445, 446, 447, 448, 449, 450, 451, 452, 453, 458, 461, 462, 463, 464, 465, 466, 468, 470, 471, 479, 481, 484, 485, 486, 487, 488, 489, 505, 507, 508, 509, 510, 512, 513, 514, 517, 519, 521, 522, 523, 524, 530, 531, 532, 538, 540, 541, 545, 546, 560, 562, 564, 565, 566, 567, 568, 569, 570, 571, 572, 575, 577, 584, 585, 586, 587, 589, 590, 592, 594, 599, 600, 602, 605, 613, 614, 615, 621, 622, 629, 630, 638, 640, 641, 642, 643, 644, 646, 647, 648, 649, 650, 653, 655, 656, 657, 658, 659, 660, 661, 662, 663, 664, 665, 667, 675, 676, 679, 681, 682, 684, 685, 686, 687, 709, 710, 713, 722, 735, 748, 762, 768, 831, 839, 840, 841, 843, 844, 847, 852, 853, 857, 860, 861, 862, 863, 864, 865, 866, 868, 871, 873, 874, 875, 876, 877], "summary": {"covered_lines": 310, "num_statements": 488, "percent_covered": 63.52459016393443, "percent_covered_display": "64", "missing_lines": 178, "excluded_lines": 2, "percent_statements_covered": 63.52459016393443, "percent_statements_covered_display": "64"}, "missing_lines": [199, 201, 203, 205, 206, 207, 208, 220, 221, 222, 223, 226, 230, 233, 234, 235, 236, 237, 256, 257, 258, 259, 260, 264, 265, 266, 267, 268, 272, 273, 274, 275, 276, 277, 278, 279, 280, 282, 283, 284, 285, 286, 296, 297, 298, 300, 301, 302, 303, 304, 305, 306, 308, 316, 317, 318, 319, 320, 324, 325, 326, 327, 328, 329, 330, 331, 332, 333, 334, 335, 336, 337, 338, 339, 340, 341, 342, 343, 344, 345, 346, 454, 455, 456, 457, 467, 469, 492, 493, 494, 495, 496, 497, 500, 501, 502, 520, 525, 526, 527, 534, 535, 547, 548, 549, 550, 552, 553, 555, 556, 557, 603, 606, 616, 623, 666, 688, 689, 691, 692, 693, 694, 695, 697, 715, 716, 717, 718, 719, 724, 725, 726, 728, 729, 730, 731, 732, 737, 738, 739, 741, 742, 743, 744, 745, 750, 755, 756, 757, 758, 759, 764, 765, 770, 777, 778, 782, 783, 784, 787, 788, 791, 792, 797, 798, 799, 800, 802, 805, 806, 807, 808, 809, 810, 811, 812, 818, 828], "excluded_lines": [16, 17], "functions": {"HandoverDocument.render_markdown": {"executed_lines": [190, 193, 196, 197, 198, 200, 202, 204, 209, 210, 213, 214, 215, 216, 217, 219, 225, 232, 240, 241, 242, 243, 244, 245, 246, 247, 248, 249, 250, 251, 252, 255, 263, 271, 289, 290, 291, 292, 293, 294, 295, 299, 307, 309, 310, 311, 312, 315, 323, 348], "summary": {"covered_lines": 50, "num_statements": 131, "percent_covered": 38.16793893129771, "percent_covered_display": "38", "missing_lines": 81, "excluded_lines": 0, "percent_statements_covered": 38.16793893129771, "percent_statements_covered_display": "38"}, "missing_lines": [199, 201, 203, 205, 206, 207, 208, 220, 221, 222, 223, 226, 230, 233, 234, 235, 236, 237, 256, 257, 258, 259, 260, 264, 265, 266, 267, 268, 272, 273, 274, 275, 276, 277, 278, 279, 280, 282, 283, 284, 285, 286, 296, 297, 298, 300, 301, 302, 303, 304, 305, 306, 308, 316, 317, 318, 319, 320, 324, 325, 326, 327, 328, 329, 330, 331, 332, 333, 334, 335, 336, 337, 338, 339, 340, 341, 342, 343, 344, 345, 346], "excluded_lines": [], "start_line": 188}, "HandoverDocument.from_markdown": {"executed_lines": [362, 365, 366, 367, 370, 372, 373, 374, 375, 376, 377, 380, 383, 385, 386, 387, 388, 389, 390, 391, 392, 394], "summary": {"covered_lines": 22, "num_statements": 22, "percent_covered": 100.0, "percent_covered_display": "100", "missing_lines": 0, "excluded_lines": 0, "percent_statements_covered": 100.0, "percent_statements_covered_display": "100"}, "missing_lines": [], "excluded_lines": [], "start_line": 355}, "_format_document_title": {"executed_lines": [432, 433, 434, 435, 436, 437], "summary": {"covered_lines": 6, "num_statements": 6, "percent_covered": 100.0, "percent_covered_display": "100", "missing_lines": 0, "excluded_lines": 0, "percent_statements_covered": 100.0, "percent_statements_covered_display": "100"}, "missing_lines": [], "excluded_lines": [], "start_line": 430}, "_render_checkpoint": {"executed_lines": [442, 443, 444, 445, 446, 447, 448, 449, 450, 451, 452, 453, 458], "summary": {"covered_lines": 13, "num_statements": 17, "percent_covered": 76.47058823529412, "percent_covered_display": "76", "missing_lines": 4, "excluded_lines": 0, "percent_statements_covered": 76.47058823529412, "percent_statements_covered_display": "76"}, "missing_lines": [454, 455, 456, 457], "excluded_lines": [], "start_line": 440}, "_render_task_result": {"executed_lines": [462, 463, 464, 465, 466, 468, 470, 471], "summary": {"covered_lines": 8, "num_statements": 10, "percent_covered": 80.0, "percent_covered_display": "80", "missing_lines": 2, "excluded_lines": 0, "percent_statements_covered": 80.0, "percent_statements_covered_display": "80"}, "missing_lines": [467, 469], "excluded_lines": [], "start_line": 461}, "_parse_title_line": {"executed_lines": [481, 484, 485, 486, 487, 488, 489], "summary": {"covered_lines": 7, "num_statements": 16, "percent_covered": 43.75, "percent_covered_display": "44", "missing_lines": 9, "excluded_lines": 0, "percent_statements_covered": 43.75, "percent_statements_covered_display": "44"}, "missing_lines": [492, 493, 494, 495, 496, 497, 500, 501, 502], "excluded_lines": [], "start_line": 479}, "_extract_metadata_block": {"executed_lines": [507, 508, 509, 510, 512, 513, 514], "summary": {"covered_lines": 7, "num_statements": 7, "percent_covered": 100.0, "percent_covered_display": "100", "missing_lines": 0, "excluded_lines": 0, "percent_statements_covered": 100.0, "percent_statements_covered_display": "100"}, "missing_lines": [], "excluded_lines": [], "start_line": 505}, "_parse_date": {"executed_lines": [519, 521, 522, 523, 524], "summary": {"covered_lines": 5, "num_statements": 9, "percent_covered": 55.55555555555556, "percent_covered_display": "56", "missing_lines": 4, "excluded_lines": 0, "percent_statements_covered": 55.55555555555556, "percent_statements_covered_display": "56"}, "missing_lines": [520, 525, 526, 527], "excluded_lines": [], "start_line": 517}, "_parse_supersedes": {"executed_lines": [531, 532], "summary": {"covered_lines": 2, "num_statements": 4, "percent_covered": 50.0, "percent_covered_display": "50", "missing_lines": 2, "excluded_lines": 0, "percent_statements_covered": 50.0, "percent_statements_covered_display": "50"}, "missing_lines": [534, 535], "excluded_lines": [], "start_line": 530}, "_extract_reference_documents": {"executed_lines": [540, 541, 545, 546], "summary": {"covered_lines": 4, "num_statements": 13, "percent_covered": 30.76923076923077, "percent_covered_display": "31", "missing_lines": 9, "excluded_lines": 0, "percent_statements_covered": 30.76923076923077, "percent_statements_covered_display": "31"}, "missing_lines": [547, 548, 549, 550, 552, 553, 555, 556, 557], "excluded_lines": [], "start_line": 538}, "_split_level2_sections": {"executed_lines": [562, 564, 565, 566, 567, 568, 569, 570, 571, 572], "summary": {"covered_lines": 10, "num_statements": 10, "percent_covered": 100.0, "percent_covered_display": "100", "missing_lines": 0, "excluded_lines": 0, "percent_statements_covered": 100.0, "percent_statements_covered_display": "100"}, "missing_lines": [], "excluded_lines": [], "start_line": 560}, "_parse_context_section": {"executed_lines": [577, 584, 585, 586, 587, 589, 590, 592, 594, 599, 600, 602, 605, 613, 614, 615, 621, 622, 629, 630], "summary": {"covered_lines": 20, "num_statements": 24, "percent_covered": 83.33333333333333, "percent_covered_display": "83", "missing_lines": 4, "excluded_lines": 0, "percent_statements_covered": 83.33333333333333, "percent_statements_covered_display": "83"}, "missing_lines": [603, 606, 616, 623], "excluded_lines": [], "start_line": 575}, "_parse_list_section": {"executed_lines": [640, 641, 642, 643, 644, 646, 647, 648, 649, 650], "summary": {"covered_lines": 10, "num_statements": 10, "percent_covered": 100.0, "percent_covered_display": "100", "missing_lines": 0, "excluded_lines": 0, "percent_statements_covered": 100.0, "percent_statements_covered_display": "100"}, "missing_lines": [], "excluded_lines": [], "start_line": 638}, "_parse_task_overview": {"executed_lines": [655, 656, 657, 658, 659, 660, 661, 662, 663, 664, 665, 667, 675, 676], "summary": {"covered_lines": 14, "num_statements": 15, "percent_covered": 93.33333333333333, "percent_covered_display": "93", "missing_lines": 1, "excluded_lines": 0, "percent_statements_covered": 93.33333333333333, "percent_statements_covered_display": "93"}, "missing_lines": [666], "excluded_lines": [], "start_line": 653}, "_parse_tasks": {"executed_lines": [681, 682, 684, 685, 686, 687, 709, 710], "summary": {"covered_lines": 8, "num_statements": 16, "percent_covered": 50.0, "percent_covered_display": "50", "missing_lines": 8, "excluded_lines": 0, "percent_statements_covered": 50.0, "percent_statements_covered_display": "50"}, "missing_lines": [688, 689, 691, 692, 693, 694, 695, 697], "excluded_lines": [], "start_line": 679}, "_task_sort_key": {"executed_lines": [], "summary": {"covered_lines": 0, "num_statements": 5, "percent_covered": 0.0, "percent_covered_display": "0", "missing_lines": 5, "excluded_lines": 0, "percent_statements_covered": 0.0, "percent_statements_covered_display": "0"}, "missing_lines": [715, 716, 717, 718, 719], "excluded_lines": [], "start_line": 713}, "_extract_goal": {"executed_lines": [], "summary": {"covered_lines": 0, "num_statements": 8, "percent_covered": 0.0, "percent_covered_display": "0", "missing_lines": 8, "excluded_lines": 0, "percent_statements_covered": 0.0, "percent_statements_covered_display": "0"}, "missing_lines": [724, 725, 726, 728, 729, 730, 731, 732], "excluded_lines": [], "start_line": 722}, "_extract_steps": {"executed_lines": [], "summary": {"covered_lines": 0, "num_statements": 8, "percent_covered": 0.0, "percent_covered_display": "0", "missing_lines": 8, "excluded_lines": 0, "percent_statements_covered": 0.0, "percent_statements_covered_display": "0"}, "missing_lines": [737, 738, 739, 741, 742, 743, 744, 745], "excluded_lines": [], "start_line": 735}, "_extract_verification": {"executed_lines": [], "summary": {"covered_lines": 0, "num_statements": 6, "percent_covered": 0.0, "percent_covered_display": "0", "missing_lines": 6, "excluded_lines": 0, "percent_statements_covered": 0.0, "percent_statements_covered_display": "0"}, "missing_lines": [750, 755, 756, 757, 758, 759], "excluded_lines": [], "start_line": 748}, "_extract_commit_message": {"executed_lines": [], "summary": {"covered_lines": 0, "num_statements": 2, "percent_covered": 0.0, "percent_covered_display": "0", "missing_lines": 2, "excluded_lines": 0, "percent_statements_covered": 0.0, "percent_statements_covered_display": "0"}, "missing_lines": [764, 765], "excluded_lines": [], "start_line": 762}, "_extract_checkpoints_from_body": {"executed_lines": [], "summary": {"covered_lines": 0, "num_statements": 25, "percent_covered": 0.0, "percent_covered_display": "0", "missing_lines": 25, "excluded_lines": 0, "percent_statements_covered": 0.0, "percent_statements_covered_display": "0"}, "missing_lines": [770, 777, 778, 782, 783, 784, 787, 788, 791, 792, 797, 798, 799, 800, 802, 805, 806, 807, 808, 809, 810, 811, 812, 818, 828], "excluded_lines": [], "start_line": 768}, "_parse_what_exists_today": {"executed_lines": [839, 840, 841, 843, 844, 847, 852, 853, 857, 860, 861, 862, 863, 864, 865, 866, 868], "summary": {"covered_lines": 17, "num_statements": 17, "percent_covered": 100.0, "percent_covered_display": "100", "missing_lines": 0, "excluded_lines": 0, "percent_statements_covered": 100.0, "percent_statements_covered_display": "100"}, "missing_lines": [], "excluded_lines": [], "start_line": 831}, "_parse_post_mortem_section": {"executed_lines": [873, 874, 875, 876, 877], "summary": {"covered_lines": 5, "num_statements": 5, "percent_covered": 100.0, "percent_covered_display": "100", "missing_lines": 0, "excluded_lines": 0, "percent_statements_covered": 100.0, "percent_statements_covered_display": "100"}, "missing_lines": [], "excluded_lines": [], "start_line": 871}, "": {"executed_lines": [8, 10, 11, 12, 14, 25, 26, 27, 30, 33, 34, 35, 36, 39, 42, 43, 46, 49, 50, 51, 52, 60, 63, 64, 65, 66, 67, 75, 82, 83, 84, 85, 86, 87, 88, 89, 92, 100, 103, 104, 105, 106, 114, 117, 118, 119, 120, 123, 130, 131, 132, 133, 134, 135, 143, 154, 155, 156, 157, 158, 159, 160, 161, 162, 164, 165, 166, 167, 168, 169, 174, 175, 178, 181, 182, 188, 354, 355, 419, 421, 422, 430, 440, 461, 479, 505, 517, 530, 538, 560, 575, 638, 653, 679, 713, 722, 735, 748, 762, 768, 831, 871], "summary": {"covered_lines": 102, "num_statements": 102, "percent_covered": 100.0, "percent_covered_display": "100", "missing_lines": 0, "excluded_lines": 2, "percent_statements_covered": 100.0, "percent_statements_covered_display": "100"}, "missing_lines": [], "excluded_lines": [16, 17], "start_line": 1}}, "classes": {"ReferenceDocument": {"executed_lines": [], "summary": {"covered_lines": 0, "num_statements": 0, "percent_covered": 100.0, "percent_covered_display": "100", "missing_lines": 0, "excluded_lines": 0, "percent_statements_covered": 100.0, "percent_statements_covered_display": "100"}, "missing_lines": [], "excluded_lines": [], "start_line": 25}, "TaskSummaryRow": {"executed_lines": [], "summary": {"covered_lines": 0, "num_statements": 0, "percent_covered": 100.0, "percent_covered_display": "100", "missing_lines": 0, "excluded_lines": 0, "percent_statements_covered": 100.0, "percent_statements_covered_display": "100"}, "missing_lines": [], "excluded_lines": [], "start_line": 30}, "VerificationBlock": {"executed_lines": [], "summary": {"covered_lines": 0, "num_statements": 0, "percent_covered": 100.0, "percent_covered_display": "100", "missing_lines": 0, "excluded_lines": 0, "percent_statements_covered": 100.0, "percent_statements_covered_display": "100"}, "missing_lines": [], "excluded_lines": [], "start_line": 39}, "InlinePostMortem": {"executed_lines": [], "summary": {"covered_lines": 0, "num_statements": 0, "percent_covered": 100.0, "percent_covered_display": "100", "missing_lines": 0, "excluded_lines": 0, "percent_statements_covered": 100.0, "percent_statements_covered_display": "100"}, "missing_lines": [], "excluded_lines": [], "start_line": 46}, "TaskResult": {"executed_lines": [], "summary": {"covered_lines": 0, "num_statements": 0, "percent_covered": 100.0, "percent_covered_display": "100", "missing_lines": 0, "excluded_lines": 0, "percent_statements_covered": 100.0, "percent_statements_covered_display": "100"}, "missing_lines": [], "excluded_lines": [], "start_line": 60}, "HandoverTask": {"executed_lines": [], "summary": {"covered_lines": 0, "num_statements": 0, "percent_covered": 100.0, "percent_covered_display": "100", "missing_lines": 0, "excluded_lines": 0, "percent_statements_covered": 100.0, "percent_statements_covered_display": "100"}, "missing_lines": [], "excluded_lines": [], "start_line": 75}, "HandoverContext": {"executed_lines": [], "summary": {"covered_lines": 0, "num_statements": 0, "percent_covered": 100.0, "percent_covered_display": "100", "missing_lines": 0, "excluded_lines": 0, "percent_statements_covered": 100.0, "percent_statements_covered_display": "100"}, "missing_lines": [], "excluded_lines": [], "start_line": 100}, "CritiqueEntry": {"executed_lines": [], "summary": {"covered_lines": 0, "num_statements": 0, "percent_covered": 100.0, "percent_covered_display": "100", "missing_lines": 0, "excluded_lines": 0, "percent_statements_covered": 100.0, "percent_statements_covered_display": "100"}, "missing_lines": [], "excluded_lines": [], "start_line": 114}, "PostMortem": {"executed_lines": [], "summary": {"covered_lines": 0, "num_statements": 0, "percent_covered": 100.0, "percent_covered_display": "100", "missing_lines": 0, "excluded_lines": 0, "percent_statements_covered": 100.0, "percent_statements_covered_display": "100"}, "missing_lines": [], "excluded_lines": [], "start_line": 123}, "HandoverDocument": {"executed_lines": [190, 193, 196, 197, 198, 200, 202, 204, 209, 210, 213, 214, 215, 216, 217, 219, 225, 232, 240, 241, 242, 243, 244, 245, 246, 247, 248, 249, 250, 251, 252, 255, 263, 271, 289, 290, 291, 292, 293, 294, 295, 299, 307, 309, 310, 311, 312, 315, 323, 348, 362, 365, 366, 367, 370, 372, 373, 374, 37
[...]
ummary": {"covered_lines": 8, "num_statements": 8, "percent_covered": 100.0, "percent_covered_display": "100", "missing_lines": 0, "excluded_lines": 0, "percent_statements_covered": 100.0, "percent_statements_covered_display": "100"}, "missing_lines": [], "excluded_lines": [], "start_line": 123}, "_field_map": {"executed_lines": [138, 139, 140, 141, 142, 144, 146, 147, 148, 149, 150, 151, 152, 153, 154, 155, 157, 158, 159, 160], "summary": {"covered_lines": 20, "num_statements": 22, "percent_covered": 90.9090909090909, "percent_covered_display": "91", "missing_lines": 2, "excluded_lines": 0, "percent_statements_covered": 90.9090909090909, "percent_statements_covered_display": "91"}, "missing_lines": [143, 145], "excluded_lines": [], "start_line": 136}, "_parse_board_state": {"executed_lines": [164, 171, 172, 173, 174, 176, 177, 178, 179, 180, 181, 183, 184, 185, 186, 187, 188, 190, 191, 192, 193, 194, 195, 196, 197, 198, 201, 202, 203, 204, 206, 217], "summary": {"covered_lines": 32, "num_statements": 34, "percent_covered": 94.11764705882354, "percent_covered_display": "94", "missing_lines": 2, "excluded_lines": 0, "percent_statements_covered": 94.11764705882354, "percent_statements_covered_display": "94"}, "missing_lines": [199, 200], "excluded_lines": [], "start_line": 163}, "get_board_state": {"executed_lines": [232, 233, 234], "summary": {"covered_lines": 3, "num_statements": 3, "percent_covered": 100.0, "percent_covered_display": "100", "missing_lines": 0, "excluded_lines": 0, "percent_statements_covered": 100.0, "percent_statements_covered_display": "100"}, "missing_lines": [], "excluded_lines": [], "start_line": 230}, "create_story": {"executed_lines": [243, 245, 248, 251, 252, 254, 257, 262, 264], "summary": {"covered_lines": 9, "num_statements": 10, "percent_covered": 90.0, "percent_covered_display": "90", "missing_lines": 1, "excluded_lines": 0, "percent_statements_covered": 90.0, "percent_statements_covered_display": "90"}, "missing_lines": [263], "excluded_lines": [], "start_line": 237}, "": {"executed_lines": [11, 13, 14, 15, 16, 18, 20, 22, 70, 78, 87, 95, 98, 109, 112, 123, 136, 163, 230, 237], "summary": {"covered_lines": 20, "num_statements": 20, "percent_covered": 100.0, "percent_covered_display": "100", "missing_lines": 0, "excluded_lines": 0, "percent_statements_covered": 100.0, "percent_statements_covered_display": "100"}, "missing_lines": [], "excluded_lines": [], "start_line": 1}}, "classes": {"GitHubAPIError": {"executed_lines": [], "summary": {"covered_lines": 0, "num_statements": 0, "percent_covered": 100.0, "percent_covered_display": "100", "missing_lines": 0, "excluded_lines": 0, "percent_statements_covered": 100.0, "percent_statements_covered_display": "100"}, "missing_lines": [], "excluded_lines": [], "start_line": 87}, "": {"executed_lines": [11, 13, 14, 15, 16, 18, 20, 22, 70, 78, 87, 95, 98, 109, 112, 115, 123, 124, 125, 126, 129, 130, 131, 132, 133, 136, 138, 139, 140, 141, 142, 144, 146, 147, 148, 149, 150, 151, 152, 153, 154, 155, 157, 158, 159, 160, 163, 164, 171, 172, 173, 174, 176, 177, 178, 179, 180, 181, 183, 184, 185, 186, 187, 188, 190, 191, 192, 193, 194, 195, 196, 197, 198, 201, 202, 203, 204, 206, 217, 230, 232, 233, 234, 237, 243, 245, 248, 251, 252, 254, 257, 262, 264], "summary": {"covered_lines": 93, "num_statements": 100, "percent_covered": 93.0, "percent_covered_display": "93", "missing_lines": 7, "excluded_lines": 0, "percent_statements_covered": 93.0, "percent_statements_covered_display": "93"}, "missing_lines": [99, 101, 143, 145, 199, 200, 263], "excluded_lines": [], "start_line": 1}}}, "src/alfred/tools/llm.py": {"executed_lines": [17, 19, 20, 21, 22, 23, 25, 27, 29, 32, 41, 87, 125, 131, 134, 137, 145, 147, 148, 149, 151, 153, 154, 155, 156, 158, 162, 170, 171, 174, 189, 190, 191, 195, 196, 198, 199, 200, 201, 202, 203, 204, 205, 213, 214, 215, 216, 217, 218, 225, 227], "summary": {"covered_lines": 51, "num_statements": 84, "percent_covered": 60.714285714285715, "percent_covered_display": "61", "missing_lines": 33, "excluded_lines": 0, "percent_statements_covered": 60.714285714285715, "percent_statements_covered_display": "61"}, "missing_lines": [47, 49, 50, 51, 53, 55, 56, 70, 71, 72, 73, 74, 75, 76, 78, 79, 80, 81, 84, 93, 95, 96, 97, 99, 101, 114, 115, 116, 117, 118, 120, 121, 122], "excluded_lines": [], "functions": {"_complete_anthropic": {"executed_lines": [], "summary": {"covered_lines": 0, "num_statements": 19, "percent_covered": 0.0, "percent_covered_display": "0", "missing_lines": 19, "excluded_lines": 0, "percent_statements_covered": 0.0, "percent_statements_covered_display": "0"}, "missing_lines": [47, 49, 50, 51, 53, 55, 56, 70, 71, 72, 73, 74, 75, 76, 78, 79, 80, 81, 84], "excluded_lines": [], "start_line": 41}, "_complete_openai": {"executed_lines": [], "summary": {"covered_lines": 0, "num_statements": 14, "percent_covered": 0.0, "percent_covered_display": "0", "missing_lines": 14, "excluded_lines": 0, "percent_statements_covered": 0.0, "percent_statements_covered_display": "0"}, "missing_lines": [93, 95, 96, 97, 99, 101, 114, 115, 116, 117, 118, 120, 121, 122], "excluded_lines": [], "start_line": 87}, "resolve_model": {"executed_lines": [145, 147, 148, 149, 151, 153, 154, 155, 156, 158, 162], "summary": {"covered_lines": 11, "num_statements": 11, "percent_covered": 100.0, "percent_covered_display": "100", "missing_lines": 0, "excluded_lines": 0, "percent_statements_covered": 100.0, "percent_statements_covered_display": "100"}, "missing_lines": [], "excluded_lines": [], "start_line": 137}, "_hash": {"executed_lines": [171], "summary": {"covered_lines": 1, "num_statements": 1, "percent_covered": 100.0, "percent_covered_display": "100", "missing_lines": 0, "excluded_lines": 0, "percent_statements_covered": 100.0, "percent_statements_covered_display": "100"}, "missing_lines": [], "excluded_lines": [], "start_line": 170}, "complete": {"executed_lines": [189, 190, 191, 195, 196, 198, 199, 200, 201, 202, 203, 204, 205, 213, 214, 215, 216, 217, 218, 225, 227], "summary": {"covered_lines": 21, "num_statements": 21, "percent_covered": 100.0, "percent_covered_display": "100", "missing_lines": 0, "excluded_lines": 0, "percent_statements_covered": 100.0, "percent_statements_covered_display": "100"}, "missing_lines": [], "excluded_lines": [], "start_line": 174}, "": {"executed_lines": [17, 19, 20, 21, 22, 23, 25, 27, 29, 32, 41, 87, 125, 131, 134, 137, 170, 174], "summary": {"covered_lines": 18, "num_statements": 18, "percent_covered": 100.0, "percent_covered_display": "100", "missing_lines": 0, "excluded_lines": 0, "percent_statements_covered": 100.0, "percent_statements_covered_display": "100"}, "missing_lines": [], "excluded_lines": [], "start_line": 1}}, "classes": {"LLMError": {"executed_lines": [], "summary": {"covered_lines": 0, "num_statements": 0, "percent_covered": 100.0, "percent_covered_display": "100", "missing_lines": 0, "excluded_lines": 0, "percent_statements_covered": 100.0, "percent_statements_covered_display": "100"}, "missing_lines": [], "excluded_lines": [], "start_line": 32}, "": {"executed_lines": [17, 19, 20, 21, 22, 23, 25, 27, 29, 32, 41, 87, 125, 131, 134, 137, 145, 147, 148, 149, 151, 153, 154, 155, 156, 158, 162, 170, 171, 174, 189, 190, 191, 195, 196, 198, 199, 200, 201, 202, 203, 204, 205, 213, 214, 215, 216, 217, 218, 225, 227], "summary": {"covered_lines": 51, "num_statements": 84, "percent_covered": 60.714285714285715, "percent_covered_display": "61", "missing_lines": 33, "excluded_lines": 0, "percent_statements_covered": 60.714285714285715, "percent_statements_covered_display": "61"}, "missing_lines": [47, 49, 50, 51, 53, 55, 56, 70, 71, 72, 73, 74, 75, 76, 78, 79, 80, 81, 84, 93, 95, 96, 97, 99, 101, 114, 115, 116, 117, 118, 120, 121, 122], "excluded_lines": [], "start_line": 1}}}, "src/alfred/tools/persistence.py": {"executed_lines": [13, 15, 16, 17, 18, 19, 21, 22, 24, 70, 71, 72, 73, 74, 75, 76, 77, 78, 81, 82, 85, 86, 98, 100, 101, 117, 120, 122, 123, 124, 125, 134, 145, 155, 156, 164, 165, 168, 176, 177, 185, 186, 189, 198, 199, 200, 201, 216, 219, 221, 222, 230, 233, 235, 236, 244, 247, 249, 250, 253, 256, 258, 259, 268, 271, 273, 276, 277, 286, 287, 291, 292, 293, 297], "summary": {"covered_lines": 74, "num_statements": 75, "percent_covered": 98.66666666666667, "percent_covered_display": "99", "missing_lines": 1, "excluded_lines": 0, "percent_statements_covered": 98.66666666666667, "percent_statements_covered_display": "99"}, "missing_lines": [274], "excluded_lines": [], "functions": {"_connect": {"executed_lines": [71, 72, 73, 74, 75, 76, 77, 78], "summary": {"covered_lines": 8, "num_statements": 8, "percent_covered": 100.0, "percent_covered_display": "100", "missing_lines": 0, "excluded_lines": 0, "percent_statements_covered": 100.0, "percent_statements_covered_display": "100"}, "missing_lines": [], "excluded_lines": [], "start_line": 70}, "_now_iso": {"executed_lines": [82], "summary": {"covered_lines": 1, "num_statements": 1, "percent_covered": 100.0, "percent_covered_display": "100", "missing_lines": 0, "excluded_lines": 0, "percent_statements_covered": 100.0, "percent_statements_covered_display": "100"}, "missing_lines": [], "excluded_lines": [], "start_line": 81}, "_approval_row_to_dict": {"executed_lines": [86], "summary": {"covered_lines": 1, "num_statements": 1, "percent_covered": 100.0, "percent_covered_display": "100", "missing_lines": 0, "excluded_lines": 0, "percent_statements_covered": 100.0, "percent_statements_covered_display": "100"}, "missing_lines": [], "excluded_lines": [], "start_line": 85}, "record_velocity": {"executed_lines": [100, 101, 117], "summary": {"covered_lines": 3, "num_statements": 3, "percent_covered": 100.0, "percent_covered_display": "100", "missing_lines": 0, "excluded_lines": 0, "percent_statements_covered": 100.0, "percent_statements_covered_display": "100"}, "missing_lines": [], "excluded_lines": [], "start_line": 98}, "get_velocity_history": {"executed_lines": [122, 123, 124, 125, 134], "summary": {"covered_lines": 5, "num_statements": 5, "percent_covered": 100.0, "percent_covered_display": "100", "missing_lines": 0, "excluded_lines": 0, "percent_statements_covered": 100.0, "percent_statements_covered_display": "100"}, "missing_lines": [], "excluded_lines": [], "start_line": 120}, "record_agent_invocation": {"executed_lines": [155, 156, 164, 165], "summary": {"covered_lines": 4, "num_statements": 4, "percent_covered": 100.0, "percent_covered_display": "100", "missing_lines": 0, "excluded_lines": 0, "percent_statements_covered": 100.0, "percent_statements_covered_display": "100"}, "missing_lines": [], "excluded_lines": [], "start_line": 145}, "record_checkpoint": {"executed_lines": [176, 177, 185, 186], "summary": {"covered_lines": 4, "num_statements": 4, "percent_covered": 100.0, "percent_covered_display": "100", "missing_lines": 0, "excluded_lines": 0, "percent_statements_covered": 100.0, "percent_statements_covered_display": "100"}, "missing_lines": [], "excluded_lines": [], "start_line": 168}, "create_pending_approval": {"executed_lines": [198, 199, 200, 201, 216], "summary": {"covered_lines": 5, "num_statements": 5, "percent_covered": 100.0, "percent_covered_display": "100", "missing_lines": 0, "excluded_lines": 0, "percent_statements_covered": 100.0, "percent_statements_covered_display": "100"}, "missing_lines": [], "excluded_lines": [], "start_line": 189}, "get_approval": {"executed_lines": [221, 222, 230], "summary": {"covered_lines": 3, "num_statements": 3, "percent_covered": 100.0, "percent_covered_display": "100", "missing_lines": 0, "excluded_lines": 0, "percent_statements_covered": 100.0, "percent_statements_covered_display": "100"}, "missing_lines": [], "excluded_lines": [], "start_line": 219}, "get_pending_approvals": {"executed_lines": [235, 236, 244], "summary": {"covered_lines": 3, "num_statements": 3, "percent_covered": 100.0, "percent_covered_display": "100", "missing_lines": 0, "excluded_lines": 0, "percent_statements_covered": 100.0, "percent_statements_covered_display": "100"}, "missing_lines": [], "excluded_lines": [], "start_line": 233}, "count_pending_approvals": {"executed_lines": [249, 250, 253], "summary": {"covered_lines": 3, "num_statements": 3, "percent_covered": 100.0, "percent_covered_display": "100", "missing_lines": 0, "excluded_lines": 0, "percent_statements_covered": 100.0, "percent_statements_covered_display": "100"}, "missing_lines": [], "excluded_lines": [], "start_line": 247}, "get_expired_approvals": {"executed_lines": [258, 259, 268], "summary": {"covered_lines": 3, "num_statements": 3, "percent_covered": 100.0, "percent_covered_display": "100", "missing_lines": 0, "excluded_lines": 0, "percent_statements_covered": 100.0, "percent_statements_covered_display": "100"}, "missing_lines": [], "excluded_lines": [], "start_line": 256}, "record_approval_decision": {"executed_lines": [273, 276, 277, 286, 287, 291, 292, 293, 297], "summary": {"covered_lines": 9, "num_statements": 10, "percent_covered": 90.0, "percent_covered_display": "90", "missing_lines": 1, "excluded_lines": 0, "percent_statements_covered": 90.0, "percent_statements_covered_display": "90"}, "missing_lines": [274], "excluded_lines": [], "start_line": 271}, "": {"executed_lines": [13, 15, 16, 17, 18, 19, 21, 22, 24, 70, 81, 85, 98, 120, 145, 168, 189, 219, 233, 247, 256, 271], "summary": {"covered_lines": 22, "num_statements": 22, "percent_covered": 100.0, "percent_covered_display": "100", "missing_lines": 0, "excluded_lines": 0, "percent_statements_covered": 100.0, "percent_statements_covered_display": "100"}, "missing_lines": [], "excluded_lines": [], "start_line": 1}}, "classes": {"": {"executed_lines": [13, 15, 16, 17, 18, 19, 21, 22, 24, 70, 71, 72, 73, 74, 75, 76, 77, 78, 81, 82, 85, 86, 98, 100, 101, 117, 120, 122, 123, 124, 125, 134, 145, 155, 156, 164, 165, 168, 176, 177, 185, 186, 189, 198, 199, 200, 201, 216, 219, 221, 222, 230, 233, 235, 236, 244, 247, 249, 250, 253, 256, 258, 259, 268, 271, 273, 276, 277, 286, 287, 291, 292, 293, 297], "summary": {"covered_lines": 74, "num_statements": 75, "percent_covered": 98.66666666666667, "percent_covered_display": "99", "missing_lines": 1, "excluded_lines": 0, "percent_statements_covered": 98.66666666666667, "percent_statements_covered_display": "99"}, "missing_lines": [274], "excluded_lines": [], "start_line": 1}}}, "src/alfred/tools/rag.py": {"executed_lines": [14, 16, 17, 18, 19, 21, 23, 24, 31, 34, 40, 41, 42, 43, 44, 45, 52, 54, 55, 56, 57, 65, 66, 67, 68, 69, 70, 71, 78, 85, 88, 90, 92, 94, 95, 96, 98, 101, 102, 105, 108, 109, 112, 113, 114, 115, 123, 124, 125, 128, 131, 136, 138, 139, 140, 141, 142, 143, 145, 150, 151, 152, 154, 157, 158, 159, 161, 170, 178, 179, 181, 184, 186, 188, 189, 191, 192, 193, 195, 199, 200, 201, 203], "summary": {"covered_lines": 83, "num_statements": 87, "percent_covered": 95.40229885057471, "percent_covered_display": "95", "missing_lines": 4, "excluded_lines": 0, "percent_statements_covered": 95.40229885057471, "percent_statements_covered_display": "95"}, "missing_lines": [126, 127, 155, 180], "excluded_lines": [], "functions": {"_chunk_markdown": {"executed_lines": [40, 41, 42, 43, 44, 45, 52, 54, 55, 56, 57, 65, 66, 67, 68, 69, 70, 71, 78], "summary": {"covered_lines": 19, "num_statements": 19, "percent_covered": 100.0, "percent_covered_display": "100", "missing_lines": 0, "excluded_lines": 0, "percent_statements_covered": 100.0, "percent_statements_covered_display": "100"}, "missing_lines": [], "excluded_lines": [], "start_line": 34}, "_default_embedder": {"executed_lines": [90, 92, 94, 98], "summary": {"covered_lines": 4, "num_statements": 4, "percent_covered": 100.0, "percent_covered_display": "100", "missing_lines": 0, "excluded_lines": 0, "percent_statements_covered": 100.0, "percent_statements_covered_display": "100"}, "missing_lines": [], "excluded_lines": [], "start_line": 88}, "_default_embedder.embed": {"executed_lines": [95, 96], "summary": {"covered_lines": 2, "num_statements": 2, "percent_covered": 100.0, "percent_covered_display": "100", "missing_lines": 0, "excluded_lines": 0, "percent_statements_covered": 100.0, "percent_statements_covered_display": "100"}, "missing_lines": [], "excluded_lines": [], "start_line": 94}, "set_embedder": {"executed_lines": [108, 109], "summary": {"covered_lines": 2, "num_statements": 2, "percent_covered": 100.0, "percent_covered_display": "100", "missing_lines": 0, "excluded_lines": 0, "percent_statements_covered": 100.0, "percent_statements_covered_display": "100"}, "missing_lines": [], "excluded_lines": [], "start_line": 105}, "_make_embedder": {"executed_lines": [113, 114, 115], "summary": {"covered_lines": 3, "num_statements": 3, "percent_covered": 100.0, "percent_covered_display": "100", "missing_lines": 0, "excluded_lines": 0, "percent_statements_covered": 100.0, "percent_statements_covered_display": "100"}, "missing_lines": [], "excluded_lines": [], "start_line": 112}, "_iter_markdown_files": {"executed_lines": [124, 125, 128], "summary": {"covered_lines": 3, "num_statements": 5, "percent_covered": 60.0, "percent_covered_display": "60", "missing_lines": 2, "excluded_lines": 0, "percent_statements_covered": 60.0, "percent_statements_covered_display": "60"}, "missing_lines": [126, 127], "excluded_lines": [], "start_line": 123}, "index_corpus": {"executed_lines": [136, 138, 139, 140, 141, 142, 143, 145, 150, 151, 152, 154, 157, 158, 159, 161, 170], "summary": {"covered_lines": 17, "num_statements": 18, "percent_covered": 94.44444444444444, "percent_covered_display": "94", "missing_lines": 1, "excluded_lines": 0, "percent_statements_covered": 94.44444444444444, "percent_statements_covered_display": "94"}, "missing_lines": [155], "excluded_lines": [], "start_line": 131}, "_distance_to_score": {"executed_lines": [179, 181], "summary": {"covered_lines": 2, "num_statements": 3, "percent_covered": 66.66666666666667, "percent_covered_display": "67", "missing_lines": 1, "excluded_lines": 0, "percent_statements_covered": 66.66666666666667, "percent_statements_covered_display": "67"}, "missing_lines": [180], "excluded_lines": [], "start_line": 178}, "retrieve": {"executed_lines": [186, 188, 189, 191, 192, 193, 195, 199, 200, 201, 203], "summary": {"covered_lines": 11, "num_statements": 11, "percent_covered": 100.0, "percent_covered_display": "100", "missing_lines": 0, "excluded_lines": 0, "percent_statements_covered": 100.0, "percent_statements_covered_display": "100"}, "missing_lines": [], "excluded_lines": [], "start_line": 184}, "": {"executed_lines": [14, 16, 17, 18, 19, 21, 23, 24, 31, 34, 85, 88, 101, 102, 105, 112, 123, 131, 178, 184], "summary": {"covered_lines": 20, "num_statements": 20, "percent_covered": 100.0, "percent_covered_display": "100", "missing_lines": 0, "excluded_lines": 0, "percent_statements_covered": 100.0, "percent_statements_covered_display": "100"}, "missing_lines": [], "excluded_lines": [], "start_line": 1}}, "classes": {"": {"executed_lines": [14, 16, 17, 18, 19, 21, 23, 24, 31, 34, 40, 41, 42, 43, 44, 45, 52, 54, 55, 56, 57, 65, 66, 67, 68, 69, 70, 71, 78, 85, 88, 90, 92, 94, 95, 96, 98, 101, 102, 105, 108, 109, 112, 113, 114, 115, 123, 124, 125, 128, 131, 136, 138, 139, 140, 141, 142, 143, 145, 150, 151, 152, 154, 157, 158, 159, 161, 170, 178, 179, 181, 184, 186, 188, 189, 191, 192, 193, 195, 199, 200, 201, 203], "summary": {"covered_lines": 83, "num_statements": 87, "percent_covered": 95.40229885057471, "percent_covered_display": "95", "missing_lines": 4, "excluded_lines": 0, "percent_statements_covered": 95.40229885057471, "percent_statements_covered_display": "95"}, "missing_lines": [126, 127, 155, 180], "excluded_lines": [], "start_line": 1}}}}, "totals": {"covered_lines": 1396, "num_statements": 1726, "percent_covered": 80.88064889918887, "percent_covered_display": "81", "missing_lines": 330, "excluded_lines": 3, "percent_statements_covered": 80.88064889918887, "percent_statements_covered_display": "81"}}