{"meta": {"format": 3, "version": "7.13.5", "timestamp": "2026-04-30T16:26:27.771599", "branch_coverage": false, "show_contexts": false}, "files": {"src/alfred/__init__.py": {"executed_lines": [], "summary": {"covered_lines": 0, "num_statements": 0, "percent_covered": 100.0, "percent_covered_display": "100", "missing_lines": 0, "excluded_lines": 0, "percent_statements_covered": 100.0, "percent_statements_covered_display": "100"}, "missing_lines": [], "excluded_lines": [], "functions": {"": {"executed_lines": [], "summary": {"covered_lines": 0, "num_statements": 0, "percent_covered": 100.0, "percent_covered_display": "100", "missing_lines": 0, "excluded_lines": 0, "percent_statements_covered": 100.0, "percent_statements_covered_display": "100"}, "missing_lines": [], "excluded_lines": [], "start_line": 1}}, "classes": {"": {"executed_lines": [], "summary": {"covered_lines": 0, "num_statements": 0, "percent_covered": 100.0, "percent_covered_display": "100", "missing_lines": 0, "excluded_lines": 0, "percent_statements_covered": 100.0, "percent_statements_covered_display": "100"}, "missing_lines": [], "excluded_lines": [], "start_line": 1}}}, "src/alfred/agents/__init__.py": {"executed_lines": [], "summary": {"covered_lines": 0, "num_statements": 0, "percent_covered": 100.0, "percent_covered_display": "100", "missing_lines": 0, "excluded_lines": 0, "percent_statements_covered": 100.0, "percent_statements_covered_display": "100"}, "missing_lines": [], "excluded_lines": [], "functions": {"": {"executed_lines": [], "summary": {"covered_lines": 0, "num_statements": 0, "percent_covered": 100.0, "percent_covered_display": "100", "missing_lines": 0, "excluded_lines": 0, "percent_statements_covered": 100.0, "percent_statements_covered_display": "100"}, "missing_lines": [], "excluded_lines": [], "start_line": 1}}, "classes": {"": {"executed_lines": [], "summary": {"covered_lines": 0, "num_statements": 0, "percent_covered": 100.0, "percent_covered_display": "100", "missing_lines": 0, "excluded_lines": 0, "percent_statements_covered": 100.0, "percent_statements_covered_display": "100"}, "missing_lines": [], "excluded_lines": [], "start_line": 1}}}, "src/alfred/agents/compiler.py": {"executed_lines": [10, 12, 14, 15, 18, 19, 21, 23, 50, 58, 59, 66, 67, 71], "summary": {"covered_lines": 14, "num_statements": 14, "percent_covered": 100.0, "percent_covered_display": "100", "missing_lines": 0, "excluded_lines": 0, "percent_statements_covered": 100.0, "percent_statements_covered_display": "100"}, "missing_lines": [], "excluded_lines": [], "functions": {"_build_prompt": {"executed_lines": [19, 21, 23], "summary": {"covered_lines": 3, "num_statements": 3, "percent_covered": 100.0, "percent_covered_display": "100", "missing_lines": 0, "excluded_lines": 0, "percent_statements_covered": 100.0, "percent_statements_covered_display": "100"}, "missing_lines": [], "excluded_lines": [], "start_line": 18}, "run_compiler": {"executed_lines": [58, 59, 66, 67, 71], "summary": {"covered_lines": 5, "num_statements": 5, "percent_covered": 100.0, "percent_covered_display": "100", "missing_lines": 0, "excluded_lines": 0, "percent_statements_covered": 100.0, "percent_statements_covered_display": "100"}, "missing_lines": [], "excluded_lines": [], "start_line": 50}, "": {"executed_lines": [10, 12, 14, 15, 18, 50], "summary": {"covered_lines": 6, "num_statements": 6, "percent_covered": 100.0, "percent_covered_display": "100", "missing_lines": 0, "excluded_lines": 0, "percent_statements_covered": 100.0, "percent_statements_covered_display": "100"}, "missing_lines": [], "excluded_lines": [], "start_line": 1}}, "classes": {"": {"executed_lines": [10, 12, 14, 15, 18, 19, 21, 23, 50, 58, 59, 66, 67, 71], "summary": {"covered_lines": 14, "num_statements": 14, "percent_covered": 100.0, "percent_covered_display": "100", "missing_lines": 0, "excluded_lines": 0, "percent_statements_covered": 100.0, "percent_statements_covered_display": "100"}, "missing_lines": [], "excluded_lines": [], "start_line": 1}}}, "src/alfred/agents/planner.py": {"executed_lines": [13, 15, 16, 17, 19, 20, 24, 27, 28, 32, 35, 43, 44, 45, 46, 47, 48, 49, 50, 51, 54, 57, 58, 59, 60, 61, 62, 64, 76, 88, 95, 96, 97, 135, 157, 158, 159, 160, 161, 162, 163, 166, 167, 173, 174, 175, 176, 177, 178, 179, 180, 181, 183, 185, 192, 193, 194, 195, 199, 201, 202, 203, 204, 205, 207, 210, 211, 213, 223, 224, 225, 229, 246, 247, 248, 259, 260, 268, 285, 296, 307, 310, 318, 319], "summary": {"covered_lines": 84, "num_statements": 95, "percent_covered": 88.42105263157895, "percent_covered_display": "88", "missing_lines": 11, "excluded_lines": 0, "percent_statements_covered": 88.42105263157895, "percent_statements_covered_display": "88"}, "missing_lines": [52, 53, 136, 137, 138, 141, 145, 208, 214, 215, 216], "excluded_lines": [], "functions": {"load_canonical_template": {"executed_lines": [43, 44, 45, 46, 47, 48, 49, 50, 51, 54], "summary": {"covered_lines": 10, "num_statements": 12, "percent_covered": 83.33333333333333, "percent_covered_display": "83", "missing_lines": 2, "excluded_lines": 0, "percent_statements_covered": 83.33333333333333, "percent_statements_covered_display": "83"}, "missing_lines": [52, 53], "excluded_lines": [], "start_line": 35}, "_build_prompt": {"executed_lines": [58, 59, 60, 61, 62, 64, 76, 88, 95, 96, 97, 135, 157, 158, 159, 160, 161, 162, 163, 166, 167, 173, 174, 175, 176, 177, 178, 179, 180, 181, 183, 185, 192, 193, 194, 195, 199, 201, 202, 203, 204, 205, 207, 210, 211, 213, 223, 224, 225, 229, 246, 247, 248, 259, 260, 268, 285, 296, 307], "summary": {"covered_lines": 59, "num_statements": 68, "percent_covered": 86.76470588235294, "percent_covered_display": "87", "missing_lines": 9, "excluded_lines": 0, "percent_statements_covered": 86.76470588235294, "percent_statements_covered_display": "87"}, "missing_lines": [136, 137, 138, 141, 145, 208, 214, 215, 216], "excluded_lines": [], "start_line": 57}, "run_planner": {"executed_lines": [318, 319], "summary": {"covered_lines": 2, "num_statements": 2, "percent_covered": 100.0, "percent_covered_display": "100", "missing_lines": 0, "excluded_lines": 0, "percent_statements_covered": 100.0, "percent_statements_covered_display": "100"}, "missing_lines": [], "excluded_lines": [], "start_line": 310}, "": {"executed_lines": [13, 15, 16, 17, 19, 20, 24, 27, 28, 32, 35, 57, 310], "summary": {"covered_lines": 13, "num_statements": 13, "percent_covered": 100.0, "percent_covered_display": "100", "missing_lines": 0, "excluded_lines": 0, "percent_statements_covered": 100.0, "percent_statements_covered_display": "100"}, "missing_lines": [], "excluded_lines": [], "start_line": 1}}, "classes": {"": {"executed_lines": [13, 15, 16, 17, 19, 20, 24, 27, 28, 32, 35, 43, 44, 45, 46, 47, 48, 49, 50, 51, 54, 57, 58, 59, 60, 61, 62, 64, 76, 88, 95, 96, 97, 135, 157, 158, 159, 160, 161, 162, 163, 166, 167, 173, 174, 175, 176, 177, 178, 179, 180, 181, 183, 185, 192, 193, 194, 195, 199, 201, 202, 203, 204, 205, 207, 210, 211, 213, 223, 224, 225, 229, 246, 247, 248, 259, 260, 268, 285, 296, 307, 310, 318, 319], "summary": {"covered_lines": 84, "num_statements": 95, "percent_covered": 88.42105263157895, "percent_covered_display": "88", "missing_lines": 11, "excluded_lines": 0, "percent_statements_covered": 88.42105263157895, "percent_statements_covered_display": "88"}, "missing_lines": [52, 53, 136, 137, 138, 141, 145, 208, 214, 215, 216], "excluded_lines": [], "start_line": 1}}}, "src/alfred/agents/quality_judge.py": {"executed_lines": [20, 22, 23, 25, 27, 33, 35, 42, 45, 46, 49, 50, 51, 54, 55, 56, 64, 69, 70, 71, 72, 73, 81, 88, 97, 100, 108, 116, 117, 118, 119, 121, 122, 124, 137, 146, 148, 149, 160, 163, 165, 166, 175, 176, 177, 186, 194, 209, 211, 214, 215, 216, 217, 224, 225, 226, 227, 228, 237, 238, 242, 245, 249, 250, 251, 252, 253, 254, 258, 259, 260, 261, 263], "summary": {"covered_lines": 73, "num_statements": 75, "percent_covered": 97.33333333333333, "percent_covered_display": "97", "missing_lines": 2, "excluded_lines": 1, "percent_statements_covered": 97.33333333333333, "percent_statements_covered_display": "97"}, "missing_lines": [89, 212], "excluded_lines": [1], "functions": {"_parse_decision_table": {"executed_lines": [69, 70, 71, 72, 73], "summary": {"covered_lines": 5, "num_statements": 5, "percent_covered": 100.0, "percent_covered_display": "100", "missing_lines": 0, "excluded_lines": 0, "percent_statements_covered": 100.0, "percent_statements_covered_display": "100"}, "missing_lines": [], "excluded_lines": [], "start_line": 64}, "_evaluate_checkpoint": {"executed_lines": [88, 97, 100, 108, 116, 117, 118, 119, 121, 122, 124], "summary": {"covered_lines": 11, "num_statements": 12, "percent_covered": 91.66666666666667, "percent_covered_display": "92", "missing_lines": 1, "excluded_lines": 0, "percent_statements_covered": 91.66666666666667, "percent_statements_covered_display": "92"}, "missing_lines": [89], "excluded_lines": [], "start_line": 81}, "_check_methodology_compliance": {"executed_lines": [148, 149], "summary": {"covered_lines": 2, "num_statements": 2, "percent_covered": 100.0, "percent_covered_display": "100", "missing_lines": 0, "excluded_lines": 0, "percent_statements_covered": 100.0, "percent_statements_covered_display": "100"}, "missing_lines": [], "excluded_lines": [], "start_line": 146}, "_find_validation_issues": {"executed_lines": [163, 165, 166, 175, 176, 177, 186], "summary": {"covered_lines": 7, "num_statements": 7, "percent_covered": 100.0, "percent_covered_display": "100", "missing_lines": 0, "excluded_lines": 0, "percent_statements_covered": 100.0, "percent_statements_covered_display": "100"}, "missing_lines": [], "excluded_lines": [], "start_line": 160}, "run_quality_judge": {"executed_lines": [209, 211, 214, 215, 216, 217, 224, 225, 226, 227, 228, 237, 238, 242, 245, 249, 250, 251, 252, 253, 254, 258, 259, 260, 261, 263], "summary": {"covered_lines": 26, "num_statements": 27, "percent_covered": 96.29629629629629, "percent_covered_display": "96", "missing_lines": 1, "excluded_lines": 0, "percent_statements_covered": 96.29629629629629, "percent_statements_covered_display": "96"}, "missing_lines": [212], "excluded_lines": [], "start_line": 194}, "": {"executed_lines": [20, 22, 23, 25, 27, 33, 35, 42, 45, 46, 49, 50, 51, 54, 55, 56, 64, 81, 137, 146, 160, 194], "summary": {"covered_lines": 22, "num_statements": 22, "percent_covered": 100.0, "percent_covered_display": "100", "missing_lines": 0, "excluded_lines": 1, "percent_statements_covered": 100.0, "percent_statements_covered_display": "100"}, "missing_lines": [], "excluded_lines": [1], "start_line": 1}}, "classes": {"_ObservationMatch": {"executed_lines": [], "summary": {"covered_lines": 0, "num_statements": 0, "percent_covered": 100.0, "percent_covered_display": "100", "missing_lines": 0, "excluded_lines": 0, "percent_statements_covered": 100.0, "percent_statements_covered_display": "100"}, "missing_lines": [], "excluded_lines": [], "start_line": 42}, "_DecisionRow": {"executed_lines": [], "summary": {"covered_lines": 0, "num_statements": 0, "percent_covered": 100.0, "percent_covered_display": "100", "missing_lines": 0, "excluded_lines": 0, "percent_statements_covered": 100.0, "percent_statements_covered_display": "100"}, "missing_lines": [], "excluded_lines": [], "start_line": 49}, "_DecisionTable": {"executed_lines": [], "summary": {"covered_lines": 0, "num_statements": 0, "percent_covered": 100.0, "percent_covered_display": "100", "missing_lines": 0, "excluded_lines": 0, "percent_statements_covered": 100.0, "percent_statements_covered_display": "100"}, "missing_lines": [], "excluded_lines": [], "start_line": 54}, "": {"executed_lines": [20, 22, 23, 25, 27, 33, 35, 42, 45, 46, 49, 50, 51, 54, 55, 56, 64, 69, 70, 71, 72, 73, 81, 88, 97, 100, 108, 116, 117, 118, 119, 121, 122, 124, 137, 146, 148, 149, 160, 163, 165, 166, 175, 176, 177, 186, 194, 209, 211, 214, 215, 216, 217, 224, 225, 226, 227, 228, 237, 238, 242, 245, 249, 250, 251, 252, 253, 254, 258, 259, 260, 261, 263], "summary": {"covered_lines": 73, "num_statements": 75, "percent_covered": 97.33333333333333, "percent_covered_display": "97", "missing_lines": 2, "excluded_lines": 1, "percent_statements_covered": 97.33333333333333, "percent_statements_covered_display": "97"}, "missing_lines": [89, 212], "excluded_lines": [1], "start_line": 1}}}, "src/alfred/agents/retro_analyst.py": {"executed_lines": [14, 16, 18, 23, 30, 31, 32, 38, 39, 40, 42, 43, 45, 46, 47, 48, 49, 50, 51, 52, 53, 55, 57, 69, 70, 72, 81, 82, 84, 85, 90, 92, 97, 98, 99, 100, 101, 103, 113, 121, 129, 130, 132, 140], "summary": {"covered_lines": 44, "num_statements": 47, "percent_covered": 93.61702127659575, "percent_covered_display": "94", "missing_lines": 3, "excluded_lines": 0, "percent_statements_covered": 93.61702127659575, "percent_statements_covered_display": "94"}, "missing_lines": [93, 94, 95], "excluded_lines": [], "functions": {"_compute_velocity_trend": {"executed_lines": [31, 32, 38, 39, 40, 42, 43, 45, 46, 47, 48, 49, 50, 51, 52, 53, 55, 57], "summary": {"covered_lines": 18, "num_statements": 18, "percent_covered": 100.0, "percent_covered_display": "100", "missing_lines": 0, "excluded_lines": 0, "percent_statements_covered": 100.0, "percent_statements_covered_display": "100"}, "missing_lines": [], "excluded_lines": [], "start_line": 30}, "_build_prompt": {"executed_lines": [70, 72, 81, 82, 84, 85, 90, 92, 97, 98, 99, 100, 101, 103, 113], "summary": {"covered_lines": 15, "num_statements": 18, "percent_covered": 83.33333333333333, "percent_covered_display": "83", "missing_lines": 3, "excluded_lines": 0, "percent_statements_covered": 83.33333333333333, "percent_statements_covered_display": "83"}, "missing_lines": [93, 94, 95], "excluded_lines": [], "start_line": 69}, "run_retro_analyst": {"executed_lines": [129, 130, 132, 140], "summary": {"covered_lines": 4, "num_statements": 4, "percent_covered": 100.0, "percent_covered_display": "100", "missing_lines": 0, "excluded_lines": 0, "percent_statements_covered": 100.0, "percent_statements_covered_display": "100"}, "missing_lines": [], "excluded_lines": [], "start_line": 121}, "": {"executed_lines": [14, 16, 18, 23, 30, 69, 121], "summary": {"covered_lines": 7, "num_statements": 7, "percent_covered": 100.0, "percent_covered_display": "100", "missing_lines": 0, "excluded_lines": 0, "percent_statements_covered": 100.0, "percent_statements_covered_display": "100"}, "missing_lines": [], "excluded_lines": [], "start_line": 1}}, "classes": {"": {"executed_lines": [14, 16, 18, 23, 30, 31, 32, 38, 39, 40, 42, 43, 45, 46, 47, 48, 49, 50, 51, 52, 53, 55, 57, 69, 70, 72, 81, 82, 84, 85, 90, 92, 97, 98, 99, 100, 101, 103, 113, 121, 129, 130, 132, 140], "summary": {"covered_lines": 44, "num_statements": 47, "percent_covered": 93.61702127659575, "percent_covered_display": "94", "missing_lines": 3, "excluded_lines": 0, "percent_statements_covered": 93.61702127659575, "percent_statements_covered_display": "94"}, "missing_lines": [93, 94, 95], "excluded_lines": [], "start_line": 1}}}, "src/alfred/agents/story_generator.py": {"executed_lines": [12, 14, 16, 22, 25, 26, 28, 39, 40, 41, 48, 49, 50, 51, 52, 54, 55, 56, 57, 58, 60, 61, 63, 69, 72, 74, 75, 79, 80, 81, 84, 92, 93, 101, 102, 104, 105, 106, 107, 109, 111], "summary": {"covered_lines": 41, "num_statements": 41, "percent_covered": 100.0, "percent_covered_display": "100", "missing_lines": 0, "excluded_lines": 0, "percent_statements_covered": 100.0, "percent_statements_covered_display": "100"}, "missing_lines": [], "excluded_lines": [], "functions": {"_build_prompt": {"executed_lines": [26, 28, 39, 40, 41, 48, 49, 50, 51, 52, 54, 55, 56, 57, 58, 60, 61, 63, 69], "summary": {"covered_lines": 19, "num_statements": 19, "percent_covered": 100.0, "percent_covered_display": "100", "missing_lines": 0, "excluded_lines": 0, "percent_statements_covered": 100.0, "percent_statements_covered_display": "100"}, "missing_lines": [], "excluded_lines": [], "start_line": 25}, "_apply_rubric": {"executed_lines": [74, 75, 79, 80, 81], "summary": {"covered_lines": 5, "num_statements": 5, "percent_covered": 100.0, "percent_covered_display": "100", "missing_lines": 0, "excluded_lines": 0, "percent_statements_covered": 100.0, "percent_statements_covered_display": "100"}, "missing_lines": [], "excluded_lines": [], "start_line": 72}, "run_story_generator": {"executed_lines": [92, 93, 101, 102, 104, 105, 106, 107, 109, 111], "summary": {"covered_lines": 10, "num_statements": 10, "percent_covered": 100.0, "percent_covered_display": "100", "missing_lines": 0, "excluded_lines": 0, "percent_statements_covered": 100.0, "percent_statements_covered_display": "100"}, "missing_lines": [], "excluded_lines": [], "start_line": 84}, "": {"executed_lines": [12, 14, 16, 22, 25, 72, 84], "summary": {"covered_lines": 7, "num_statements": 7, "percent_covered": 100.0, "percent_covered_display": "100", "missing_lines": 0, "excluded_lines": 0, "percent_statements_covered": 100.0, "percent_statements_covered_display": "100"}, "missing_lines": [], "excluded_lines": [], "start_line": 1}}, "classes": {"": {"executed_lines": [12, 14, 16, 22, 25, 26, 28, 39, 40, 41, 48, 49, 50, 51, 52, 54, 55, 56, 57, 58, 60, 61, 63, 69, 72, 74, 75, 79, 80, 81, 84, 92, 93, 101, 102, 104, 105, 106, 107, 109, 111], "summary": {"covered_lines": 41, "num_statements": 41, "percent_covered": 100.0, "percent_covered_display": "100", "missing_lines": 0, "excluded_lines": 0, "percent_statements_covered": 100.0, "percent_statements_covered_display": "100"}, "missing_lines": [], "excluded_lines": [], "start_line": 1}}}, "src/alfred/api.py": {"executed_lines": [9, 11, 12, 13, 14, 15, 16, 17, 18, 20, 21, 22, 23, 24, 26, 37, 38, 39, 45, 48, 49, 53, 54, 55, 56, 58, 59, 60, 61, 62, 68, 70, 71, 72, 75, 78, 86, 87, 88, 91, 92, 93, 94, 97, 98, 99, 100, 103, 104, 105, 106, 107, 108, 111, 112, 113, 114, 117, 118, 119, 120, 121, 122, 123, 124, 125, 128, 129, 130, 133, 134, 135, 138, 139, 140, 143, 144, 145, 146, 147, 150, 151, 154, 155, 158, 159, 160, 161, 164, 165, 166, 167, 170, 171, 179, 181, 182, 183, 184, 185, 187, 188, 189, 190, 191, 192, 193, 196, 201, 207, 208, 209, 217, 218, 219, 220, 221, 222, 225, 226, 227, 235, 237, 238, 241, 242, 244, 248, 251, 254, 255, 256, 257, 262, 264, 266, 267, 268, 271, 272, 273, 278, 279, 280, 281, 282, 286, 287, 296, 299, 300, 301, 302, 303, 304, 306, 307, 313, 314, 315, 323, 324, 326, 329, 330, 332, 333, 334, 338, 341, 342, 344, 346, 347, 348, 350, 351, 352, 353, 354, 355, 356, 358, 360, 361, 377, 384, 391, 398, 399, 401, 402, 404, 405, 410, 411, 418, 421, 422, 431, 432, 434, 436, 438, 439, 440, 443, 444, 453, 454, 457, 463, 464, 466, 468, 469, 470, 473, 474, 475, 476, 477, 478, 480, 481, 483, 486, 487, 489, 491, 492, 493, 496, 499, 500, 502, 504, 505, 506, 509, 510, 511, 512, 513, 517, 520, 521, 523, 524, 526, 527, 528, 529, 531, 543, 544, 587, 588, 590, 592, 594, 595, 596, 598, 599, 600, 601, 602, 603, 604, 605, 609, 612, 613, 617], "summary": {"covered_lines": 275, "num_statements": 331, "percent_covered": 83.08157099697885, "percent_covered_display": "83", "missing_lines": 56, "excluded_lines": 0, "percent_statements_covered": 83.08157099697885, "percent_statements_covered_display": "83"}, "missing_lines": [57, 63, 64, 65, 186, 210, 211, 212, 213, 214, 228, 229, 230, 231, 232, 239, 245, 246, 258, 259, 269, 274, 275, 276, 283, 284, 419, 441, 455, 471, 482, 494, 507, 514, 515, 550, 552, 553, 554, 556, 557, 562, 564, 565, 571, 572, 574, 575, 576, 577, 578, 580, 610, 611, 614, 615], "excluded_lines": [], "functions": {"_load_default_config": {"executed_lines": [49, 53, 54, 55, 56, 58, 59, 60, 61, 62], "summary": {"covered_lines": 10, "num_statements": 14, "percent_covered": 71.42857142857143, "percent_covered_display": "71", "missing_lines": 4, "excluded_lines": 0, "percent_statements_covered": 71.42857142857143, "percent_statements_covered_display": "71"}, "missing_lines": [57, 63, 64, 65], "excluded_lines": [], "start_line": 48}, "get_config": {"executed_lines": [70, 71, 72], "summary": {"covered_lines": 3, "num_statements": 3, "percent_covered": 100.0, "percent_covered_display": "100", "missing_lines": 0, "excluded_lines": 0, "percent_statements_covered": 100.0, "percent_statements_covered_display": "100"}, "missing_lines": [], "excluded_lines": [], "start_line": 68}, "set_config": {"executed_lines": [78], "summary": {"covered_lines": 1, "num_statements": 1, "percent_covered": 100.0, "percent_covered_display": "100", "missing_lines": 0, "excluded_lines": 0, "percent_statements_covered": 100.0, "percent_statements_covered_display": "100"}, "missing_lines": [], "excluded_lines": [], "start_line": 75}, "_make_json_safe": {"executed_lines": [181, 182, 183, 184, 185, 187, 188, 189, 190, 191, 192, 193], "summary": {"covered_lines": 12, "num_statements": 13, "percent_covered": 92.3076923076923, "percent_covered_display": "92", "missing_lines": 1, "excluded_lines": 0, "percent_statements_covered": 92.3076923076923, "percent_statements_covered_display": "92"}, "missing_lines": [186], "excluded_lines": [], "start_line": 179}, "handle_request_validation_error": {"executed_lines": [201], "summary": {"covered_lines": 1, "num_statements": 1, "percent_covered": 100.0, "percent_covered_display": "100", "missing_lines": 0, "excluded_lines": 0, "percent_statements_covered": 100.0, "percent_statements_covered_display": "100"}, "missing_lines": [], "excluded_lines": [], "start_line": 196}, "_get_board": {"executed_lines": [208, 209], "summary": {"covered_lines": 2, "num_statements": 7, "percent_covered": 28.571428571428573, "percent_covered_display": "29", "missing_lines": 5, "excluded_lines": 0, "percent_statements_covered": 28.571428571428573, "percent_statements_covered_display": "29"}, "missing_lines": [210, 211, 212, 213, 214], "excluded_lines": [], "start_line": 207}, "_get_velocity": {"executed_lines": [218, 219, 220, 221, 222], "summary": {"covered_lines": 5, "num_statements": 5, "percent_covered": 100.0, "percent_covered_display": "100", "missing_lines": 0, "excluded_lines": 0, "percent_statements_covered": 100.0, "percent_statements_covered_display": "100"}, "missing_lines": [], "excluded_lines": [], "start_line": 217}, "_get_rag_chunks": {"executed_lines": [226, 227], "summary": {"covered_lines": 2, "num_statements": 7, "percent_covered": 28.571428571428573, "percent_covered_display": "29", "missing_lines": 5, "excluded_lines": 0, "percent_statements_covered": 28.571428571428573, "percent_statements_covered_display": "29"}, "missing_lines": [228, 229, 230, 231, 232], "excluded_lines": [], "start_line": 225}, "_readiness_failure_reason": {"executed_lines": [237, 238, 241, 242, 244, 248], "summary": {"covered_lines": 6, "num_statements": 9, "percent_covered": 66.66666666666667, "percent_covered_display": "67", "missing_lines": 3, "excluded_lines": 0, "percent_statements_covered": 66.66666666666667, "percent_statements_covered_display": "67"}, "missing_lines": [239, 245, 246], "excluded_lines": [], "start_line": 235}, "_shutdown_drain_timeout_seconds": {"executed_lines": [255, 256, 257], "summary": {"covered_lines": 3, "num_statements": 5, "percent_covered": 60.0, "percent_covered_display": "60", "missing_lines": 2, "excluded_lines": 0, "percent_statements_covered": 60.0, "percent_statements_covered_display": "60"}, "missing_lines": [258, 259], "excluded_lines": [], "start_line": 254}, "drain_approvals": {"executed_lines": [264, 266, 267, 268, 271, 272, 273, 278, 279, 280, 281, 282, 286, 287, 296], "summary": {"covered_lines": 15, "num_statements": 21, "percent_covered": 71.42857142857143, "percent_covered_display": "71", "missing_lines": 6, "excluded_lines": 0, "percent_statements_covered": 71.42857142857143, "percent_statements_covered_display": "71"}, "missing_lines": [269, 274, 275, 276, 283, 284], "excluded_lines": [], "start_line": 262}, "alfred_lifespan": {"executed_lines": [301, 302, 303, 304, 306, 307], "summary": {"covered_lines": 6, "num_statements": 6, "percent_covered": 100.0, "percent_covered_display": "100", "missing_lines": 0, "excluded_lines": 0, "percent_statements_covered": 100.0, "percent_statements_covered_display": "100"}, "missing_lines": [], "excluded_lines": [], "start_line": 300}, "healthz": {"executed_lines": [326], "summary": {"covered_lines": 1, "num_statements": 1, "percent_covered": 100.0, "percent_covered_display": "100", "missing_lines": 0, "excluded_lines": 0, "percent_statements_covered": 100.0, "percent_statements_covered_display": "100"}, "missing_lines": [], "excluded_lines": [], "start_line": 324}, "readyz": {"executed_lines": [332, 333, 334, 338], "summary": {"covered_lines": 4, "num_statements": 4, "percent_covered": 100.0, "percent_covered_display": "100", "missing_lines": 0, "excluded_lines": 0, "percent_statements_covered": 100.0, "percent_statements_covered_display": "100"}, "missing_lines": [], "excluded_lines": [], "start_line": 330}, "generate": {"executed_lines": [344, 346, 347, 348, 350, 351, 352, 353, 354, 355, 356, 358, 360, 361, 377, 384, 391], "summary": {"covered_lines": 17, "num_statements": 17, "percent_covered": 100.0, "percent_covered_display": "100", "missing_lines": 0, "excluded_lines": 0, "percent_statements_covered": 100.0, "percent_statements_covered_display": "100"}, "missing_lines": [], "excluded_lines": [], "start_line": 342}, "evaluate": {"executed_lines": [401, 402, 404, 405, 410, 411, 418, 421, 422], "summary": {"covered_lines": 9, "num_statements": 10, "percent_covered": 90.0, "percent_covered_display": "90", "missing_lines": 1, "excluded_lines": 0, "percent_statements_covered": 90.0, "percent_statements_covered_display": "90"}, "missing_lines": [419], "excluded_lines": [], "start_line": 399}, "request_approval": {"executed_lines": [434, 436, 438, 439, 440, 443, 444, 453, 454, 457], "summary": {"covered_lines": 10, "num_statements": 12, "percent_covered": 83.33333333333333, "percent_covered_display": "83", "missing_lines": 2, "excluded_lines": 0, "percent_statements_covered": 83.33333333333333, "percent_statements_covered_display": "83"}, "missing_lines": [441, 455], "excluded_lines": [], "start_line": 432}, "approve": {"executed_lines": [466, 468, 469, 470, 473, 474, 475, 476, 477, 478, 480, 481, 483], "summary": {"covered_lines": 13, "num_statements": 15, "percent_covered": 86.66666666666667, "percent_covered_display": "87", "missing_lines": 2, "excluded_lines": 0, "percent_statements_covered": 86.66666666666667, "percent_statements_covered_display": "87"}, "missing_lines": [471, 482], "excluded_lines": [], "start_line": 464}, "list_pending_approvals": {"executed_lines": [489, 491, 492, 493, 496], "summary": {"covered_lines": 5, "num_statements": 6, "percent_covered": 83.33333333333333, "percent_covered_display": "83", "missing_lines": 1, "excluded_lines": 0, "percent_statements_covered": 83.33333333333333, "percent_statements_covered_display": "83"}, "missing_lines": [494], "excluded_lines": [], "start_line": 487}, "expire_approvals": {"executed_lines": [502, 504, 505, 506, 509, 510, 511, 512, 513, 517], "summary": {"covered_lines": 10, "num_statements": 13, "percent_covered": 76.92307692307692, "percent_covered_display": "77", "missing_lines": 3, "excluded_lines": 0, "percent_statements_covered": 76.92307692307692, "percent_statements_covered_display": "77"}, "missing_lines": [507, 514, 515], "excluded_lines": [], "start_line": 500}, "retrospective": {"executed_lines": [523, 524, 526, 527, 528, 529, 531], "summary": {"covered_lines": 7, "num_statements": 7, "percent_covered": 100.0, "percent_covered_display": "100", "missing_lines": 0, "excluded_lines": 0, "percent_statements_covered": 100.0, "percent_statements_covered_display": "100"}, "missing_lines": [], "excluded_lines": [], "start_line": 521}, "compile_handover": {"executed_lines": [], "summary": {"covered_lines": 0, "num_statements": 17, "percent_covered": 0.0, "percent_covered_display": "0", "missing_lines": 17, "excluded_lines": 0, "percent_statements_covered": 0.0, "percent_statements_covered_display": "0"}, "missing_lines": [550, 552, 553, 554, 556, 557, 562, 564, 565, 571, 572, 574, 575, 576, 577, 578, 580], "excluded_lines": [], "start_line": 544}, "dashboard": {"executed_lines": [590, 592, 594, 595, 596, 598, 599, 600, 601, 602, 603, 604, 605, 609, 612, 613, 617], "summary": {"covered_lines": 17, "num_statements": 21, "percent_covered": 80.95238095238095, "percent_covered_display": "81", "missing_lines": 4, "excluded_lines": 0, "percent_statements_covered": 80.95238095238095, "percent_statements_covered_display": "81"}, "missing_lines": [610, 611, 614, 615], "excluded_lines": [], "start_line": 588}, "": {"executed_lines": [9, 11, 12, 13, 14, 15, 16, 17, 18, 20, 21, 22, 23, 24, 26, 37, 38, 39, 45, 48, 68, 75, 86, 87, 88, 91, 92, 93, 94, 97, 98, 99, 100, 103, 104, 105, 106, 107, 108, 111, 112, 113, 114, 117, 118, 119, 120, 121, 122, 123, 124, 125, 128, 129, 130, 133, 134, 135, 138, 139, 140, 143, 144, 145, 146, 147, 150, 151, 154, 155, 158, 159, 160, 161, 164, 165, 166, 167, 170, 171, 179, 196, 207, 217, 225, 235, 251, 254, 262, 299, 300, 313, 314, 315, 323, 324, 329, 330, 341, 342, 398, 399, 431, 432, 463, 464, 486, 487, 499, 500, 520, 521, 543, 544, 587, 588], "summary": {"covered_lines": 116, "num_statements": 116, "percent_covered": 100.0, "percent_covered_display": "100", "missing_lines": 0, "excluded_lines": 0, "percent_statements_covered": 100.0, "percent_statements_covered_display": "100"}, "missing_lines": [], "excluded_lines": [], "start_line": 1}}, "classes": {"GenerateRequest": {"executed_lines": [], "summary": {"covered_lines": 0, "num_statements": 0, "percent_covered": 100.0, "percent_covered_display": "100", "missing_lines": 0, "excluded_lines": 0, "percent_statements_covered": 100.0, "percent_statements_covered_display": "100"}, "missing_lines": [], "excluded_lines": [], "start_line": 86}, "GenerateResponse": {"executed_lines": [], "summary": {"covered_lines": 0, "num_statements": 0, "percent_covered": 100.0, "percent_covered_display": "100", "missing_lines": 0, "excluded_lines": 0, "percent_statements_covered": 100.0, "percent_statements_covered_display": "100"}, "missing_lines": [], "excluded_lines": [], "start_line": 91}, "EvaluateRequest": {"executed_lines": [], "summary": {"covered_lines": 0, "num_statements": 0, "percent_covered": 100.0, "percent_covered_display": "100", "missing_lines": 0, "excluded_lines": 0, "percent_statements_covered": 100.0, "percent_statements_covered_display": "100"}, "missing_lines": [], "excluded_lines": [], "start_line": 97}, "EvaluateResponse": {"executed_lines": [], "summary": {"covered_lines": 0, "num_statements": 0, "percent_covered": 100.0, "percent_covered_display": "100", "missing_lines": 0, "excluded_lines": 0, "percent_statements_covered": 100.0, "percent_statements_covered_display": "100"}, "missing_lines": [], "excluded_lines": [], "start_line": 103}, "ApprovalRequestCreate": {"executed_lines": [], "summary": {"covered_lines": 0, "num_statements": 0, "percent_covered": 100.0, "percent_covered_display": "100", "missing_lines": 0, "excluded_lines": 0, "percent_statements_covered": 100.0, "percent_statements_covered_display": "100"}, "missing_lines": [], "excluded_lines": [], "start_line": 111}, "ApprovalRecord": {"executed_lines": [], "summary": {"covered_lines": 0, "num_statements": 0, "percent_covered": 100.0, "percent_covered_display": "100", "missing_lines": 0, "excluded_lines": 0, "percent_statements_covered": 100.0, "percent_statements_covered_display": "100"}, "missing_lines": [], "excluded_lines": [], "start_line": 117}, "ApprovalRequestResponse": {"executed_lines": [], "summary": {"covered_lines": 0, "num_statements": 0, "percent_covered": 100.0, "percent_covered_display": "100", "missing_lines": 0, "excluded_lines": 0, "percent_statements_covered": 100.0, "percent_statements_covered_display": "100"}, "missing_lines": [], "excluded_lines": [], "start_line": 128}, "ApproveRequest": {"executed_lines": [], "summary": {"covered_lines": 0, "num_statements": 0, "percent_covered": 100.0, "percent_covered_display": "100", "missing_lines": 0, "excluded_lines": 0, "percent_statements_covered": 100.0, "percent_statements_covered_display": "100"}, "missing_lines": [], "excluded_lines": [], "start_line": 133}, "RetrospectiveRequest": {"executed_lines": [], "summary": {"covered_lines": 0, "num_statements": 0, "percent_covered": 100.0, "percent_covered_display": "100", "missing_lines": 0, "excluded_lines": 0, "percent_statements_covered": 100.0, "percent_statements_covered_display": "100"}, "missing_lines": [], "excluded_lines": [], "start_line": 138}, "DashboardResponse": {"executed_lines": [], "summary": {"covered_lines": 0, "num_statements": 0, "percent_covered": 100.0, "percent_covered_display": "100", "missing_lines": 0, "excluded_lines": 0, "percent_statements_covered": 100.0, "percent_statements_covered_display": "100"}, "missing_lines": [], "excluded_lines": [], "start_line": 143}, "HealthResponse": {"executed_lines": [], "summary": {"covered_lines": 0, "num_statements": 0, "percent_covered": 100.0, "percent_covered_display": "100", "missing_lines": 0, "excluded_lines": 0, "percent_statements_covered": 100.0, "percent_statements_covered_display": "100"}, "missing_lines": [], "excluded_lines": [], "start_line": 150}, "ReadyResponse": {"executed_lines": [], "summary": {"covered_lines": 0, "num_statements": 0, "percent_covered": 100.0, "percent_covered_display": "100", "missing_lines": 0, "excluded_lines": 0, "percent_statements_covered": 100.0, "percent_statements_covered_display": "100"}, "missing_lines": [], "excluded_lines": [], "start_line": 154}, "CompileRequest": {"executed_lines": [], "summary": {"covered_lines": 0, "num_statements": 0, "percent_covered": 100.0, "percent_covered_display": "100", "missing_lines": 0, "excluded_lines": 0, "percent_statements_covered": 100.0, "percent_statements_covered_display": "100"}, "missing_lines": [], "excluded_lines": [], "start_line": 158}, "CompileResponse": {"executed_lines": [], "summary": {"covered_lines": 0, "num_statements": 0, "percent_covered": 100.0, "percent_covered_display": "100", "missing_lines": 0, "excluded_lines": 0, "percent_statements_covered": 100.0, "percent_statements_covered_display": "100"}, "missing_lines": [], "excluded_lines": [], "start_line": 164}, "ExpireApprovalsResponse": {"executed_lines": [], "summary": {"covered_lines": 0, "num_statements": 0, "percent_covered": 100.0, "percent_covered_display": "100", "missing_lines": 0, "excluded_lines": 0, "percent_statements_covered": 100.0, "percent_statements_covered_display": "100"}, "missing_lines": [], "excluded_lines": [], "start_line": 170}, "": {"executed_lines": [9, 11, 12, 13, 14, 15, 16, 17, 18, 20, 21, 22, 23, 24, 26, 37, 38, 39, 45, 48, 49, 53, 54, 55, 56, 58, 59, 60, 61, 62, 68, 70, 71, 72, 75, 78, 86, 87, 88, 91, 92, 93, 94, 97, 98, 99, 100, 103, 104, 105, 106, 107, 108, 111, 112, 113, 114, 117, 118, 119, 120, 121, 122, 123, 124, 125, 128, 129, 130, 133, 134, 135, 138, 139, 140, 143, 144, 145, 146, 147, 150, 151, 154, 155, 158, 159, 160, 161, 164, 165, 166, 167, 170, 171, 179, 181, 182, 183, 184, 185, 187, 188, 189, 190, 191, 192, 193, 196, 201, 207, 208, 209, 217, 218, 219, 220, 221, 222, 225, 226, 227, 235, 237, 238, 241, 242, 244, 248, 251, 254, 255, 256, 257, 262, 264, 266, 267, 268, 271, 272, 273, 278, 279, 280, 281, 282, 286, 287, 296, 299, 300, 301, 302, 303, 304, 306, 307, 313, 314, 315, 323, 324, 326, 329, 330, 332, 333, 334, 338, 341, 342, 344, 346, 347, 348, 350, 351, 352, 353, 354, 355, 356, 358, 360, 361, 377, 384, 391, 398, 399, 401, 402, 404, 405, 410, 411, 418, 421, 422, 431, 432, 434, 436, 438, 439, 440, 443, 444, 453, 454, 457, 463, 464, 466, 468, 469, 470, 473, 474, 475, 476, 477, 478, 480, 481, 483, 486, 487, 489, 491, 492, 493, 496, 499, 500, 502, 504, 505, 506, 509, 510, 511, 512, 513, 517, 520, 521, 523, 524, 526, 527, 528, 529, 531, 543, 544, 587, 588, 590, 592, 594, 595, 596, 598, 599, 600, 601, 602, 603, 604, 605, 609, 612, 613, 617], "summary": {"covered_lines": 275, "num_statements": 331, "percent_covered": 83.08157099697885, "percent_covered_display": "83", "missing_lines": 56, "excluded_lines": 0, "percent_statements_covered": 83.08157099697885, "percent_statements_covered_display": "83"}, "missing_lines": [57, 63, 64, 65, 186, 210, 211, 212, 213, 214, 228, 229, 230, 231, 232, 239, 245, 246, 258, 259, 269, 274, 275, 276, 283, 284, 419, 441, 455, 471, 482, 494, 507, 514, 515, 550, 552, 553, 554, 556, 557, 562, 564, 565, 571, 572, 574, 575, 576, 577, 578, 580, 610, 611, 614, 615], "excluded_lines": [], "start_line": 1}}}, "src/alfred/cli.py": {"executed_lines": [2, 4, 5, 6, 7, 8, 9, 10, 11, 12, 14, 16, 17, 20, 24, 33, 34, 37, 38, 40, 41, 48, 70, 71, 72, 74, 79, 80, 85, 91, 96, 101, 106, 111, 116, 121, 126, 132, 137, 138, 139, 145, 150, 151, 152, 157, 159, 165, 168, 169, 170, 186, 200, 201, 202, 207, 213, 214, 231, 262, 272, 284, 285, 286, 287, 288, 289, 292, 293, 294, 296, 297, 298, 299, 300, 301, 303, 305, 306, 307, 308, 309, 315], "summary": {"covered_lines": 83, "num_statements": 142, "percent_covered": 58.45070422535211, "percent_covered_display": "58", "missing_lines": 59, "excluded_lines": 0, "percent_statements_covered": 58.45070422535211, "percent_statements_covered_display": "58"}, "missing_lines": [25, 26, 27, 28, 29, 30, 39, 42, 43, 44, 45, 49, 50, 51, 52, 53, 54, 55, 56, 61, 62, 63, 65, 66, 67, 188, 196, 197, 233, 234, 235, 236, 240, 241, 242, 243, 244, 245, 246, 247, 249, 258, 259, 263, 269, 273, 274, 275, 276, 277, 278, 279, 280, 281, 302, 304, 311, 312, 316], "excluded_lines": [], "functions": {"_candidate_repo_roots": {"executed_lines": [], "summary": {"covered_lines": 0, "num_statements": 6, "percent_covered": 0.0, "percent_covered_display": "0", "missing_lines": 6, "excluded_lines": 0, "percent_statements_covered": 0.0, "percent_statements_covered_display": "0"}, "missing_lines": [25, 26, 27, 28, 29, 30], "excluded_lines": [], "start_line": 24}, "_emit_json": {"executed_lines": [34], "summary": {"covered_lines": 1, "num_statements": 1, "percent_covered": 100.0, "percent_covered_display": "100", "missing_lines": 0, "excluded_lines": 0, "percent_statements_covered": 100.0, "percent_statements_covered_display": "100"}, "missing_lines": [], "excluded_lines": [], "start_line": 33}, "_read_optional_text": {"executed_lines": [38, 40, 41], "summary": {"covered_lines": 3, "num_statements": 8, "percent_covered": 37.5, "percent_covered_display": "38", "missing_lines": 5, "excluded_lines": 0, "percent_statements_covered": 37.5, "percent_statements_covered_display": "38"}, "missing_lines": [39, 42, 43, 44, 45], "excluded_lines": [], "start_line": 37}, "_load_validator_module": {"executed_lines": [], "summary": {"covered_lines": 0, "num_statements": 14, "percent_covered": 0.0, "percent_covered_display": "0", "missing_lines": 14, "excluded_lines": 0, "percent_statements_covered": 0.0, "percent_statements_covered_display": "0"}, "missing_lines": [49, 50, 51, 52, 53, 54, 55, 56, 61, 62, 63, 65, 66, 67], "excluded_lines": [], "start_line": 48}, "_build_parser": {"executed_lines": [71, 72, 74, 79, 80, 85, 91, 96, 101, 106, 111, 116, 121, 126, 132, 137, 138, 139, 145, 150, 151, 152, 157, 159, 165], "summary": {"covered_lines": 25, "num_statements": 25, "percent_covered": 100.0, "percent_covered_display": "100", "missing_lines": 0, "excluded_lines": 0, "percent_statements_covered": 100.0, "percent_statements_covered_display": "100"}, "missing_lines": [], "excluded_lines": [], "start_line": 70}, "_plan_command": {"executed_lines": [169, 170, 186], "summary": {"covered_lines": 3, "num_statements": 6, "percent_covered": 50.0, "percent_covered_display": "50", "missing_lines": 3, "excluded_lines": 0, "percent_statements_covered": 50.0, "percent_statements_covered_display": "50"}, "missing_lines": [188, 196, 197], "excluded_lines": [], "start_line": 168}, "_evaluate_command": {"executed_lines": [201, 202, 207, 213, 214, 231], "summary": {"covered_lines": 6, "num_statements": 21, "percent_covered": 28.571428571428573, "percent_covered_display": "29", "missing_lines": 15, "excluded_lines": 0, "percent_statements_covered": 28.571428571428573, "percent_statements_covered_display": "29"}, "missing_lines": [233, 234, 235, 236, 240, 241, 242, 243, 244, 245, 246, 247, 249, 258, 259], "excluded_lines": [], "start_line": 200}, "_serve_command": {"executed_lines": [], "summary": {"covered_lines": 0, "num_statements": 2, "percent_covered": 0.0, "percent_covered_display": "0", "missing_lines": 2, "excluded_lines": 0, "percent_statements_covered": 0.0, "percent_statements_covered_display": "0"}, "missing_lines": [263, 269], "excluded_lines": [], "start_line": 262}, "_validate_command": {"executed_lines": [], "summary": {"covered_lines": 0, "num_statements": 9, "percent_covered": 0.0, "percent_covered_display": "0", "missing_lines": 9, "excluded_lines": 0, "percent_statements_covered": 0.0, "percent_statements_covered_display": "0"}, "missing_lines": [273, 274, 275, 276, 277, 278, 279, 280, 281], "excluded_lines": [], "start_line": 272}, "_version_command": {"executed_lines": [285, 286, 287, 288, 289], "summary": {"covered_lines": 5, "num_statements": 5, "percent_covered": 100.0, "percent_covered_display": "100", "missing_lines": 0, "excluded_lines": 0, "percent_statements_covered": 100.0, "percent_statements_covered_display": "100"}, "missing_lines": [], "excluded_lines": [], "start_line": 284}, "main": {"executed_lines": [293, 294, 296, 297, 298, 299, 300, 301, 303, 305, 306, 307, 308, 309], "summary": {"covered_lines": 14, "num_statements": 18, "percent_covered": 77.77777777777777, "percent_covered_display": "78", "missing_lines": 4, "excluded_lines": 0, "percent_statements_covered": 77.77777777777777, "percent_statements_covered_display": "78"}, "missing_lines": [302, 304, 311, 312], "excluded_lines": [], "start_line": 292}, "": {"executed_lines": [2, 4, 5, 6, 7, 8, 9, 10, 11, 12, 14, 16, 17, 20, 24, 33, 37, 48, 70, 168, 200, 262, 272, 284, 292, 315], "summary": {"covered_lines": 26, "num_statements": 27, "percent_covered": 96.29629629629629, "percent_covered_display": "96", "missing_lines": 1, "excluded_lines": 0, "percent_statements_covered": 96.29629629629629, "percent_statements_covered_display": "96"}, "missing_lines": [316], "excluded_lines": [], "start_line": 1}}, "classes": {"CLIError": {"executed_lines": [], "summary": {"covered_lines": 0, "num_statements": 0, "percent_covered": 100.0, "percent_covered_display": "100", "missing_lines": 0, "excluded_lines": 0, "percent_statements_covered": 100.0, "percent_statements_covered_display": "100"}, "missing_lines": [], "excluded_lines": [], "start_line": 20}, "": {"executed_lines": [2, 4, 5, 6, 7, 8, 9, 10, 11, 12, 14, 16, 17, 20, 24, 33, 34, 37, 38, 40, 41, 48, 70, 71, 72, 74, 79, 80, 85, 91, 96, 101, 106, 111, 116, 121, 126, 132, 137, 138, 139, 145, 150, 151, 152, 157, 159, 165, 168, 169, 170, 186, 200, 201, 202, 207, 213, 214, 231, 262, 272, 284, 285, 286, 287, 288, 289, 292, 293, 294, 296, 297, 298, 299, 300, 301, 303, 305, 306, 307, 308, 309, 315], "summary": {"covered_lines": 83, "num_statements": 142, "percent_covered": 58.45070422535211, "percent_covered_display": "58", "missing_lines": 59, "excluded_lines": 0, "percent_statements_covered": 58.45070422535211, "percent_statements_covered_display": "58"}, "missing_lines": [25, 26, 27, 28, 29, 30, 39, 42, 43, 44, 45, 49, 50, 51, 52, 53, 54, 55, 56, 61, 62, 63, 65, 66, 67, 188, 196, 197, 233, 234, 235, 236, 240, 241, 242, 243, 244, 245, 246, 247, 249, 258, 259, 263, 269, 273, 274, 275, 276, 277, 278, 279, 280, 281, 302, 304, 311, 312, 316], "excluded_lines": [], "start_line": 1}}}, "src/alfred/orchestrator.py": {"executed_lines": [17, 19, 20, 21, 22, 24, 35, 36, 37, 44, 45, 48, 52, 60, 62, 65, 67, 68, 69, 70, 72, 94, 100, 101, 102, 112, 113, 117, 118, 120, 137, 143, 145, 146, 147, 148, 151, 153, 161, 162, 163, 171, 172, 173, 174, 175, 176, 179, 180, 181, 182, 183, 184, 185, 186, 200, 201, 204, 219, 220, 221, 222, 223, 224, 225, 226, 232, 240, 241, 242, 252, 253, 254, 256, 257, 258, 259, 260, 261, 262, 263, 283, 289, 294, 295, 297, 298, 304, 305, 308, 309, 314, 315, 320, 321, 322, 323, 324, 334, 335, 336, 342, 343, 344, 345, 352, 354, 359, 371, 372, 376, 384, 391, 392, 394, 395, 396, 397, 401, 403, 404, 407, 414, 415, 416, 418, 419, 420, 426, 427, 428, 430, 431, 436, 437, 444, 445, 446, 447, 448, 450, 451, 457, 458, 472, 475, 482, 483, 485, 486, 487, 488, 490, 491, 492, 497, 502, 503, 515, 532, 534, 535, 536, 537, 539, 540, 541, 542, 544, 545, 549, 550, 552, 553, 554, 556, 558, 562, 563, 571, 572, 576, 580, 581, 582, 587, 588, 591, 592, 599, 601, 602, 603, 604, 605, 623, 625, 628, 641, 642, 649, 652, 653, 654, 656, 657, 665, 682, 683, 684, 686, 687, 689], "summary": {"covered_lines": 213, "num_statements": 240, "percent_covered": 88.75, "percent_covered_display": "89", "missing_lines": 27, "excluded_lines": 0, "percent_statements_covered": 88.75, "percent_statements_covered_display": "89"}, "missing_lines": [78, 79, 80, 81, 87, 88, 89, 126, 127, 128, 133, 134, 135, 164, 165, 166, 167, 168, 299, 459, 460, 461, 462, 469, 470, 646, 647], "excluded_lines": [], "functions": {"_register_runners": {"executed_lines": [67, 68, 69, 70, 72, 94, 120, 137, 145, 146, 147, 148], "summary": {"covered_lines": 12, "num_statements": 12, "percent_covered": 100.0, "percent_covered_display": "100", "missing_lines": 0, "excluded_lines": 0, "percent_statements_covered": 100.0, "percent_statements_covered_display": "100"}, "missing_lines": [], "excluded_lines": [], "start_line": 65}, "_register_runners._planner_runner": {"executed_lines": [], "summary": {"covered_lines": 0, "num_statements": 7, "percent_covered": 0.0, "percent_covered_display": "0", "missing_lines": 7, "excluded_lines": 0, "percent_statements_covered": 0.0, "percent_statements_covered_display": "0"}, "missing_lines": [78, 79, 80, 81, 87, 88, 89], "excluded_lines": [], "start_line": 72}, "_register_runners._story_runner": {"executed_lines": [100, 101, 102, 112, 113, 117, 118], "summary": {"covered_lines": 7, "num_statements": 7, "percent_covered": 100.0, "percent_covered_display": "100", "missing_lines": 0, "excluded_lines": 0, "percent_statements_covered": 100.0, "percent_statements_covered_display": "100"}, "missing_lines": [], "excluded_lines": [], "start_line": 94}, "_register_runners._retro_runner": {"executed_lines": [], "summary": {"covered_lines": 0, "num_statements": 6, "percent_covered": 0.0, "percent_covered_display": "0", "missing_lines": 6, "excluded_lines": 0, "percent_statements_covered": 0.0, "percent_statements_covered_display": "0"}, "missing_lines": [126, 127, 128, 133, 134, 135], "excluded_lines": [], "start_line": 120}, "_register_runners._board_writer_runner": {"executed_lines": [143], "summary": {"covered_lines": 1, "num_statements": 1, "percent_covered": 100.0, "percent_covered_display": "100", "missing_lines": 0, "excluded_lines": 0, "percent_statements_covered": 100.0, "percent_statements_covered_display": "100"}, "missing_lines": [], "excluded_lines": [], "start_line": 137}, "set_agent_runner": {"executed_lines": [153], "summary": {"covered_lines": 1, "num_statements": 1, "percent_covered": 100.0, "percent_covered_display": "100", "missing_lines": 0, "excluded_lines": 0, "percent_statements_covered": 100.0, "percent_statements_covered_display": "100"}, "missing_lines": [], "excluded_lines": [], "start_line": 151}, "_get_board_state": {"executed_lines": [162, 163], "summary": {"covered_lines": 2, "num_statements": 7, "percent_covered": 28.571428571428573, "percent_covered_display": "29", "missing_lines": 5, "excluded_lines": 0, "percent_statements_covered": 28.571428571428573, "percent_statements_covered_display": "29"}, "missing_lines": [164, 165, 166, 167, 168], "excluded_lines": [], "start_line": 161}, "_get_velocity_history": {"executed_lines": [172, 173, 174, 175, 176], "summary": {"covered_lines": 5, "num_statements": 5, "percent_covered": 100.0, "percent_covered_display": "100", "missing_lines": 0, "excluded_lines": 0, "percent_statements_covered": 100.0, "percent_statements_covered_display": "100"}, "missing_lines": [], "excluded_lines": [], "start_line": 171}, "_retrieve_rag": {"executed_lines": [180, 181, 182, 183, 184, 185, 186], "summary": {"covered_lines": 7, "num_statements": 7, "percent_covered": 100.0, "percent_covered_display": "100", "missing_lines": 0, "excluded_lines": 0, "percent_statements_covered": 100.0, "percent_statements_covered_display": "100"}, "missing_lines": [], "excluded_lines": [], "start_line": 179}, "_persist_story_output": {"executed_lines": [219, 220, 221, 222, 223, 224, 225, 226, 232, 240, 241, 242, 252, 253, 254, 256, 257, 258, 259, 260, 261, 262, 263], "summary": {"covered_lines": 23, "num_statements": 23, "percent_covered": 100.0, "percent_covered_display": "100", "missing_lines": 0, "excluded_lines": 0, "percent_statements_covered": 100.0, "percent_statements_covered_display": "100"}, "missing_lines": [], "excluded_lines": [], "start_line": 204}, "_run_board_writer": {"executed_lines": [289, 294, 295, 297, 298, 304, 305, 308, 309, 314, 315, 320, 321, 322, 323, 324, 334, 335, 336, 342, 343, 344, 345, 352, 354, 359], "summary": {"covered_lines": 26, "num_statements": 27, "percent_covered": 96.29629629629629, "percent_covered_display": "96", "missing_lines": 1, "excluded_lines": 0, "percent_statements_covered": 96.29629629629629, "percent_statements_covered_display": "96"}, "missing_lines": [299], "excluded_lines": [], "start_line": 283}, "_checkpoint_to_definition": {"executed_lines": [372, 376], "summary": {"covered_lines": 2, "num_statements": 2, "percent_covered": 100.0, "percent_covered_display": "100", "missing_lines": 0, "excluded_lines": 0, "percent_statements_covered": 100.0, "percent_statements_covered_display": "100"}, "missing_lines": [], "excluded_lines": [], "start_line": 371}, "_dispatch_task": {"executed_lines": [391, 392, 394, 395, 396, 397, 401, 403, 404], "summary": {"covered_lines": 9, "num_statements": 9, "percent_covered": 100.0, "percent_covered_display": "100", "missing_lines": 0, "excluded_lines": 0, "percent_statements_covered": 100.0, "percent_statements_covered_display": "100"}, "missing_lines": [], "excluded_lines": [], "start_line": 384}, "_evaluate_task_checkpoints": {"executed_lines": [414, 415, 416, 418, 419, 420, 426, 427, 428, 430, 431, 436, 437, 444, 445, 446, 447, 448, 450, 451, 457, 458, 472], "summary": {"covered_lines": 23, "num_statements": 29, "percent_covered": 79.3103448275862, "percent_covered_display": "79", "missing_lines": 6, "excluded_lines": 0, "percent_statements_covered": 79.3103448275862, "percent_statements_covered_display": "79"}, "missing_lines": [459, 460, 461, 462, 469, 470], "excluded_lines": [], "start_line": 407}, "_route_on_verdict": {"executed_lines": [482, 483, 485, 486, 487, 488, 490, 491, 492, 497, 502, 503], "summary": {"covered_lines": 12, "num_statements": 12, "percent_covered": 100.0, "percent_covered_display": "100", "missing_lines": 0, "excluded_lines": 0, "percent_statements_covered": 100.0, "percent_statements_covered_display": "100"}, "missing_lines": [], "excluded_lines": [], "start_line": 475}, "_run_critique_loop": {"executed_lines": [532, 534, 535, 536, 537, 539, 540, 541, 542, 544, 545, 549, 550, 552, 553, 554, 556, 558, 562, 563, 571, 572, 576, 580, 581, 582, 587, 588, 591, 592, 599, 601, 602, 603, 604, 605, 623, 625], "summary": {"covered_lines": 38, "num_statements": 38, "percent_covered": 100.0, "percent_covered_display": "100", "missing_lines": 0, "excluded_lines": 0, "percent_statements_covered": 100.0, "percent_statements_covered_display": "100"}, "missing_lines": [], "excluded_lines": [], "start_line": 515}, "_run_deterministic_validators": {"executed_lines": [641, 642, 649, 652, 653, 654, 656, 657], "summary": {"covered_lines": 8, "num_statements": 10, "percent_covered": 80.0, "percent_covered_display": "80", "missing_lines": 2, "excluded_lines": 0, "percent_statements_covered": 80.0, "percent_statements_covered_display": "80"}, "missing_lines": [646, 647], "excluded_lines": [], "start_line": 628}, "orchestrate": {"executed_lines": [682, 683, 684, 686, 687, 689], "summary": {"covered_lines": 6, "num_statements": 6, "percent_covered": 100.0, "percent_covered_display": "100", "missing_lines": 0, "excluded_lines": 0, "percent_statements_covered": 100.0, "percent_statements_covered_display": "100"}, "missing_lines": [], "excluded_lines": [], "start_line": 665}, "": {"executed_lines": [17, 19, 20, 21, 22, 24, 35, 36, 37, 44, 45, 48, 52, 60, 62, 65, 151, 161, 171, 179, 200, 201, 204, 283, 371, 384, 407, 475, 515, 628, 665], "summary": {"covered_lines": 31, "num_statements": 31, "percent_covered": 100.0, "percent_covered_display": "100", "missing_lines": 0, "excluded_lines": 0, "percent_statements_covered": 100.0, "percent_statements_covered_display": "100"}, "missing_lines": [], "excluded_lines": [], "start_line": 1}}, "classes": {"CheckpointHalt": {"executed_lines": [], "summary": {"covered_lines": 0, "num_statements": 0, "percent_covered": 100.0, "percent_covered_display": "100", "missing_lines": 0, "excluded_lines": 0, "percent_statements_covered": 100.0, "percent_statements_covered_display": "100"}, "missing_lines": [], "excluded_lines": [], "start_line": 48}, "HumanEscalation": {"executed_lines": [], "summary": {"covered_lines": 0, "num_statements": 0, "percent_covered": 100.0, "percent_covered_display": "100", "missing_lines": 0, "excluded_lines": 0, "percent_statements_covered": 100.0, "percent_statements_covered_display": "100"}, "missing_lines": [], "excluded_lines": [], "start_line": 52}, "": {"executed_lines": [17, 19, 20, 21, 22, 24, 35, 36, 37, 44, 45, 48, 52, 60, 62, 65, 67, 68, 69, 70, 72, 94, 100, 101, 102, 112, 113, 117, 118, 120, 137, 143, 145, 146, 147, 148, 151, 153, 161, 162, 163, 171, 172, 173, 174, 175, 176, 179, 180, 181, 182, 183, 184, 185, 186, 200, 201, 204, 219, 220, 221, 222, 223, 224, 225, 226, 232, 240, 241, 242, 252, 253, 254, 256, 257, 258, 259, 260, 261, 262, 263, 283, 289, 294, 295, 297, 298, 304, 305, 308, 309, 314, 315, 320, 321, 322, 323, 324, 334, 335, 336, 342, 343, 344, 345, 352, 354, 359, 371, 372, 376, 384, 391, 392, 394, 395, 396, 397, 401, 403, 404, 407, 414, 415, 416, 418, 419, 420, 426, 427, 428, 430, 431, 436, 437, 444, 445, 446, 447, 448, 450, 451, 457, 458, 472, 475, 482, 483, 485, 486, 487, 488, 490, 491, 492, 497, 502, 503, 515, 532, 534, 535, 536, 537, 539, 540, 541, 542, 544, 545, 549, 550, 552, 553, 554, 556, 558, 562, 563, 571, 572, 576, 580, 581, 582, 587, 588, 591, 592, 599, 601, 602, 603, 604, 605, 623, 625, 628, 641, 642, 649, 652, 653, 654, 656, 657, 665, 682, 683, 684, 686, 687, 689], "summary": {"covered_lines": 213, "num_statements": 240, "percent_covered": 88.75, "percent_covered_display": "89", "missing_lines": 27, "excluded_lines": 0, "percent_statements_covered": 88.75, "percent_statements_covered_display": "89"}, "missing_lines": [78, 79, 80, 81, 87, 88, 89, 126, 127, 128, 133, 134, 135, 164, 165, 166, 167, 168, 299, 459, 460, 461, 462, 469, 470, 646, 647], "excluded_lines": [], "start_line": 1}}}, "src/alfred/schemas/__init__.py": {"executed_lines": [], "summary": {"covered_lines": 0, "num_statements": 0, "percent_covered": 100.0, "percent_covered_display": "100", "missing_lines": 0, "excluded_lines": 0, "percent_statements_covered": 100.0, "percent_statements_covered_display": "100"}, "missing_lines": [], "excluded_lines": [], "functions": {"": {"executed_lines": [], "summary": {"covered_lines": 0, "num_statements": 0, "percent_covered": 100.0, "percent_covered_display": "100", "missing_lines": 0, "excluded_lines": 0, "percent_statements_covered": 100.0, "percent_statements_covered_display": "100"}, "missing_lines": [], "excluded_lines": [], "start_line": 1}}, "classes": {"": {"executed_lines": [], "summary": {"covered_lines": 0, "num_statements": 0, "percent_covered": 100.0, "percent_covered_display": "100", "missing_lines": 0, "excluded_lines": 0, "percent_statements_covered": 100.0, "percent_statements_covered_display": "100"}, "missing_lines": [], "excluded_lines": [], "start_line": 1}}}, "src/alfred/schemas/agent.py": {"executed_lines": [14, 16, 17, 19, 21, 27, 29, 37, 40, 41, 42, 43, 44, 45, 48, 51, 52, 53, 54, 55, 56, 59, 62, 63, 64, 65, 68, 71, 72, 73, 74, 82, 89, 90, 91, 92, 93, 94, 98, 102, 106, 110, 111, 112, 116, 119, 122, 123, 124, 125, 128, 135, 136, 137, 138, 150, 153, 154, 155, 158, 161, 162, 163, 164, 165, 166, 167, 170, 173, 174, 175, 176, 179, 187, 188, 189, 199, 202, 203, 204, 205, 208, 211, 212, 213, 214, 217, 220, 221, 222, 223, 224, 227, 234, 235, 236, 239, 246, 247, 248, 249, 250, 251, 264, 265, 266, 267, 270, 271, 272, 280, 283, 284, 285, 288, 295, 296, 297, 298, 301, 304, 305, 306, 307, 310, 313, 314, 315, 316, 317, 320, 327, 328, 329, 330, 331, 332, 342, 344, 345], "summary": {"covered_lines": 140, "num_statements": 140, "percent_covered": 100.0, "percent_covered_display": "100", "missing_lines": 0, "excluded_lines": 0, "percent_statements_covered": 100.0, "percent_statements_covered_display": "100"}, "missing_lines": [], "excluded_lines": [], "functions": {"": {"executed_lines": [14, 16, 17, 19, 21, 27, 29, 37, 40, 41, 42, 43, 44, 45, 48, 51, 52, 53, 54, 55, 56, 59, 62, 63, 64, 65, 68, 71, 72, 73, 74, 82, 89, 90, 91, 92, 93, 94, 98, 102, 106, 110, 111, 112, 116, 119, 122, 123, 124, 125, 128, 135, 136, 137, 138, 150, 153, 154, 155, 158, 161, 162, 163, 164, 165, 166, 167, 170, 173, 174, 175, 176, 179, 187, 188, 189, 199, 202, 203, 204, 205, 208, 211, 212, 213, 214, 217, 220, 221, 222, 223, 224, 227, 234, 235, 236, 239, 246, 247, 248, 249, 250, 251, 264, 265, 266, 267, 270, 271, 272, 280, 283, 284, 285, 288, 295, 296, 297, 298, 301, 304, 305, 306, 307, 310, 313, 314, 315, 316, 317, 320, 327, 328, 329, 330, 331, 332, 342, 344, 345], "summary": {"covered_lines": 140, "num_statements": 140, "percent_covered": 100.0, "percent_covered_display": "100", "missing_lines": 0, "excluded_lines": 0, "percent_statements_covered": 100.0, "percent_statements_covered_display": "100"}, "missing_lines": [], "excluded_lines": [], "start_line": 1}}, "classes": {"BoardStory": {"executed_lines": [], "summary": {"covered_lines": 0, "num_statements": 0, "percent_covered": 100.0, "percent_covered_display": "100", "missing_lines": 0, "excluded_lines": 0, "percent_statements_covered": 100.0, "percent_statements_covered_display": "100"}, "missing_lines": [], "excluded_lines": [], "start_line": 37}, "BoardState": {"executed_lines": [], "summary": {"covered_lines": 0, "num_statements": 0, "percent_covered": 100.0, "percent_covered_display": "100", "missing_lines": 0, "excluded_lines": 0, "percent_statements_covered": 100.0, "percent_statements_covered_display": "100"}, "missing_lines": [], "excluded_lines": [], "start_line": 48}, "RAGChunk": {"executed_lines": [], "summary": {"covered_lines": 0, "num_statements": 0, "percent_covered": 100.0, "percent_covered_display": "100", "missing_lines": 0, "excluded_lines": 0, "percent_statements_covered": 100.0, "percent_statements_covered_display": "100"}, "missing_lines": [], "excluded_lines": [], "start_line": 59}, "VelocityRecord": {"executed_lines": [], "summary": {"covered_lines": 0, "num_statements": 0, "percent_covered": 100.0, "percent_covered_display": "100", "missing_lines": 0, "excluded_lines": 0, "percent_statements_covered": 100.0, "percent_statements_covered_display": "100"}, "missing_lines": [], "excluded_lines": [], "start_line": 68}, "PlannerInput": {"executed_lines": [], "summary": {"covered_lines": 0, "num_statements": 0, "percent_covered": 100.0, "percent_covered_display": "100", "missing_lines": 0, "excluded_lines": 0, "percent_statements_covered": 100.0, "percent_statements_covered_display": "100"}, "missing_lines": [], "excluded_lines": [], "start_line": 82}, "SprintPlan": {"executed_lines": [], "summary": {"covered_lines": 0, "num_statements": 0, "percent_covered": 100.0, "percent_covered_display": "100", "missing_lines": 0, "excluded_lines": 0, "percent_statements_covered": 100.0, "percent_statements_covered_display": "100"}, "missing_lines": [], "excluded_lines": [], "start_line": 119}, "PlannerOutput": {"executed_lines": [], "summary": {"covered_lines": 0, "num_statements": 0, "percent_covered": 100.0, "percent_covered_display": "100", "missing_lines": 0, "excluded_lines": 0, "percent_statements_covered": 100.0, "percent_statements_covered_display": "100"}, "missing_lines": [], "excluded_lines": [], "start_line": 128}, "QualityRubric": {"executed_lines": [], "summary": {"covered_lines": 0, "num_statements": 0, "percent_covered": 100.0, "percent_covered_display": "100", "missing_lines": 0, "excluded_lines": 0, "percent_statements_covered": 100.0, "percent_statements_covered_display": "100"}, "missing_lines": [], "excluded_lines": [], "start_line": 150}, "Story": {"executed_lines": [], "summary": {"covered_lines": 0, "num_statements": 0, "percent_covered": 100.0, "percent_covered_display": "100", "missing_lines": 0, "excluded_lines": 0, "percent_statements_covered": 100.0, "percent_statements_covered_display": "100"}, "missing_lines": [], "excluded_lines": [], "start_line": 158}, "StoryGeneratorInput": {"executed_lines": [], "summary": {"covered_lines": 0, "num_statements": 0, "percent_covered": 100.0, "percent_covered_display": "100", "missing_lines": 0, "excluded_lines": 0, "percent_statements_covered": 100.0, "percent_statements_covered_display": "100"}, "missing_lines": [], "excluded_lines": [], "start_line": 170}, "StoryGeneratorOutput": {"executed_lines": [], "summary": {"covered_lines": 0, "num_statements": 0, "percent_covered": 100.0, "percent_covered_display": "100", "missing_lines": 0, "excluded_lines": 0, "percent_statements_covered": 100.0, "percent_statements_covered_display": "100"}, "missing_lines": [], "excluded_lines": [], "start_line": 179}, "ExecutorOutput": {"executed_lines": [], "summary": {"covered_lines": 0, "num_statements": 0, "percent_covered": 100.0, "percent_covered_display": "100", "missing_lines": 0, "excluded_lines": 0, "percent_statements_covered": 100.0, "percent_statements_covered_display": "100"}, "missing_lines": [], "excluded_lines": [], "start_line": 199}, "ValidationIssue": {"executed_lines": [], "summary": {"covered_lines": 0, "num_statements": 0, "percent_covered": 100.0, "percent_covered_display": "100", "missing_lines": 0, "excluded_lines": 0, "percent_statements_covered": 100.0, "percent_statements_covered_display": "100"}, "missing_lines": [], "excluded_lines": [], "start_line": 208}, "CheckpointEvaluation": {"executed_lines": [], "summary": {"covered_lines": 0, "num_statements": 0, "percent_covered": 100.0, "percent_covered_display": "100", "missing_lines": 0, "excluded_lines": 0, "percent_statements_covered": 100.0, "percent_statements_covered_display": "100"}, "missing_lines": [], "excluded_lines": [], "start_line": 217}, "QualityJudgeInput": {"executed_lines": [], "summary": {"covered_lines": 0, "num_statements": 0, "percent_covered": 100.0, "percent_covered_display": "100", "missing_lines": 0, "excluded_lines": 0, "percent_statements_covered": 100.0, "percent_statements_covered_display": "100"}, "missing_lines": [], "excluded_lines": [], "start_line": 227}, "QualityJudgeOutput": {"executed_lines": [], "summary": {"covered_lines": 0, "num_statements": 0, "percent_covered": 100.0, "percent_covered_display": "100", "missing_lines": 0, "excluded_lines": 0, "percent_statements_covered": 100.0, "percent_statements_covered_display": "100"}, "missing_lines": [], "excluded_lines": [], "start_line": 239}, "CompilerInput": {"executed_lines": [], "summary": {"covered_lines": 0, "num_statements": 0, "percent_covered": 100.0, "percent_covered_display": "100", "missing_lines": 0, "excluded_lines": 0, "percent_statements_covered": 100.0, "percent_statements_covered_display": "100"}, "missing_lines": [], "excluded_lines": [], "start_line": 264}, "CompilerOutput": {"executed_lines": [], "summary": {"covered_lines": 0, "num_statements": 0, "percent_covered": 100.0, "percent_covered_display": "100", "missing_lines": 0, "excluded_lines": 0, "percent_statements_covered": 100.0, "percent_statements_covered_display": "100"}, "missing_lines": [], "excluded_lines": [], "start_line": 270}, "MetricsHistory": {"executed_lines": [], "summary": {"covered_lines": 0, "num_statements": 0, "percent_covered": 100.0, "percent_covered_display": "100", "missing_lines": 0, "excluded_lines": 0, "percent_statements_covered": 100.0, "percent_statements_covered_display": "100"}, "missing_lines": [], "excluded_lines": [], "start_line": 280}, "RetroAnalystInput": {"executed_lines": [], "summary": {"covered_lines": 0, "num_statements": 0, "percent_covered": 100.0, "percent_covered_display": "100", "missing_lines": 0, "excluded_lines": 0, "percent_statements_covered": 100.0, "percent_statements_covered_display": "100"}, "missing_lines": [], "excluded_lines": [], "start_line": 288}, "VelocityTrend": {"executed_lines": [], "summary": {"covered_lines": 0, "num_statements": 0, "percent_covered": 100.0, "percent_covered_display": "100", "missing_lines": 0, "excluded_lines": 0, "percent_statements_covered": 100.0, "percent_statements_covered_display": "100"}, "missing_lines": [], "excluded_lines": [], "start_line": 301}, "RecurringPattern": {"executed_lines": [], "summary": {"covered_lines": 0, "num_statements": 0, "percent_covered": 100.0, "percent_covered_display": "100", "missing_lines": 0, "excluded_lines": 0, "percent_statements_covered": 100.0, "percent_statements_covered_display": "100"}, "missing_lines": [], "excluded_lines": [], "start_line": 310}, "RetroAnalystOutput": {"executed_lines": [], "summary": {"covered_lines": 0, "num_statements": 0, "percent_covered": 100.0, "percent_covered_display": "100", "missing_lines": 0, "excluded_lines": 0, "percent_statements_covered": 100.0, "percent_statements_covered_display": "100"}, "missing_lines": [], "excluded_lines": [], "start_line": 320}, "": {"executed_lines": [14, 16, 17, 19, 21, 27, 29, 37, 40, 41, 42, 43, 44, 45, 48, 51, 52, 53, 54, 55, 56, 59, 62, 63, 64, 65, 68, 71, 72, 73, 74, 82, 89, 90, 91, 92, 93, 94, 98, 102, 106, 110, 111, 112, 116, 119, 122, 123, 124, 125, 128, 135, 136, 137, 138, 150, 153, 154, 155, 158, 161, 162, 163, 164, 165, 166, 167, 170, 173, 174, 175, 176, 179, 187, 188, 189, 199, 202, 203, 204, 205, 208, 211, 212, 213, 214, 217, 220, 221, 222, 223, 224, 227, 234, 235, 236, 239, 246, 247, 248, 249, 250, 251, 264, 265, 266, 267, 270, 271, 272, 280, 283, 284, 285, 288, 295, 296, 297, 298, 301, 304, 305, 306, 307, 310, 313, 314, 315, 316, 317, 320, 327, 328, 329, 330, 331, 332, 342, 344, 345], "summary": {"covered_lines": 140, "num_statements": 140, "percent_covered": 100.0, "percent_covered_display": "100", "missing_lines": 0, "excluded_lines": 0, "percent_statements_covered": 100.0, "percent_statements_covered_display": "100"}, "missing_lines": [], "excluded_lines": [], "start_line": 1}}}, "src/alfred/schemas/checkpoint.py": {"executed_lines": [10, 12, 14, 20, 27, 35, 36, 39, 46, 47, 49, 66, 73, 74, 75, 83, 94, 95, 96, 97, 100, 102, 103, 104, 106, 107, 108, 116], "summary": {"covered_lines": 28, "num_statements": 35, "percent_covered": 80.0, "percent_covered_display": "80", "missing_lines": 7, "excluded_lines": 0, "percent_statements_covered": 80.0, "percent_statements_covered_display": "80"}, "missing_lines": [55, 56, 57, 58, 144, 145, 146], "excluded_lines": [], "functions": {"DecisionTable.evaluate": {"executed_lines": [], "summary": {"covered_lines": 0, "num_statements": 4, "percent_covered": 0.0, "percent_covered_display": "0", "missing_lines": 4, "excluded_lines": 0, "percent_statements_covered": 0.0, "percent_statements_covered_display": "0"}, "missing_lines": [55, 56, 57, 58], "excluded_lines": [], "start_line": 49}, "Checkpoint.is_evaluated": {"executed_lines": [104], "summary": {"covered_lines": 1, "num_statements": 1, "percent_covered": 100.0, "percent_covered_display": "100", "missing_lines": 0, "excluded_lines": 0, "percent_statements_covered": 100.0, "percent_statements_covered_display": "100"}, "missing_lines": [], "excluded_lines": [], "start_line": 103}, "Checkpoint.verdict": {"executed_lines": [108], "summary": {"covered_lines": 1, "num_statements": 1, "percent_covered": 100.0, "percent_covered_display": "100", "missing_lines": 0, "excluded_lines": 0, "percent_statements_covered": 100.0, "percent_statements_covered_display": "100"}, "missing_lines": [], "excluded_lines": [], "start_line": 107}, "create_checkpoint": {"executed_lines": [], "summary": {"covered_lines": 0, "num_statements": 3, "percent_covered": 0.0, "percent_covered_display": "0", "missing_lines": 3, "excluded_lines": 0, "percent_statements_covered": 0.0, "percent_statements_covered_display": "0"}, "missing_lines": [144, 145, 146], "excluded_lines": [], "start_line": 116}, "": {"executed_lines": [10, 12, 14, 20, 27, 35, 36, 39, 46, 47, 49, 66, 73, 74, 75, 83, 94, 95, 96, 97, 100, 102, 103, 106, 107, 116], "summary": {"covered_lines": 26, "num_statements": 26, "percent_covered": 100.0, "percent_covered_display": "100", "missing_lines": 0, "excluded_lines": 0, "percent_statements_covered": 100.0, "percent_statements_covered_display": "100"}, "missing_lines": [], "excluded_lines": [], "start_line": 1}}, "classes": {"DecisionRule": {"executed_lines": [], "summary": {"covered_lines": 0, "num_statements": 0, "percent_covered": 100.0, "percent_covered_display": "100", "missing_lines": 0, "excluded_lines": 0, "percent_statements_covered": 100.0, "percent_statements_covered_display": "100"}, "missing_lines": [], "excluded_lines": [], "start_line": 27}, "DecisionTable": {"executed_lines": [], "summary": {"covered_lines": 0, "num_statements": 4, "percent_covered": 0.0, "percent_covered_display": "0", "missing_lines": 4, "excluded_lines": 0, "percent_statements_covered": 0.0, "percent_statements_covered_display": "0"}, "missing_lines": [55, 56, 57, 58], "excluded_lines": [], "start_line": 39}, "CheckpointResult": {"executed_lines": [], "summary": {"covered_lines": 0, "num_statements": 0, "percent_covered": 100.0, "percent_covered_display": "100", "missing_lines": 0, "excluded_lines": 0, "percent_statements_covered": 100.0, "percent_statements_covered_display": "100"}, "missing_lines": [], "excluded_lines": [], "start_line": 66}, "Checkpoint": {"executed_lines": [104, 108], "summary": {"covered_lines": 2, "num_statements": 2, "percent_covered": 100.0, "percent_covered_display": "100", "missing_lines": 0, "excluded_lines": 0, "percent_statements_covered": 100.0, "percent_statements_covered_display": "100"}, "missing_lines": [], "excluded_lines": [], "start_line": 83}, "": {"executed_lines": [10, 12, 14, 20, 27, 35, 36, 39, 46, 47, 49, 66, 73, 74, 75, 83, 94, 95, 96, 97, 100, 102, 103, 106, 107, 116], "summary": {"covered_lines": 26, "num_statements": 29, "percent_covered": 89.65517241379311, "percent_covered_display": "90", "missing_lines": 3, "excluded_lines": 0, "percent_statements_covered": 89.65517241379311, "percent_statements_covered_display": "90"}, "missing_lines": [144, 145, 146], "excluded_lines": [], "start_line": 1}}}, "src/alfred/schemas/claim_types.py": {"executed_lines": [2, 4, 5, 6, 8, 10, 13, 14, 15, 16, 17, 18, 19, 20, 21, 22, 23, 26, 27, 28, 29, 30, 31, 34, 108, 110, 113, 115, 116, 117, 118, 122, 125, 127, 128, 129, 130, 131, 135, 136, 137, 138, 139, 140], "summary": {"covered_lines": 44, "num_statements": 44, "percent_covered": 100.0, "percent_covered_display": "100", "missing_lines": 0, "excluded_lines": 0, "percent_statements_covered": 100.0, "percent_statements_covered_display": "100"}, "missing_lines": [], "excluded_lines": [], "functions": {"claim_taxonomy": {"executed_lines": [110], "summary": {"covered_lines": 1, "num_statements": 1, "percent_covered": 100.0, "percent_covered_display": "100", "missing_lines": 0, "excluded_lines": 0, "percent_statements_covered": 100.0, "percent_statements_covered_display": "100"}, "missing_lines": [], "excluded_lines": [], "start_line": 108}, "format_claim_taxonomy_for_prompt": {"executed_lines": [115, 116, 117, 118, 122], "summary": {"covered_lines": 5, "num_statements": 5, "percent_covered": 100.0, "percent_covered_display": "100", "missing_lines": 0, "excluded_lines": 0, "percent_statements_covered": 100.0, "percent_statements_covered_display": "100"}, "missing_lines": [], "excluded_lines": [], "start_line": 113}, "format_placement_rules_for_prompt": {"executed_lines": [127, 128, 129, 130, 131, 135, 136, 137, 138, 139, 140], "summary": {"covered_lines": 11, "num_statements": 11, "percent_covered": 100.0, "percent_covered_display": "100", "missing_lines": 0, "excluded_lines": 0, "percent_statements_covered": 100.0, "percent_statements_covered_display": "100"}, "missing_lines": [], "excluded_lines": [], "start_line": 125}, "": {"executed_lines": [2, 4, 5, 6, 8, 10, 13, 14, 15, 16, 17, 18, 19, 20, 21, 22, 23, 26, 27, 28, 29, 30, 31, 34, 108, 113, 125], "summary": {"covered_lines": 27, "num_statements": 27, "percent_covered": 100.0, "percent_covered_display": "100", "missing_lines": 0, "excluded_lines": 0, "percent_statements_covered": 100.0, "percent_statements_covered_display": "100"}, "missing_lines": [], "excluded_lines": [], "start_line": 1}}, "classes": {"ClaimCategory": {"executed_lines": [], "summary": {"covered_lines": 0, "num_statements": 0, "percent_covered": 100.0, "percent_covered_display": "100", "missing_lines": 0, "excluded_lines": 0, "percent_statements_covered": 100.0, "percent_statements_covered_display": "100"}, "missing_lines": [], "excluded_lines": [], "start_line": 13}, "TypedClaim": {"executed_lines": [], "summary": {"covered_lines": 0, "num_statements": 0, "percent_covered": 100.0, "percent_covered_display": "100", "missing_lines": 0, "excluded_lines": 0, "percent_statements_covered": 100.0, "percent_statements_covered_display": "100"}, "missing_lines": [], "excluded_lines": [], "start_line": 26}, "": {"executed_lines": [2, 4, 5, 6, 8, 10, 13, 14, 15, 16, 17, 18, 19, 20, 21, 22, 23, 26, 27, 28, 29, 30, 31, 34, 108, 110, 113, 115, 116, 117, 118, 122, 125, 127, 128, 129, 130, 131, 135, 136, 137, 138, 139, 140], "summary": {"covered_lines": 44, "num_statements": 44, "percent_covered": 100.0, "percent_covered_display": "100", "missing_lines": 0, "excluded_lines": 0, "percent_statements_covered": 100.0, "percent_statements_covered_display": "100"}, "missing_lines": [], "excluded_lines": [], "start_line": 1}}}, "src/alfred/schemas/config.py": {"executed_lines": [10, 12, 19, 26, 27, 28, 29, 31, 32, 33, 34, 36, 44, 52, 53, 54, 55, 63, 71, 72, 73, 75, 76, 77, 78, 80, 88, 95, 96, 97, 98, 99, 101, 102, 103, 107, 115, 123, 131, 134, 142, 145, 149, 150, 158, 161, 164, 167, 168, 169, 173, 176, 179, 180, 181, 182, 190, 200, 201, 202, 203, 204, 205, 206, 207], "summary": {"covered_lines": 65, "num_statements": 68, "percent_covered": 95.58823529411765, "percent_covered_display": "96", "missing_lines": 3, "excluded_lines": 0, "percent_statements_covered": 95.58823529411765, "percent_statements_covered_display": "96"}, "missing_lines": [35, 79, 104], "excluded_lines": [], "functions": {"LLMConfig.provider_not_empty": {"executed_lines": [34, 36], "summary": {"covered_lines": 2, "num_statements": 3, "percent_covered": 66.66666666666667, "percent_covered_display": "67", "missing_lines": 1, "excluded_lines": 0, "percent_statements_covered": 66.66666666666667, "percent_statements_covered_display": "67"}, "missing_lines": [35], "excluded_lines": [], "start_line": 33}, "GitHubConfig.token_env_var_not_empty": {"executed_lines": [78, 80], "summary": {"covered_lines": 2, "num_statements": 3, "percent_covered": 66.66666666666667, "percent_covered_display": "67", "missing_lines": 1, "excluded_lines": 0, "percent_statements_covered": 66.66666666666667, "percent_statements_covered_display": "67"}, "missing_lines": [79], "excluded_lines": [], "start_line": 77}, "RAGConfig.overlap_less_than_chunk": {"executed_lines": [103, 107], "summary": {"covered_lines": 2, "num_statements": 3, "percent_covered": 66.66666666666667, "percent_covered_display": "67", "missing_lines": 1, "excluded_lines": 0, "percent_statements_covered": 66.66666666666667, "percent_statements_covered_display": "67"}, "missing_lines": [104], "excluded_lines": [], "start_line": 102}, "": {"executed_lines": [10, 12, 19, 26, 27, 28, 29, 31, 32, 33, 44, 52, 53, 54, 55, 63, 71, 72, 73, 75, 76, 77, 88, 95, 96, 97, 98, 99, 101, 102, 115, 123, 131, 134, 142, 145, 149, 150, 158, 161, 164, 167, 168, 169, 173, 176, 179, 180, 181, 182, 190, 200, 201, 202, 203, 204, 205, 206, 207], "summary": {"covered_lines": 59, "num_statements": 59, "percent_covered": 100.0, "percent_covered_display": "100", "missing_lines": 0, "excluded_lines": 0, "percent_statements_covered": 100.0, "percent_statements_covered_display": "100"}, "missing_lines": [], "excluded_lines": [], "start_line": 1}}, "classes": {"LLMConfig": {"executed_lines": [34, 36], "summary": {"covered_lines": 2, "num_statements": 3, "percent_covered": 66.66666666666667, "percent_covered_display": "67", "missing_lines": 1, "excluded_lines": 0, "percent_statements_covered": 66.66666666666667, "percent_statements_covered_display": "67"}, "missing_lines": [35], "excluded_lines": [], "start_line": 19}, "CostRoutingConfig": {"executed_lines": [], "summary": {"covered_lines": 0, "num_statements": 0, "percent_covered": 100.0, "percent_covered_display": "100", "missing_lines": 0, "excluded_lines": 0, "percent_statements_covered": 100.0, "percent_statements_covered_display": "100"}, "missing_lines": [], "excluded_lines": [], "start_line": 44}, "GitHubConfig": {"executed_lines": [78, 80], "summary": {"covered_lines": 2, "num_statements": 3, "percent_covered": 66.66666666666667, "percent_covered_display": "67", "missing_lines": 1, "excluded_lines": 0, "percent_statements_covered": 66.66666666666667, "percent_statements_covered_display": "67"}, "missing_lines": [79], "excluded_lines": [], "start_line": 63}, "RAGConfig": {"executed_lines": [103, 107], "summary": {"covered_lines": 2, "num_statements": 3, "percent_covered": 66.66666666666667, "percent_covered_display": "67", "missing_lines": 1, "excluded_lines": 0, "percent_statements_covered": 66.66666666666667, "percent_statements_covered_display": "67"}, "missing_lines": [104], "excluded_lines": [], "start_line": 88}, "DatabaseConfig": {"executed_lines": [], "summary": {"covered_lines": 0, "num_statements": 0, "percent_covered": 100.0, "percent_covered_display": "100", "missing_lines": 0, "excluded_lines": 0, "percent_statements_covered": 100.0, "percent_statements_covered_display": "100"}, "missing_lines": [], "excluded_lines": [], "start_line": 115}, "HitlConfig": {"executed_lines": [], "summary": {"covered_lines": 0, "num_statements": 0, "percent_covered": 100.0, "percent_covered_display": "100", "missing_lines": 0, "excluded_lines": 0, "percent_statements_covered": 100.0, "percent_statements_covered_display": "100"}, "missing_lines": [], "excluded_lines": [], "start_line": 131}, "HandoverConfig": {"executed_lines": [], "summary": {"covered_lines": 0, "num_statements": 0, "percent_covered": 100.0, "percent_covered_display": "100", "missing_lines": 0, "excluded_lines": 0, "percent_statements_covered": 100.0, "percent_statements_covered_display": "100"}, "missing_lines": [], "excluded_lines": [], "start_line": 142}, "AgentToggle": {"executed_lines": [], "summary": {"covered_lines": 0, "num_statements": 0, "percent_covered": 100.0, "percent_covered_display": "100", "missing_lines": 0, "excluded_lines": 0, "percent_statements_covered": 100.0, "percent_statements_covered_display": "100"}, "missing_lines": [], "excluded_lines": [], "start_line": 158}, "PlannerAgentConfig": {"executed_lines": [], "summary": {"covered_lines": 0, "num_statements": 0, "percent_covered": 100.0, 
[...]
ent_covered": 100.0, "percent_covered_display": "100", "missing_lines": 0, "excluded_lines": 0, "percent_statements_covered": 100.0, "percent_statements_covered_display": "100"}, "missing_lines": [], "excluded_lines": [], "start_line": 113}, "_iter_markdown_files": {"executed_lines": [125, 126, 129, 130, 131, 132, 133, 137, 143, 144], "summary": {"covered_lines": 10, "num_statements": 14, "percent_covered": 71.42857142857143, "percent_covered_display": "71", "missing_lines": 4, "excluded_lines": 0, "percent_statements_covered": 71.42857142857143, "percent_statements_covered_display": "71"}, "missing_lines": [127, 128, 134, 135], "excluded_lines": [], "start_line": 124}, "index_corpus": {"executed_lines": [152, 154, 155, 156, 157, 158, 159, 161, 166, 167, 168, 170, 173, 174, 175, 177, 186], "summary": {"covered_lines": 17, "num_statements": 18, "percent_covered": 94.44444444444444, "percent_covered_display": "94", "missing_lines": 1, "excluded_lines": 0, "percent_statements_covered": 94.44444444444444, "percent_statements_covered_display": "94"}, "missing_lines": [171], "excluded_lines": [], "start_line": 147}, "_distance_to_score": {"executed_lines": [195, 197], "summary": {"covered_lines": 2, "num_statements": 3, "percent_covered": 66.66666666666667, "percent_covered_display": "67", "missing_lines": 1, "excluded_lines": 0, "percent_statements_covered": 66.66666666666667, "percent_statements_covered_display": "67"}, "missing_lines": [196], "excluded_lines": [], "start_line": 194}, "retrieve": {"executed_lines": [202, 204, 205, 207, 208, 209, 211, 215, 216, 217, 219], "summary": {"covered_lines": 11, "num_statements": 11, "percent_covered": 100.0, "percent_covered_display": "100", "missing_lines": 0, "excluded_lines": 0, "percent_statements_covered": 100.0, "percent_statements_covered_display": "100"}, "missing_lines": [], "excluded_lines": [], "start_line": 200}, "": {"executed_lines": [14, 16, 17, 18, 19, 21, 22, 24, 25, 32, 35, 86, 89, 102, 103, 106, 113, 124, 147, 194, 200], "summary": {"covered_lines": 21, "num_statements": 21, "percent_covered": 100.0, "percent_covered_display": "100", "missing_lines": 0, "excluded_lines": 0, "percent_statements_covered": 100.0, "percent_statements_covered_display": "100"}, "missing_lines": [], "excluded_lines": [], "start_line": 1}}, "classes": {"": {"executed_lines": [14, 16, 17, 18, 19, 21, 22, 24, 25, 32, 35, 41, 42, 43, 44, 45, 46, 53, 55, 56, 57, 58, 66, 67, 68, 69, 70, 71, 72, 79, 86, 89, 91, 93, 102, 103, 106, 109, 110, 113, 114, 115, 116, 124, 125, 126, 129, 130, 131, 132, 133, 137, 143, 144, 147, 152, 154, 155, 156, 157, 158, 159, 161, 166, 167, 168, 170, 173, 174, 175, 177, 186, 194, 195, 197, 200, 202, 204, 205, 207, 208, 209, 211, 215, 216, 217, 219], "summary": {"covered_lines": 87, "num_statements": 97, "percent_covered": 89.69072164948453, "percent_covered_display": "90", "missing_lines": 10, "excluded_lines": 0, "percent_statements_covered": 89.69072164948453, "percent_statements_covered_display": "90"}, "missing_lines": [95, 96, 97, 99, 127, 128, 134, 135, 171, 196], "excluded_lines": [], "start_line": 1}}}, "src/alfred/tools/reference_doc_validator.py": {"executed_lines": [2, 4, 5, 6, 7, 9, 11, 13, 14, 15, 16, 17, 18, 19, 20, 21, 22, 23, 27, 39, 40, 41, 42, 43, 44, 45, 46, 47, 50, 51, 52, 53, 54, 57, 58, 59, 60, 63, 66, 67, 70, 71, 72, 73, 76, 77, 82, 83, 84, 85, 88, 90, 91, 92, 93, 96, 97, 98, 101, 102, 103, 106, 112, 113, 114, 120, 122, 127, 132, 133, 134, 136, 137, 138, 139, 140, 141, 142, 143, 144, 146, 158, 163, 164, 165, 174, 175, 184, 185, 195, 196, 201, 202, 203, 204, 212, 229, 234, 244, 247, 253, 254, 257, 258, 259, 260, 261, 262, 263, 265, 266, 267, 268, 269, 270, 271, 279, 282, 294, 297, 298, 299, 301, 302, 303, 307, 308, 311], "summary": {"covered_lines": 128, "num_statements": 141, "percent_covered": 90.78014184397163, "percent_covered_display": "91", "missing_lines": 13, "excluded_lines": 0, "percent_statements_covered": 90.78014184397163, "percent_statements_covered_display": "91"}, "missing_lines": [61, 62, 74, 95, 186, 217, 235, 255, 264, 295, 304, 305, 309], "excluded_lines": [], "functions": {"_resolve_doc_path": {"executed_lines": [58, 59, 60, 63], "summary": {"covered_lines": 4, "num_statements": 6, "percent_covered": 66.66666666666667, "percent_covered_display": "67", "missing_lines": 2, "excluded_lines": 0, "percent_statements_covered": 66.66666666666667, "percent_statements_covered_display": "67"}, "missing_lines": [61, 62], "excluded_lines": [], "start_line": 57}, "_is_handover_doc": {"executed_lines": [67], "summary": {"covered_lines": 1, "num_statements": 1, "percent_covered": 100.0, "percent_covered_display": "100", "missing_lines": 0, "excluded_lines": 0, "percent_statements_covered": 100.0, "percent_statements_covered_display": "100"}, "missing_lines": [], "excluded_lines": [], "start_line": 66}, "_normalise_doc_link_path": {"executed_lines": [71, 72, 73, 76, 77, 82, 83, 84, 85], "summary": {"covered_lines": 9, "num_statements": 10, "percent_covered": 90.0, "percent_covered_display": "90", "missing_lines": 1, "excluded_lines": 0, "percent_statements_covered": 90.0, "percent_statements_covered_display": "90"}, "missing_lines": [74], "excluded_lines": [], "start_line": 70}, "_find_sentence": {"executed_lines": [90, 91, 92, 93, 96, 97, 98], "summary": {"covered_lines": 7, "num_statements": 8, "percent_covered": 87.5, "percent_covered_display": "88", "missing_lines": 1, "excluded_lines": 0, "percent_statements_covered": 87.5, "percent_statements_covered_display": "88"}, "missing_lines": [95], "excluded_lines": [], "start_line": 88}, "_link_is_deferred_or_optional": {"executed_lines": [102, 103], "summary": {"covered_lines": 2, "num_statements": 2, "percent_covered": 100.0, "percent_covered_display": "100", "missing_lines": 0, "excluded_lines": 0, "percent_statements_covered": 100.0, "percent_statements_covered_display": "100"}, "missing_lines": [], "excluded_lines": [], "start_line": 101}, "path_has_future_tag": {"executed_lines": [112, 113, 114], "summary": {"covered_lines": 3, "num_statements": 3, "percent_covered": 100.0, "percent_covered_display": "100", "missing_lines": 0, "excluded_lines": 0, "percent_statements_covered": 100.0, "percent_statements_covered_display": "100"}, "missing_lines": [], "excluded_lines": [], "start_line": 106}, "link_is_inventory_exempt": {"executed_lines": [122], "summary": {"covered_lines": 1, "num_statements": 1, "percent_covered": 100.0, "percent_covered_display": "100", "missing_lines": 0, "excluded_lines": 0, "percent_statements_covered": 100.0, "percent_statements_covered_display": "100"}, "missing_lines": [], "excluded_lines": [], "start_line": 120}, "extract_reference_doc_metadata": {"executed_lines": [132, 133, 134, 136, 137, 138, 139, 140, 141, 142, 143, 144, 146], "summary": {"covered_lines": 13, "num_statements": 13, "percent_covered": 100.0, "percent_covered_display": "100", "missing_lines": 0, "excluded_lines": 0, "percent_statements_covered": 100.0, "percent_statements_covered_display": "100"}, "missing_lines": [], "excluded_lines": [], "start_line": 127}, "validate_reference_doc_structure": {"executed_lines": [163, 164, 165, 174, 175, 184, 185, 195, 196, 201, 202, 203, 204, 212, 229, 234, 244], "summary": {"covered_lines": 17, "num_statements": 20, "percent_covered": 85.0, "percent_covered_display": "85", "missing_lines": 3, "excluded_lines": 0, "percent_statements_covered": 85.0, "percent_statements_covered_display": "85"}, "missing_lines": [186, 217, 235], "excluded_lines": [], "start_line": 158}, "validate_reference_doc_cross_links": {"executed_lines": [253, 254, 257, 258, 259, 260, 261, 262, 263, 265, 266, 267, 268, 269, 270, 271, 279], "summary": {"covered_lines": 17, "num_statements": 19, "percent_covered": 89.47368421052632, "percent_covered_display": "89", "missing_lines": 2, "excluded_lines": 0, "percent_statements_covered": 89.47368421052632, "percent_statements_covered_display": "89"}, "missing_lines": [255, 264], "excluded_lines": [], "start_line": 247}, "validate_reference_doc_freshness": {"executed_lines": [294, 297, 298, 299, 301, 302, 303, 307, 308, 311], "summary": {"covered_lines": 10, "num_statements": 14, "percent_covered": 71.42857142857143, "percent_covered_display": "71", "missing_lines": 4, "excluded_lines": 0, "percent_statements_covered": 71.42857142857143, "percent_statements_covered_display": "71"}, "missing_lines": [295, 304, 305, 309], "excluded_lines": [], "start_line": 282}, "": {"executed_lines": [2, 4, 5, 6, 7, 9, 11, 13, 14, 15, 16, 17, 18, 19, 20, 21, 22, 23, 27, 39, 40, 41, 42, 43, 44, 45, 46, 47, 50, 51, 52, 53, 54, 57, 66, 70, 88, 101, 106, 120, 127, 158, 247, 282], "summary": {"covered_lines": 44, "num_statements": 44, "percent_covered": 100.0, "percent_covered_display": "100", "missing_lines": 0, "excluded_lines": 0, "percent_statements_covered": 100.0, "percent_statements_covered_display": "100"}, "missing_lines": [], "excluded_lines": [], "start_line": 1}}, "classes": {"ReferenceDocMetadata": {"executed_lines": [], "summary": {"covered_lines": 0, "num_statements": 0, "percent_covered": 100.0, "percent_covered_display": "100", "missing_lines": 0, "excluded_lines": 0, "percent_statements_covered": 100.0, "percent_statements_covered_display": "100"}, "missing_lines": [], "excluded_lines": [], "start_line": 39}, "ReferenceDocIssue": {"executed_lines": [], "summary": {"covered_lines": 0, "num_statements": 0, "percent_covered": 100.0, "percent_covered_display": "100", "missing_lines": 0, "excluded_lines": 0, "percent_statements_covered": 100.0, "percent_statements_covered_display": "100"}, "missing_lines": [], "excluded_lines": [], "start_line": 50}, "": {"executed_lines": [2, 4, 5, 6, 7, 9, 11, 13, 14, 15, 16, 17, 18, 19, 20, 21, 22, 23, 27, 39, 40, 41, 42, 43, 44, 45, 46, 47, 50, 51, 52, 53, 54, 57, 58, 59, 60, 63, 66, 67, 70, 71, 72, 73, 76, 77, 82, 83, 84, 85, 88, 90, 91, 92, 93, 96, 97, 98, 101, 102, 103, 106, 112, 113, 114, 120, 122, 127, 132, 133, 134, 136, 137, 138, 139, 140, 141, 142, 143, 144, 146, 158, 163, 164, 165, 174, 175, 184, 185, 195, 196, 201, 202, 203, 204, 212, 229, 234, 244, 247, 253, 254, 257, 258, 259, 260, 261, 262, 263, 265, 266, 267, 268, 269, 270, 271, 279, 282, 294, 297, 298, 299, 301, 302, 303, 307, 308, 311], "summary": {"covered_lines": 128, "num_statements": 141, "percent_covered": 90.78014184397163, "percent_covered_display": "91", "missing_lines": 13, "excluded_lines": 0, "percent_statements_covered": 90.78014184397163, "percent_statements_covered_display": "91"}, "missing_lines": [61, 62, 74, 95, 186, 217, 235, 255, 264, 295, 304, 305, 309], "excluded_lines": [], "start_line": 1}}}, "src/alfred/tools/repo_facts.py": {"executed_lines": [14, 16, 17, 18, 20, 27, 29, 32, 35, 39, 41, 42, 43, 44, 45, 46, 49, 51, 52, 53, 55, 56, 59, 66, 67, 68, 69, 70, 71, 72, 73, 74, 75, 76, 77, 78, 81, 85, 86, 97, 104, 105, 106, 107, 108, 109, 113, 116, 123, 124, 125, 126, 133, 134, 135, 136, 137, 138, 139, 142, 152, 154, 155, 156, 157, 160, 162, 165, 167, 168, 171, 173, 174, 175, 182, 184, 187, 208, 209, 210, 211, 218, 219, 220, 222, 223, 224, 225, 226, 227, 228, 229, 232, 245, 246, 247, 249, 250, 269, 271, 272, 273, 275, 276, 294, 295, 296, 297, 298, 300, 316, 332, 349, 350, 351, 352, 353, 357, 358, 359, 382, 385, 392, 393, 394, 395, 396, 397, 398, 399, 400, 401, 403, 404, 407, 410, 413, 414, 415, 416, 417, 420, 427, 431, 437, 441, 442, 443, 444, 445, 448, 453, 454, 455, 458, 459, 460, 461, 462, 463, 467], "summary": {"covered_lines": 161, "num_statements": 169, "percent_covered": 95.26627218934911, "percent_covered_display": "95", "missing_lines": 8, "excluded_lines": 0, "percent_statements_covered": 95.26627218934911, "percent_statements_covered_display": "95"}, "missing_lines": [36, 54, 194, 195, 196, 221, 248, 419], "excluded_lines": [], "functions": {"_src_dir": {"executed_lines": [], "summary": {"covered_lines": 0, "num_statements": 1, "percent_covered": 0.0, "percent_covered_display": "0", "missing_lines": 1, "excluded_lines": 0, "percent_statements_covered": 0.0, "percent_statements_covered_display": "0"}, "missing_lines": [36], "excluded_lines": [], "start_line": 35}, "read_agent_modules": {"executed_lines": [41, 42, 43, 44, 45, 46], "summary": {"covered_lines": 6, "num_statements": 6, "percent_covered": 100.0, "percent_covered_display": "100", "missing_lines": 0, "excluded_lines": 0, "percent_statements_covered": 100.0, "percent_statements_covered_display": "100"}, "missing_lines": [], "excluded_lines": [], "start_line": 39}, "read_tool_modules": {"executed_lines": [51, 52, 53, 55, 56], "summary": {"covered_lines": 5, "num_statements": 6, "percent_covered": 83.33333333333333, "percent_covered_display": "83", "missing_lines": 1, "excluded_lines": 0, "percent_statements_covered": 83.33333333333333, "percent_statements_covered_display": "83"}, "missing_lines": [54], "excluded_lines": [], "start_line": 49}, "read_top_level_packages": {"executed_lines": [66, 67, 68, 69, 70, 71, 72, 73, 74, 75, 76, 77, 78], "summary": {"covered_lines": 13, "num_statements": 13, "percent_covered": 100.0, "percent_covered_display": "100", "missing_lines": 0, "excluded_lines": 0, "percent_statements_covered": 100.0, "percent_statements_covered_display": "100"}, "missing_lines": [], "excluded_lines": [], "start_line": 59}, "read_api_surface": {"executed_lines": [104, 105, 106, 107, 108, 109, 113], "summary": {"covered_lines": 7, "num_statements": 7, "percent_covered": 100.0, "percent_covered_display": "100", "missing_lines": 0, "excluded_lines": 0, "percent_statements_covered": 100.0, "percent_statements_covered_display": "100"}, "missing_lines": [], "excluded_lines": [], "start_line": 97}, "read_packaging_state": {"executed_lines": [123, 124, 125, 126, 133, 134, 135, 136, 137, 138, 139, 142], "summary": {"covered_lines": 12, "num_statements": 12, "percent_covered": 100.0, "percent_covered_display": "100", "missing_lines": 0, "excluded_lines": 0, "percent_statements_covered": 100.0, "percent_statements_covered_display": "100"}, "missing_lines": [], "excluded_lines": [], "start_line": 116}, "read_type_checkers": {"executed_lines": [154, 155, 156, 157], "summary": {"covered_lines": 4, "num_statements": 4, "percent_covered": 100.0, "percent_covered_display": "100", "missing_lines": 0, "excluded_lines": 0, "percent_statements_covered": 100.0, "percent_statements_covered_display": "100"}, "missing_lines": [], "excluded_lines": [], "start_line": 152}, "read_supported_type_checkers": {"executed_lines": [162], "summary": {"covered_lines": 1, "num_statements": 1, "percent_covered": 100.0, "percent_covered_display": "100", "missing_lines": 0, "excluded_lines": 0, "percent_statements_covered": 100.0, "percent_statements_covered_display": "100"}, "missing_lines": [], "excluded_lines": [], "start_line": 160}, "read_reference_documents": {"executed_lines": [167, 168], "summary": {"covered_lines": 2, "num_statements": 2, "percent_covered": 100.0, "percent_covered_display": "100", "missing_lines": 0, "excluded_lines": 0, "percent_statements_covered": 100.0, "percent_statements_covered_display": "100"}, "missing_lines": [], "excluded_lines": [], "start_line": 165}, "read_docs_governance_state": {"executed_lines": [173, 174, 175], "summary": {"covered_lines": 3, "num_statements": 3, "percent_covered": 100.0, "percent_covered_display": "100", "missing_lines": 0, "excluded_lines": 0, "percent_statements_covered": 100.0, "percent_statements_covered_display": "100"}, "missing_lines": [], "excluded_lines": [], "start_line": 171}, "read_repo_growth_facts": {"executed_lines": [184], "summary": {"covered_lines": 1, "num_statements": 1, "percent_covered": 100.0, "percent_covered_display": "100", "missing_lines": 0, "excluded_lines": 0, "percent_statements_covered": 100.0, "percent_statements_covered_display": "100"}, "missing_lines": [], "excluded_lines": [], "start_line": 182}, "read_repo_conventions": {"executed_lines": [], "summary": {"covered_lines": 0, "num_statements": 3, "percent_covered": 0.0, "percent_covered_display": "0", "missing_lines": 3, "excluded_lines": 0, "percent_statements_covered": 0.0, "percent_statements_covered_display": "0"}, "missing_lines": [194, 195, 196], "excluded_lines": [], "start_line": 187}, "_latest_handover_doc": {"executed_lines": [209, 210, 211, 218, 219, 220, 222, 223, 224, 225, 226, 227, 228, 229], "summary": {"covered_lines": 14, "num_statements": 15, "percent_covered": 93.33333333333333, "percent_covered_display": "93", "missing_lines": 1, "excluded_lines": 0, "percent_statements_covered": 93.33333333333333, "percent_statements_covered_display": "93"}, "missing_lines": [221], "excluded_lines": [], "start_line": 208}, "_add_declared_path_state": {"executed_lines": [245, 246, 247, 249, 250], "summary": {"covered_lines": 5, "num_statements": 6, "percent_covered": 83.33333333333333, "percent_covered_display": "83", "missing_lines": 1, "excluded_lines": 0, "percent_statements_covered": 83.33333333333333, "percent_statements_covered_display": "83"}, "missing_lines": [248], "excluded_lines": [], "start_line": 232}, "read_partial_state_facts": {"executed_lines": [271, 272, 273, 275, 276, 294, 295, 296, 297, 298, 300, 316, 332, 349, 350, 351, 352, 353, 357, 358, 359, 382], "summary": {"covered_lines": 22, "num_statements": 22, "percent_covered": 100.0, "percent_covered_display": "100", "missing_lines": 0, "excluded_lines": 0, "percent_statements_covered": 100.0, "percent_statements_covered_display": "100"}, "missing_lines": [], "excluded_lines": [], "start_line": 269}, "build_repo_facts_summary": {"executed_lines": [392, 393, 394, 395, 396, 397, 398, 399, 400, 401, 403, 404, 407, 410, 413, 414, 415, 416, 417, 420, 427, 431, 437, 441, 442, 443, 444, 445, 448, 453, 454, 455, 458, 459, 460, 461, 462, 463, 467], "summary": {"covered_lines": 39, "num_statements": 40, "percent_covered": 97.5, "percent_covered_display": "98", "missing_lines": 1, "excluded_lines": 0, "percent_statements_covered": 97.5, "percent_statements_covered_display": "98"}, "missing_lines": [419], "excluded_lines": [], "start_line": 385}, "": {"executed_lines": [14, 16, 17, 18, 20, 27, 29, 32, 35, 39, 49, 59, 81, 85, 86, 97, 116, 152, 160, 165, 171, 182, 187, 208, 232, 269, 385], "summary": {"covered_lines": 27, "num_statements": 27, "percent_covered": 100.0, "percent_covered_display": "100", "missing_lines": 0, "excluded_lines": 0, "percent_statements_covered": 100.0, "percent_statements_covered_display": "100"}, "missing_lines": [], "excluded_lines": [], "start_line": 1}}, "classes": {"": {"executed_lines": [14, 16, 17, 18, 20, 27, 29, 32, 35, 39, 41, 42, 43, 44, 45, 46, 49, 51, 52, 53, 55, 56, 59, 66, 67, 68, 69, 70, 71, 72, 73, 74, 75, 76, 77, 78, 81, 85, 86, 97, 104, 105, 106, 107, 108, 109, 113, 116, 123, 124, 125, 126, 133, 134, 135, 136, 137, 138, 139, 142, 152, 154, 155, 156, 157, 160, 162, 165, 167, 168, 171, 173, 174, 175, 182, 184, 187, 208, 209, 210, 211, 218, 219, 220, 222, 223, 224, 225, 226, 227, 228, 229, 232, 245, 246, 247, 249, 250, 269, 271, 272, 273, 275, 276, 294, 295, 296, 297, 298, 300, 316, 332, 349, 350, 351, 352, 353, 357, 358, 359, 382, 385, 392, 393, 394, 395, 396, 397, 398, 399, 400, 401, 403, 404, 407, 410, 413, 414, 415, 416, 417, 420, 427, 431, 437, 441, 442, 443, 444, 445, 448, 453, 454, 455, 458, 459, 460, 461, 462, 463, 467], "summary": {"covered_lines": 161, "num_statements": 169, "percent_covered": 95.26627218934911, "percent_covered_display": "95", "missing_lines": 8, "excluded_lines": 0, "percent_statements_covered": 95.26627218934911, "percent_statements_covered_display": "95"}, "missing_lines": [36, 54, 194, 195, 196, 221, 248, 419], "excluded_lines": [], "start_line": 1}}}}, "totals": {"covered_lines": 2810, "num_statements": 3269, "percent_covered": 85.95900887121444, "percent_covered_display": "86", "missing_lines": 459, "excluded_lines": 3, "percent_statements_covered": 85.95900887121444, "percent_statements_covered_display": "86"}}